Updating process to run ParticleNet before it's included in MiniAOD
Updating process to run DeepDoubleXv2 on datasets before 11X
Will recalculate the following discriminators on AK8 jets: pfParticleNetJetTags:probTbcq, pfParticleNetJetTags:probTbqq, pfParticleNetJetTags:probTbc, pfParticleNetJetTags:probTbq, pfParticleNetJetTags:probTbel, pfParticleNetJetTags:probTbmu, pfParticleNetJetTags:probTbta, pfParticleNetJetTags:probWcq, pfParticleNetJetTags:probWqq, pfParticleNetJetTags:probZbb, pfParticleNetJetTags:probZcc, pfParticleNetJetTags:probZqq, pfParticleNetJetTags:probHbb, pfParticleNetJetTags:probHcc, pfParticleNetJetTags:probHqqqq, pfParticleNetJetTags:probQCDbb, pfParticleNetJetTags:probQCDcc, pfParticleNetJetTags:probQCDb, pfParticleNetJetTags:probQCDc, pfParticleNetJetTags:probQCDothers, pfParticleNetDiscriminatorsJetTags:TvsQCD, pfParticleNetDiscriminatorsJetTags:WvsQCD, pfParticleNetDiscriminatorsJetTags:ZvsQCD, pfParticleNetDiscriminatorsJetTags:ZbbvsQCD, pfParticleNetDiscriminatorsJetTags:HbbvsQCD, pfParticleNetDiscriminatorsJetTags:HccvsQCD, pfParticleNetDiscriminatorsJetTags:H4qvsQCD, pfMassDecorrelatedParticleNetJetTags:probXbb, pfMassDecorrelatedParticleNetJetTags:probXcc, pfMassDecorrelatedParticleNetJetTags:probXqq, pfMassDecorrelatedParticleNetJetTags:probQCDbb, pfMassDecorrelatedParticleNetJetTags:probQCDcc, pfMassDecorrelatedParticleNetJetTags:probQCDb, pfMassDecorrelatedParticleNetJetTags:probQCDc, pfMassDecorrelatedParticleNetJetTags:probQCDothers, pfMassDecorrelatedParticleNetDiscriminatorsJetTags:XbbvsQCD, pfMassDecorrelatedParticleNetDiscriminatorsJetTags:XccvsQCD, pfMassDecorrelatedParticleNetDiscriminatorsJetTags:XqqvsQCD, pfMassIndependentDeepDoubleBvLV2JetTags:probHbb, pfMassIndependentDeepDoubleCvLV2JetTags:probHcc, pfMassIndependentDeepDoubleCvBV2JetTags:probHcc
add DeepMET Producers
DEBUG 2022-02-02 23:50:37.433 UTC: 	 CRAB Client version: v3.211130
DEBUG 2022-02-02 23:50:37.433 UTC: 	 Running on: Linux cmslpc156.fnal.gov 3.10.0-1160.53.1.el7.x86_64 #1 SMP Tue Jan 11 08:25:52 CST 2022 x86_64 x86_64 x86_64 GNU/Linux - Scientific Linux 7.9 (Nitrogen)
DEBUG 2022-02-02 23:50:37.433 UTC: 	 Executing command: 'submit'
DEBUG 2022-02-02 23:50:37.433 UTC: 	 Found CRAB cache file /uscms/home/srosenzw/.crab3
INFO 2022-02-02 23:50:37.434 UTC: 	 Will use CRAB configuration file crabConfig.py
DEBUG 2022-02-02 23:50:37.434 UTC: 	 Loading CRAB configuration file.
DEBUG 2022-02-02 23:50:37.437 UTC: 	 Will use CRAB PrivateMC plugin (i.e. will run a MC generation job type).
DEBUG 2022-02-02 23:50:37.465 UTC: 	 Checking credentials
DEBUG 2022-02-02 23:50:37.465 UTC: 	 Found proxy file /uscms/home/srosenzw/x509up_u56140
DEBUG 2022-02-02 23:50:37.465 UTC: 	 Getting proxy life time left
DEBUG 2022-02-02 23:50:37.465 UTC: 	 Executing command :
 voms-proxy-info --actimeleft --timeleft --file /uscms/home/srosenzw/x509up_u56140
DEBUG 2022-02-02 23:50:37.495 UTC: 	 output : 691042
691042

 error: 
 retcode : 0
DEBUG 2022-02-02 23:50:37.495 UTC: 	 Proxy valid for 191:57:22 hours
DEBUG 2022-02-02 23:50:37.538 UTC: 	 Encoded data for curl request: subresource=delegatedn
DEBUG 2022-02-02 23:50:37.539 UTC: 	 Executing command :
 curl -v -X GET -H "User-Agent: CRABClient/v3.211130" -H "Accept: */*" --data @/tmp/curlData8oR168 --cert "/uscms/home/srosenzw/x509up_u56140" --key "/uscms/home/srosenzw/x509up_u56140" --capath "/etc/grid-security/certificates/" "https://cmsweb.cern.ch:8443/crabserver/prod/info?subresource=delegatedn" | tee /dev/stderr 
DEBUG 2022-02-02 23:50:38.162 UTC: 	 output : {"result": [
 {"services": ["/DC=ch/DC=cern/OU=computers/CN=crab-(preprod|prod|dev)-tw(02|01).cern.ch|/DC=ch/DC=cern/OU=computers/CN=stefanov(m|m2).cern.ch|/DC=ch/DC=cern/OU=computers/CN=dciangot-tw.cern.ch"]}
]}

 error:   % Total    % Received % Xferd  Average Speed   Time    Time     Time  Current
                                 Dload  Upload   Total   Spent    Left  Speed
  0     0    0     0    0     0      0      0 --:--:-- --:--:-- --:--:--     0*   Trying 188.184.97.219...
* TCP_NODELAY set
* Connected to cmsweb.cern.ch (188.184.97.219) port 8443 (#0)
* ALPN, offering http/1.1
* Cipher selection: ALL:!EXPORT:!EXPORT40:!EXPORT56:!aNULL:!LOW:!RC4:@STRENGTH
* successfully set certificate verify locations:
  CAfile: /etc/pki/tls/certs/ca-bundle.crt
  CApath: /etc/grid-security/certificates/
* TLSv1.2 (OUT), TLS header, Certificate Status (22):
} [5 bytes data]
* TLSv1.2 (OUT), TLS handshake, Client hello (1):
} [512 bytes data]
* TLSv1.2 (IN), TLS handshake, Server hello (2):
{ [109 bytes data]
* TLSv1.2 (IN), TLS handshake, Certificate (11):
{ [6224 bytes data]
* TLSv1.2 (IN), TLS handshake, Server key exchange (12):
{ [333 bytes data]
* TLSv1.2 (IN), TLS handshake, Request CERT (13):
{ [13495 bytes data]
* TLSv1.2 (IN), TLS handshake, Server finished (14):
{ [4 bytes data]
* TLSv1.2 (OUT), TLS handshake, Certificate (11):
} [6115 bytes data]
* TLSv1.2 (OUT), TLS handshake, Client key exchange (16):
} [70 bytes data]
* TLSv1.2 (OUT), TLS handshake, CERT verify (15):
} [136 bytes data]
* TLSv1.2 (OUT), TLS change cipher, Client hello (1):
} [1 bytes data]
* TLSv1.2 (OUT), TLS handshake, Finished (20):
} [16 bytes data]
* TLSv1.2 (IN), TLS change cipher, Client hello (1):
{ [1 bytes data]
* TLSv1.2 (IN), TLS handshake, Finished (20):
{ [16 bytes data]
* SSL connection using TLSv1.2 / ECDHE-RSA-AES128-GCM-SHA256
* ALPN, server accepted to use http/1.1
* Server certificate:
*  subject: DC=ch; DC=cern; OU=computers; CN=cmsweb.cern.ch
*  start date: Feb  2 08:08:53 2021 GMT
*  expire date: Mar  9 08:08:53 2022 GMT
*  subjectAltName: host "cmsweb.cern.ch" matched cert's "cmsweb.cern.ch"
*  issuer: DC=ch; DC=cern; CN=CERN Grid Certification Authority
*  SSL certificate verify ok.
} [5 bytes data]
> GET /crabserver/prod/info?subresource=delegatedn HTTP/1.1
> Host: cmsweb.cern.ch:8443
> User-Agent: CRABClient/v3.211130
> Accept: */*
> Content-Length: 22
> Content-Type: application/x-www-form-urlencoded
> 
} [22 bytes data]
* upload completely sent off: 22 out of 22 bytes
{ [5 bytes data]
< HTTP/1.1 200 OK
< Date: Wed, 02 Feb 2022 23:50:38 GMT
< Server: nginx/1.17.10
< Content-Type: application/json
< Content-Length: 213
< Vary: Accept
< Cache-Control: max-age=3600
< X-Rest-Status: 100
< Etag: "de92dcb56f87dabbe30965e60a433c3f1b873eab"
< X-Rest-Time: 10425.329 us
< CMS-Server-Time: D=75905 t=1643845838031687
< 
{ [5 bytes data]
100   235  100   213  100    22    352     36 --:--:-- --:--:-- --:--:--   388
* Connection #0 to host cmsweb.cern.ch left intact
{"result": [
 {"services": ["/DC=ch/DC=cern/OU=computers/CN=crab-(preprod|prod|dev)-tw(02|01).cern.ch|/DC=ch/DC=cern/OU=computers/CN=stefanov(m|m2).cern.ch|/DC=ch/DC=cern/OU=computers/CN=dciangot-tw.cern.ch"]}
]}

 retcode : 0
DEBUG 2022-02-02 23:50:38.162 UTC: 	 Registering user credentials on myproxy for /DC=ch/DC=cern/OU=computers/CN=crab-(preprod|prod|dev)-tw(02|01).cern.ch|/DC=ch/DC=cern/OU=computers/CN=stefanov(m|m2).cern.ch|/DC=ch/DC=cern/OU=computers/CN=dciangot-tw.cern.ch
DEBUG 2022-02-02 23:50:38.162 UTC: 	 Executing command :
 voms-proxy-info --identity --file /uscms/home/srosenzw/x509up_u56140
DEBUG 2022-02-02 23:50:38.189 UTC: 	 output : /DC=ch/DC=cern/OU=Organic Units/OU=Users/CN=srosenzw/CN=821753/CN=Suzanne Rosenzweig

 error: 
 retcode : 0
DEBUG 2022-02-02 23:50:38.190 UTC: 	 Getting myproxy life time left for 60ee80196627500d7a5aa5d9c723db8790c95cf4
DEBUG 2022-02-02 23:50:38.190 UTC: 	 Executing command :
 myproxy-info -s myproxy.cern.ch -l 60ee80196627500d7a5aa5d9c723db8790c95cf4
DEBUG 2022-02-02 23:50:39.086 UTC: 	 output : username: 60ee80196627500d7a5aa5d9c723db8790c95cf4
owner: /DC=ch/DC=cern/OU=Organic Units/OU=Users/CN=srosenzw/CN=821753/CN=Suzanne Rosenzweig
  renewal policy: /DC=ch/DC=cern/OU=computers/CN=crab-(preprod|prod|dev)-tw(02|01).cern.ch|/DC=ch/DC=cern/OU=computers/CN=stefanov(m|m2).cern.ch|/DC=ch/DC=cern/OU=computers/CN=dciangot-tw.cern.ch
  trusted retrieval policy: /DC=ch/DC=cern/OU=computers/CN=crab-(preprod|prod|dev)-tw(02|01).cern.ch|/DC=ch/DC=cern/OU=computers/CN=stefanov(m|m2).cern.ch|/DC=ch/DC=cern/OU=computers/CN=dciangot-tw.cern.ch
  timeleft: 719:57:39  (30.0 days)

 error: 
 retcode : 0
DEBUG 2022-02-02 23:50:39.087 UTC: 	 Myproxy is valid: 2591820
DEBUG 2022-02-02 23:50:39.087 UTC: 	 Result of myproxy credential check:
  Credential exists on myproxy: username: 60ee80196627500d7a5aa5d9c723db8790c95cf4  - validity: 29 days, 23:57:00
DEBUG 2022-02-02 23:50:39.087 UTC: 	 Command use: submit
DEBUG 2022-02-02 23:50:39.087 UTC: 	 Options use: ['-c', 'crabConfig.py']
DEBUG 2022-02-02 23:50:39.087 UTC: 	 Encoded data for curl request: subresource=version
DEBUG 2022-02-02 23:50:39.087 UTC: 	 Executing command :
 curl -v -X GET -H "User-Agent: CRABClient/v3.211130" -H "Accept: */*" --data @/tmp/curlDataNunVp2 --cert "/uscms/home/srosenzw/x509up_u56140" --key "/uscms/home/srosenzw/x509up_u56140" --capath "/etc/grid-security/certificates/" "https://cmsweb.cern.ch:8443/crabserver/prod/info?subresource=version" | tee /dev/stderr 
DEBUG 2022-02-02 23:50:39.649 UTC: 	 output : {"result": [
 ["3.3.19", "3.3.20", "v3", "development", "py3.220124"]
]}

 error:   % Total    % Received % Xferd  Average Speed   Time    Time     Time  Current
                                 Dload  Upload   Total   Spent    Left  Speed
  0     0    0     0    0     0      0      0 --:--:-- --:--:-- --:--:--     0*   Trying 188.184.75.95...
* TCP_NODELAY set
* Connected to cmsweb.cern.ch (188.184.75.95) port 8443 (#0)
* ALPN, offering http/1.1
* Cipher selection: ALL:!EXPORT:!EXPORT40:!EXPORT56:!aNULL:!LOW:!RC4:@STRENGTH
* successfully set certificate verify locations:
  CAfile: /etc/pki/tls/certs/ca-bundle.crt
  CApath: /etc/grid-security/certificates/
* TLSv1.2 (OUT), TLS header, Certificate Status (22):
} [5 bytes data]
* TLSv1.2 (OUT), TLS handshake, Client hello (1):
} [512 bytes data]
  0     0    0     0    0     0      0      0 --:--:-- --:--:-- --:--:--     0* TLSv1.2 (IN), TLS handshake, Server hello (2):
{ [109 bytes data]
* TLSv1.2 (IN), TLS handshake, Certificate (11):
{ [6224 bytes data]
* TLSv1.2 (IN), TLS handshake, Server key exchange (12):
{ [333 bytes data]
* TLSv1.2 (IN), TLS handshake, Request CERT (13):
{ [13495 bytes data]
* TLSv1.2 (IN), TLS handshake, Server finished (14):
{ [4 bytes data]
* TLSv1.2 (OUT), TLS handshake, Certificate (11):
} [6115 bytes data]
* TLSv1.2 (OUT), TLS handshake, Client key exchange (16):
} [70 bytes data]
* TLSv1.2 (OUT), TLS handshake, CERT verify (15):
} [136 bytes data]
* TLSv1.2 (OUT), TLS change cipher, Client hello (1):
} [1 bytes data]
* TLSv1.2 (OUT), TLS handshake, Finished (20):
} [16 bytes data]
* TLSv1.2 (IN), TLS change cipher, Client hello (1):
{ [1 bytes data]
* TLSv1.2 (IN), TLS handshake, Finished (20):
{ [16 bytes data]
* SSL connection using TLSv1.2 / ECDHE-RSA-AES128-GCM-SHA256
* ALPN, server accepted to use http/1.1
* Server certificate:
*  subject: DC=ch; DC=cern; OU=computers; CN=cmsweb.cern.ch
*  start date: Feb  2 08:08:53 2021 GMT
*  expire date: Mar  9 08:08:53 2022 GMT
*  subjectAltName: host "cmsweb.cern.ch" matched cert's "cmsweb.cern.ch"
*  issuer: DC=ch; DC=cern; CN=CERN Grid Certification Authority
*  SSL certificate verify ok.
} [5 bytes data]
> GET /crabserver/prod/info?subresource=version HTTP/1.1
> Host: cmsweb.cern.ch:8443
> User-Agent: CRABClient/v3.211130
> Accept: */*
> Content-Length: 19
> Content-Type: application/x-www-form-urlencoded
> 
} [19 bytes data]
* upload completely sent off: 19 out of 19 bytes
{ [5 bytes data]
< HTTP/1.1 200 OK
< Date: Wed, 02 Feb 2022 23:50:39 GMT
< Server: nginx/1.17.10
< Content-Type: application/json
< Content-Length: 73
< Vary: Accept
< Cache-Control: max-age=3600
< X-Rest-Status: 100
< Etag: "3309a93c90cdb00bd297a532c9c67f645a0b4b24"
< X-Rest-Time: 1827.478 us
< CMS-Server-Time: D=10047 t=1643845839583309
< 
{ [5 bytes data]
100    92  100    73  100    19    134     34 --:--:-- --:--:-- --:--:--   168
* Connection #0 to host cmsweb.cern.ch left intact
{"result": [
 ["3.3.19", "3.3.20", "v3", "development", "py3.220124"]
]}

 retcode : 0
DEBUG 2022-02-02 23:50:39.649 UTC: 	 CRABClient version: v3.211130
DEBUG 2022-02-02 23:50:39.649 UTC: 	 Instance is prod
DEBUG 2022-02-02 23:50:39.649 UTC: 	 Server base url is cmsweb.cern.ch
DEBUG 2022-02-02 23:50:39.649 UTC: 	 Command api workflow
DEBUG 2022-02-02 23:50:39.649 UTC: 	 Started submission
DEBUG 2022-02-02 23:50:39.649 UTC: 	 Working on /uscms_data/d3/srosenzw/workarea/higgs/sixb_analysis/CMSSW_10_6_19_patch2/src/sixB/FullSim/Summer20UL18/Template/srosenzw_NMSSM_XYH_YToHH_6b_MX_1000_MY_300_sl7_nano_100k/crab_srosenzw_NMSSM_XYH_YToHH_6b_MX_1000_MY_300_sl7_nano_100k
DEBUG 2022-02-02 23:50:39.650 UTC: 	 Encoded data for curl request: subresource=backendurls
DEBUG 2022-02-02 23:50:39.650 UTC: 	 Executing command :
 curl -v -X GET -H "User-Agent: CRABClient/v3.211130" -H "Accept: */*" --data @/tmp/curlDatabO2515 --cert "/uscms/home/srosenzw/x509up_u56140" --key "/uscms/home/srosenzw/x509up_u56140" --capath "/etc/grid-security/certificates/" "https://cmsweb.cern.ch:8443/crabserver/prod/info?subresource=backendurls" | tee /dev/stderr 
DEBUG 2022-02-02 23:50:40.227 UTC: 	 output : {"result": [
 {"cacheSSL": "https://cmsweb.cern.ch/S3/crabcache_prod", "htcondorSchedds": {"crab3@vocms059.cern.ch": {"proxiedurl": "https://cmsweb.cern.ch:8443/scheddmon/059", "weightfactor": 0}, "crab3@vocms068.cern.ch": {"proxiedurl": "https://cmsweb.cern.ch:8443/scheddmon/068", "weightfactor": 1}, "crab3@vocms069.cern.ch": {"proxiedurl": "https://cmsweb.cern.ch:8443/scheddmon/069", "weightfactor": 1}, "crab3@vocms0106.cern.ch": {"proxiedurl": "https://cmsweb.cern.ch:8443/scheddmon/0106", "weightfactor": 1}, "crab3@vocms0107.cern.ch": {"proxiedurl": "https://cmsweb.cern.ch:8443/scheddmon/0107", "weightfactor": 1}, "crab3@vocms0119.cern.ch": {"proxiedurl": "https://cmsweb.cern.ch:8443/scheddmon/0119", "weightfactor": 1}, "crab3@vocms0120.cern.ch": {"proxiedurl": "https://cmsweb.cern.ch:8443/scheddmon/0120", "weightfactor": 1}, "crab3@vocms0121.cern.ch": {"proxiedurl": "https://cmsweb.cern.ch:8443/scheddmon/0121", "weightfactor": 1}, "crab3@vocms0122.cern.ch": {"proxiedurl": "https://cmsweb.cern.ch:8443/scheddmon/0122", "weightfactor": 1}, "crab3@vocms0137.cern.ch": {"proxiedurl": "https://cmsweb.cern.ch:8443/scheddmon/0137", "weightfactor": 1}, "crab3@vocms0144.cern.ch": {"proxiedurl": "https://cmsweb.cern.ch:8443/scheddmon/0144", "weightfactor": 1}, "crab3@vocms0155.cern.ch": {"proxiedurl": "https://cmsweb.cern.ch:8443/scheddmon/0155", "weightfactor": 1}, "crab3@vocms0194.cern.ch": {"proxiedurl": "https://cmsweb.cern.ch:8443/scheddmon/0194", "weightfactor": 1}, "crab3@vocms0195.cern.ch": {"proxiedurl": "https://cmsweb.cern.ch:8443/scheddmon/0195", "weightfactor": 1}, "crab3@vocms0196.cern.ch": {"proxiedurl": "https://cmsweb.cern.ch:8443/scheddmon/0196", "weightfactor": 1}, "crab3@vocms0197.cern.ch": {"proxiedurl": "https://cmsweb.cern.ch:8443/scheddmon/0197", "weightfactor": 1}, "crab3@vocms0198.cern.ch": {"proxiedurl": "https://cmsweb.cern.ch:8443/scheddmon/0198", "weightfactor": 1}, "crab3@vocms0199.cern.ch": {"proxiedurl": "https://cmsweb.cern.ch:8443/scheddmon/0199", "weightfactor": 1}}, "asoConfig": [{"couchURL": "https://cmsweb.cern.ch/crabserver/prod", "couchDBName": "filetransfers"}], "htcondorPool": "cmsgwms-collector-global.cern.ch:9620,cmsgwms-collector-global.fnal.gov:9620"}
]}

 error:   % Total    % Received % Xferd  Average Speed   Time    Time     Time  Current
                                 Dload  Upload   Total   Spent    Left  Speed
  0     0    0     0    0     0      0      0 --:--:-- --:--:-- --:--:--     0*   Trying 188.184.98.213...
* TCP_NODELAY set
* Connected to cmsweb.cern.ch (188.184.98.213) port 8443 (#0)
* ALPN, offering http/1.1
* Cipher selection: ALL:!EXPORT:!EXPORT40:!EXPORT56:!aNULL:!LOW:!RC4:@STRENGTH
* successfully set certificate verify locations:
  CAfile: /etc/pki/tls/certs/ca-bundle.crt
  CApath: /etc/grid-security/certificates/
* TLSv1.2 (OUT), TLS header, Certificate Status (22):
} [5 bytes data]
* TLSv1.2 (OUT), TLS handshake, Client hello (1):
} [512 bytes data]
* TLSv1.2 (IN), TLS handshake, Server hello (2):
{ [109 bytes data]
* TLSv1.2 (IN), TLS handshake, Certificate (11):
{ [6224 bytes data]
* TLSv1.2 (IN), TLS handshake, Server key exchange (12):
{ [333 bytes data]
* TLSv1.2 (IN), TLS handshake, Request CERT (13):
{ [13495 bytes data]
* TLSv1.2 (IN), TLS handshake, Server finished (14):
{ [4 bytes data]
* TLSv1.2 (OUT), TLS handshake, Certificate (11):
} [6115 bytes data]
* TLSv1.2 (OUT), TLS handshake, Client key exchange (16):
} [70 bytes data]
* TLSv1.2 (OUT), TLS handshake, CERT verify (15):
} [136 bytes data]
* TLSv1.2 (OUT), TLS change cipher, Client hello (1):
} [1 bytes data]
* TLSv1.2 (OUT), TLS handshake, Finished (20):
} [16 bytes data]
* TLSv1.2 (IN), TLS change cipher, Client hello (1):
{ [1 bytes data]
* TLSv1.2 (IN), TLS handshake, Finished (20):
{ [16 bytes data]
* SSL connection using TLSv1.2 / ECDHE-RSA-AES128-GCM-SHA256
* ALPN, server accepted to use http/1.1
* Server certificate:
*  subject: DC=ch; DC=cern; OU=computers; CN=cmsweb.cern.ch
*  start date: Feb  2 08:08:53 2021 GMT
*  expire date: Mar  9 08:08:53 2022 GMT
*  subjectAltName: host "cmsweb.cern.ch" matched cert's "cmsweb.cern.ch"
*  issuer: DC=ch; DC=cern; CN=CERN Grid Certification Authority
*  SSL certificate verify ok.
} [5 bytes data]
> GET /crabserver/prod/info?subresource=backendurls HTTP/1.1
> Host: cmsweb.cern.ch:8443
> User-Agent: CRABClient/v3.211130
> Accept: */*
> Content-Length: 23
> Content-Type: application/x-www-form-urlencoded
> 
} [23 bytes data]
* upload completely sent off: 23 out of 23 bytes
{ [5 bytes data]
< HTTP/1.1 200 OK
< Date: Wed, 02 Feb 2022 23:50:40 GMT
< Server: nginx/1.17.10
< Content-Type: application/json
< Content-Length: 2232
< Vary: Accept-Encoding,Accept
< Cache-Control: max-age=3600
< X-Rest-Status: 100
< Etag: "33581c872b594825cd6b153efac3e8632410185f"
< X-Rest-Time: 2912.998 us
< CMS-Server-Time: D=11490 t=1643845840163738
< 
{ [5 bytes data]
100  2255  100  2232  100    23   3957     40 --:--:-- --:--:-- --:--:--  3998
* Connection #0 to host cmsweb.cern.ch left intact
{"result": [
 {"cacheSSL": "https://cmsweb.cern.ch/S3/crabcache_prod", "htcondorSchedds": {"crab3@vocms059.cern.ch": {"proxiedurl": "https://cmsweb.cern.ch:8443/scheddmon/059", "weightfactor": 0}, "crab3@vocms068.cern.ch": {"proxiedurl": "https://cmsweb.cern.ch:8443/scheddmon/068", "weightfactor": 1}, "crab3@vocms069.cern.ch": {"proxiedurl": "https://cmsweb.cern.ch:8443/scheddmon/069", "weightfactor": 1}, "crab3@vocms0106.cern.ch": {"proxiedurl": "https://cmsweb.cern.ch:8443/scheddmon/0106", "weightfactor": 1}, "crab3@vocms0107.cern.ch": {"proxiedurl": "https://cmsweb.cern.ch:8443/scheddmon/0107", "weightfactor": 1}, "crab3@vocms0119.cern.ch": {"proxiedurl": "https://cmsweb.cern.ch:8443/scheddmon/0119", "weightfactor": 1}, "crab3@vocms0120.cern.ch": {"proxiedurl": "https://cmsweb.cern.ch:8443/scheddmon/0120", "weightfactor": 1}, "crab3@vocms0121.cern.ch": {"proxiedurl": "https://cmsweb.cern.ch:8443/scheddmon/0121", "weightfactor": 1}, "crab3@vocms0122.cern.ch": {"proxiedurl": "https://cmsweb.cern.ch:8443/scheddmon/0122", "weightfactor": 1}, "crab3@vocms0137.cern.ch": {"proxiedurl": "https://cmsweb.cern.ch:8443/scheddmon/0137", "weightfactor": 1}, "crab3@vocms0144.cern.ch": {"proxiedurl": "https://cmsweb.cern.ch:8443/scheddmon/0144", "weightfactor": 1}, "crab3@vocms0155.cern.ch": {"proxiedurl": "https://cmsweb.cern.ch:8443/scheddmon/0155", "weightfactor": 1}, "crab3@vocms0194.cern.ch": {"proxiedurl": "https://cmsweb.cern.ch:8443/scheddmon/0194", "weightfactor": 1}, "crab3@vocms0195.cern.ch": {"proxiedurl": "https://cmsweb.cern.ch:8443/scheddmon/0195", "weightfactor": 1}, "crab3@vocms0196.cern.ch": {"proxiedurl": "https://cmsweb.cern.ch:8443/scheddmon/0196", "weightfactor": 1}, "crab3@vocms0197.cern.ch": {"proxiedurl": "https://cmsweb.cern.ch:8443/scheddmon/0197", "weightfactor": 1}, "crab3@vocms0198.cern.ch": {"proxiedurl": "https://cmsweb.cern.ch:8443/scheddmon/0198", "weightfactor": 1}, "crab3@vocms0199.cern.ch": {"proxiedurl": "https://cmsweb.cern.ch:8443/scheddmon/0199", "weightfactor": 1}}, "asoConfig": [{"couchURL": "https://cmsweb.cern.ch/crabserver/prod", "couchDBName": "filetransfers"}], "htcondorPool": "cmsgwms-collector-global.cern.ch:9620,cmsgwms-collector-global.fnal.gov:9620"}
]}

 retcode : 0
DEBUG 2022-02-02 23:50:40.256 UTC: 	 Loading required information from the environment
DEBUG 2022-02-02 23:50:40.256 UTC: 	 Found CMSSW_10_6_19_patch2 for slc7_amd64_gcc820 with base /uscms_data/d3/srosenzw/workarea/higgs/sixb_analysis/CMSSW_10_6_19_patch2
DEBUG 2022-02-02 23:50:40.256 UTC: 	 UNIQUE NAME: tarUUID d799c362-3cb3-498a-a5c1-5fb70d6fc503 
DEBUG 2022-02-02 23:50:40.256 UTC: 	 self.config: from WMCore.Configuration import Configuration
config = Configuration()
config.section_('General')
config.General.transferLogs = False
config.General.transferOutputs = True
config.General.workArea = 'srosenzw_NMSSM_XYH_YToHH_6b_MX_1000_MY_300_sl7_nano_100k'
config.General.requestName = 'srosenzw_NMSSM_XYH_YToHH_6b_MX_1000_MY_300_sl7_nano_100k'
config.section_('JobType')
config.JobType.numCores = 2
config.JobType.maxMemoryMB = 3500
config.JobType.scriptExe = 'scriptExe.sh'
config.JobType.pluginName = 'PrivateMC'
config.JobType.psetName = 'nanoAOD_step_fake.py'
config.JobType.inputFiles = ['scriptExe.sh', 'genSim_step.py', 'digiPremix_step.py', 'hlt_step.py', 'recoAOD_step.py', 'miniAOD_step.py', 'nanoAOD_step.py', 'NMSSM_XYH_YToHH_6b_MX_1000_MY_300_slc7_amd64_gcc700_CMSSW_10_6_19_tarball.tar.xz']
config.section_('Data')
config.Data.outputDatasetTag = 'srosenzw_NMSSM_XYH_YToHH_6b_MX_1000_MY_300_sl7_nano_100k'
config.Data.publication = False
config.Data.unitsPerJob = 500
config.Data.splitting = 'EventBased'
config.Data.outLFNDirBase = '/store/group/lpchbb/srosenzw/XY_YToHH/'
config.Data.totalUnits = 100000
config.section_('Site')
config.Site.storageSite = 'T3_US_FNALLPC'
config.section_('User')
config.section_('Debug')

DEBUG 2022-02-02 23:50:40.256 UTC: 	 self.config.JobType.psetName: nanoAOD_step_fake.py
INFO 2022-02-02 23:50:40.256 UTC: 	 Importing CMSSW configuration nanoAOD_step_fake.py
INFO 2022-02-02 23:50:44.886 UTC: 	 Finished importing CMSSW configuration nanoAOD_step_fake.py
INFO 2022-02-02 23:50:44.886 UTC: 	 You are requesting more than 1 core per job. Please make sure that your multi-threaded code is thread-safe and CPU-efficient, and request the correct amount of memory since the default 'maxMemoryMB' value is meant for single core jobs.
DEBUG 2022-02-02 23:50:44.886 UTC: 	 Writing CMSSW configuration to /uscms_data/d3/srosenzw/workarea/higgs/sixb_analysis/CMSSW_10_6_19_patch2/src/sixB/FullSim/Summer20UL18/Template/srosenzw_NMSSM_XYH_YToHH_6b_MX_1000_MY_300_sl7_nano_100k/crab_srosenzw_NMSSM_XYH_YToHH_6b_MX_1000_MY_300_sl7_nano_100k/inputs/PSet.py
DEBUG 2022-02-02 23:50:46.044 UTC: 	 The following EDM output files will be collected: ['nanoAOD_step.root']
DEBUG 2022-02-02 23:50:46.044 UTC: 	 The following TFile output files will be collected: []
DEBUG 2022-02-02 23:50:46.044 UTC: 	 The following user output files (not listed as PoolOuputModule or TFileService in the CMSSW PSet) will be collected: 
DEBUG 2022-02-02 23:50:46.044 UTC: 	 Loading required information from the environment
DEBUG 2022-02-02 23:50:46.044 UTC: 	 Found CMSSW_10_6_19_patch2 for slc7_amd64_gcc820 with base /uscms_data/d3/srosenzw/workarea/higgs/sixb_analysis/CMSSW_10_6_19_patch2
DEBUG 2022-02-02 23:50:46.044 UTC: 	 Making tarball in /uscms_data/d3/srosenzw/workarea/higgs/sixb_analysis/CMSSW_10_6_19_patch2/src/sixB/FullSim/Summer20UL18/Template/srosenzw_NMSSM_XYH_YToHH_6b_MX_1000_MY_300_sl7_nano_100k/crab_srosenzw_NMSSM_XYH_YToHH_6b_MX_1000_MY_300_sl7_nano_100k/inputs/d799c362-3cb3-498a-a5c1-5fb70d6fc503default.tgz
DEBUG 2022-02-02 23:50:46.050 UTC: 	 Checking directory /uscms_data/d3/srosenzw/workarea/higgs/sixb_analysis/CMSSW_10_6_19_patch2/lib
DEBUG 2022-02-02 23:50:46.050 UTC: 	 Adding directory /uscms_data/d3/srosenzw/workarea/higgs/sixb_analysis/CMSSW_10_6_19_patch2/lib to tarball
DEBUG 2022-02-02 23:50:46.052 UTC: 	 Checking directory /uscms_data/d3/srosenzw/workarea/higgs/sixb_analysis/CMSSW_10_6_19_patch2/biglib
DEBUG 2022-02-02 23:50:46.052 UTC: 	 Adding directory /uscms_data/d3/srosenzw/workarea/higgs/sixb_analysis/CMSSW_10_6_19_patch2/biglib to tarball
DEBUG 2022-02-02 23:50:46.054 UTC: 	 Checking directory /uscms_data/d3/srosenzw/workarea/higgs/sixb_analysis/CMSSW_10_6_19_patch2/module
DEBUG 2022-02-02 23:50:51.259 UTC: 	 Adding data directory /uscms_data/d3/srosenzw/workarea/higgs/sixb_analysis/CMSSW_10_6_19_patch2/src/sixB/analysis/sixBanalysis/data to tarball
DEBUG 2022-02-02 23:50:52.675 UTC: 	 Adding data directory /uscms_data/d3/srosenzw/workarea/higgs/sixb_analysis/CMSSW_10_6_19_patch2/src/sixB/analysis/sixBanalysis/interface to tarball
DEBUG 2022-02-02 23:50:52.732 UTC: 	 Adding file scriptExe.sh to tarball
DEBUG 2022-02-02 23:50:52.733 UTC: 	 Adding file genSim_step.py to tarball
DEBUG 2022-02-02 23:50:52.734 UTC: 	 Adding file digiPremix_step.py to tarball
DEBUG 2022-02-02 23:50:53.322 UTC: 	 Adding file hlt_step.py to tarball
DEBUG 2022-02-02 23:50:53.324 UTC: 	 Adding file recoAOD_step.py to tarball
DEBUG 2022-02-02 23:50:53.325 UTC: 	 Adding file miniAOD_step.py to tarball
DEBUG 2022-02-02 23:50:53.326 UTC: 	 Adding file nanoAOD_step.py to tarball
DEBUG 2022-02-02 23:50:53.327 UTC: 	 Adding file NMSSM_XYH_YToHH_6b_MX_1000_MY_300_slc7_amd64_gcc700_CMSSW_10_6_19_tarball.tar.xz to tarball
DEBUG 2022-02-02 23:50:59.768 UTC: 	 Uploading archive /uscms_data/d3/srosenzw/workarea/higgs/sixb_analysis/CMSSW_10_6_19_patch2/src/sixB/FullSim/Summer20UL18/Template/srosenzw_NMSSM_XYH_YToHH_6b_MX_1000_MY_300_sl7_nano_100k/crab_srosenzw_NMSSM_XYH_YToHH_6b_MX_1000_MY_300_sl7_nano_100k/inputs/d799c362-3cb3-498a-a5c1-5fb70d6fc503default.tgz (43 MB) to the CRAB cache. Using URI https://cmsweb.cern.ch/S3/crabcache_prod
DEBUG 2022-02-02 23:51:05.973 UTC: 	 Encoded data for curl request: tarballname=4297acf5716da80db9225dff01180e8df72f4dccfd070eb1b5176bc5806458b8.tar.gz&subresource=upload&objecttype=sandbox
DEBUG 2022-02-02 23:51:05.973 UTC: 	 Executing command :
 curl -v -X GET -H "User-Agent: CRABClient/v3.211130" -H "Accept: */*" --data @/tmp/curlDataF4HxNT --cert "/uscms/home/srosenzw/x509up_u56140" --key "/uscms/home/srosenzw/x509up_u56140" --capath "/etc/grid-security/certificates/" "https://cmsweb.cern.ch:8443/crabserver/prod/cache?tarballname=4297acf5716da80db9225dff01180e8df72f4dccfd070eb1b5176bc5806458b8.tar.gz&subresource=upload&objecttype=sandbox" | tee /dev/stderr 
DEBUG 2022-02-02 23:51:06.560 UTC: 	 output : {"result": [
 "https://s3.cern.ch/crabcache_prod"
,{"key": "srosenzw/sandboxes/4297acf5716da80db9225dff01180e8df72f4dccfd070eb1b5176bc5806458b8.tar.gz", "AWSAccessKeyId": "d542228b5cc74605885bd10e80fe3e8f", "policy": "eyJleHBpcmF0aW9uIjogIjIwMjItMDItMDNUMDA6NTE6MDZaIiwgImNvbmRpdGlvbnMiOiBbeyJidWNrZXQiOiAiY3JhYmNhY2hlX3Byb2QifSwgeyJrZXkiOiAic3Jvc2Vuencvc2FuZGJveGVzLzQyOTdhY2Y1NzE2ZGE4MGRiOTIyNWRmZjAxMTgwZThkZjcyZjRkY2NmZDA3MGViMWI1MTc2YmM1ODA2NDU4YjgudGFyLmd6In1dfQ==", "signature": "bqNqsXPyH9yv5zJMVEFN48oe6QA="}
]}

 error:   % Total    % Received % Xferd  Average Speed   Time    Time     Time  Current
                                 Dload  Upload   Total   Spent    Left  Speed
  0     0    0     0    0     0      0      0 --:--:-- --:--:-- --:--:--     0*   Trying 188.184.75.95...
* TCP_NODELAY set
* Connected to cmsweb.cern.ch (188.184.75.95) port 8443 (#0)
* ALPN, offering http/1.1
* Cipher selection: ALL:!EXPORT:!EXPORT40:!EXPORT56:!aNULL:!LOW:!RC4:@STRENGTH
* successfully set certificate verify locations:
  CAfile: /etc/pki/tls/certs/ca-bundle.crt
  CApath: /etc/grid-security/certificates/
* TLSv1.2 (OUT), TLS header, Certificate Status (22):
} [5 bytes data]
* TLSv1.2 (OUT), TLS handshake, Client hello (1):
} [512 bytes data]
* TLSv1.2 (IN), TLS handshake, Server hello (2):
{ [109 bytes data]
* TLSv1.2 (IN), TLS handshake, Certificate (11):
{ [6224 bytes data]
* TLSv1.2 (IN), TLS handshake, Server key exchange (12):
{ [333 bytes data]
* TLSv1.2 (IN), TLS handshake, Request CERT (13):
{ [13495 bytes data]
* TLSv1.2 (IN), TLS handshake, Server finished (14):
{ [4 bytes data]
* TLSv1.2 (OUT), TLS handshake, Certificate (11):
} [6115 bytes data]
* TLSv1.2 (OUT), TLS handshake, Client key exchange (16):
} [70 bytes data]
* TLSv1.2 (OUT), TLS handshake, CERT verify (15):
} [136 bytes data]
* TLSv1.2 (OUT), TLS change cipher, Client hello (1):
} [1 bytes data]
* TLSv1.2 (OUT), TLS handshake, Finished (20):
} [16 bytes data]
  0     0    0     0    0     0      0      0 --:--:-- --:--:-- --:--:--     0* TLSv1.2 (IN), TLS change cipher, Client hello (1):
{ [1 bytes data]
* TLSv1.2 (IN), TLS handshake, Finished (20):
{ [16 bytes data]
* SSL connection using TLSv1.2 / ECDHE-RSA-AES128-GCM-SHA256
* ALPN, server accepted to use http/1.1
* Server certificate:
*  subject: DC=ch; DC=cern; OU=computers; CN=cmsweb.cern.ch
*  start date: Feb  2 08:08:53 2021 GMT
*  expire date: Mar  9 08:08:53 2022 GMT
*  subjectAltName: host "cmsweb.cern.ch" matched cert's "cmsweb.cern.ch"
*  issuer: DC=ch; DC=cern; CN=CERN Grid Certification Authority
*  SSL certificate verify ok.
} [5 bytes data]
> GET /crabserver/prod/cache?tarballname=4297acf5716da80db9225dff01180e8df72f4dccfd070eb1b5176bc5806458b8.tar.gz&subresource=upload&objecttype=sandbox HTTP/1.1
> Host: cmsweb.cern.ch:8443
> User-Agent: CRABClient/v3.211130
> Accept: */*
> Content-Length: 121
> Content-Type: application/x-www-form-urlencoded
> 
} [121 bytes data]
* upload completely sent off: 121 out of 121 bytes
{ [5 bytes data]
< HTTP/1.1 200 OK
< Date: Wed, 02 Feb 2022 23:51:06 GMT
< Server: nginx/1.17.10
< Content-Type: application/json
< Content-Length: 521
< Vary: Accept-Encoding,Accept
< Cache-Control: max-age=3600
< X-Rest-Status: 100
< Etag: "1ea852503a47710488b5f979b5ae1c06c956a0b1"
< X-Rest-Time: 10675.430 us
< CMS-Server-Time: D=23995 t=1643845866480850
< 
{ [5 bytes data]
100   642  100   521  100   121    920    213 --:--:-- --:--:-- --:--:--  1132
* Connection #0 to host cmsweb.cern.ch left intact
{"result": [
 "https://s3.cern.ch/crabcache_prod"
,{"key": "srosenzw/sandboxes/4297acf5716da80db9225dff01180e8df72f4dccfd070eb1b5176bc5806458b8.tar.gz", "AWSAccessKeyId": "d542228b5cc74605885bd10e80fe3e8f", "policy": "eyJleHBpcmF0aW9uIjogIjIwMjItMDItMDNUMDA6NTE6MDZaIiwgImNvbmRpdGlvbnMiOiBbeyJidWNrZXQiOiAiY3JhYmNhY2hlX3Byb2QifSwgeyJrZXkiOiAic3Jvc2Vuencvc2FuZGJveGVzLzQyOTdhY2Y1NzE2ZGE4MGRiOTIyNWRmZjAxMTgwZThkZjcyZjRkY2NmZDA3MGViMWI1MTc2YmM1ODA2NDU4YjgudGFyLmd6In1dfQ==", "signature": "bqNqsXPyH9yv5zJMVEFN48oe6QA="}
]}

 retcode : 0
DEBUG 2022-02-02 23:51:06.561 UTC: 	 Will execute:
curl -f -v -X POST  -H "User-Agent: CRAB" -F "key=srosenzw/sandboxes/4297acf5716da80db9225dff01180e8df72f4dccfd070eb1b5176bc5806458b8.tar.gz" -F "AWSAccessKeyId=d542228b5cc74605885bd10e80fe3e8f" -F "policy=eyJleHBpcmF0aW9uIjogIjIwMjItMDItMDNUMDA6NTE6MDZaIiwgImNvbmRpdGlvbnMiOiBbeyJidWNrZXQiOiAiY3JhYmNhY2hlX3Byb2QifSwgeyJrZXkiOiAic3Jvc2Vuencvc2FuZGJveGVzLzQyOTdhY2Y1NzE2ZGE4MGRiOTIyNWRmZjAxMTgwZThkZjcyZjRkY2NmZDA3MGViMWI1MTc2YmM1ODA2NDU4YjgudGFyLmd6In1dfQ==" -F "signature=bqNqsXPyH9yv5zJMVEFN48oe6QA=" -F "file=@/uscms_data/d3/srosenzw/workarea/higgs/sixb_analysis/CMSSW_10_6_19_patch2/src/sixB/FullSim/Summer20UL18/Template/srosenzw_NMSSM_XYH_YToHH_6b_MX_1000_MY_300_sl7_nano_100k/crab_srosenzw_NMSSM_XYH_YToHH_6b_MX_1000_MY_300_sl7_nano_100k/inputs/d799c362-3cb3-498a-a5c1-5fb70d6fc503default.tgz" "https://s3.cern.ch/crabcache_prod"
DEBUG 2022-02-02 23:51:10.584 UTC: 	 exitcode: 0
stdout: 
DEBUG 2022-02-02 23:51:10.585 UTC: 	 sandbox /uscms_data/d3/srosenzw/workarea/higgs/sixb_analysis/CMSSW_10_6_19_patch2/src/sixB/FullSim/Summer20UL18/Template/srosenzw_NMSSM_XYH_YToHH_6b_MX_1000_MY_300_sl7_nano_100k/crab_srosenzw_NMSSM_XYH_YToHH_6b_MX_1000_MY_300_sl7_nano_100k/inputs/d799c362-3cb3-498a-a5c1-5fb70d6fc503default.tgz successully uploaded to S3
DEBUG 2022-02-02 23:51:10.585 UTC: 	 Loading required information from the environment
DEBUG 2022-02-02 23:51:10.585 UTC: 	 Found CMSSW_10_6_19_patch2 for slc7_amd64_gcc820 with base /uscms_data/d3/srosenzw/workarea/higgs/sixb_analysis/CMSSW_10_6_19_patch2
DEBUG 2022-02-02 23:51:10.585 UTC: 	 Making tarball in /uscms_data/d3/srosenzw/workarea/higgs/sixb_analysis/CMSSW_10_6_19_patch2/src/sixB/FullSim/Summer20UL18/Template/srosenzw_NMSSM_XYH_YToHH_6b_MX_1000_MY_300_sl7_nano_100k/crab_srosenzw_NMSSM_XYH_YToHH_6b_MX_1000_MY_300_sl7_nano_100k/inputs/debugFiles.tgz
DEBUG 2022-02-02 23:51:10.598 UTC: 	 Uploading archive /uscms_data/d3/srosenzw/workarea/higgs/sixb_analysis/CMSSW_10_6_19_patch2/src/sixB/FullSim/Summer20UL18/Template/srosenzw_NMSSM_XYH_YToHH_6b_MX_1000_MY_300_sl7_nano_100k/crab_srosenzw_NMSSM_XYH_YToHH_6b_MX_1000_MY_300_sl7_nano_100k/inputs/debugFiles.tgz (2 KB) to the CRAB cache. Using URI https://cmsweb.cern.ch/S3/crabcache_prod
DEBUG 2022-02-02 23:51:10.600 UTC: 	 Encoded data for curl request: tarballname=fbc35eb47890f7e42ee5baedf566eebe0eb3d8297d71df8f7d71e402502a2f28.tar.gz&subresource=upload&objecttype=sandbox
DEBUG 2022-02-02 23:51:10.600 UTC: 	 Executing command :
 curl -v -X GET -H "User-Agent: CRABClient/v3.211130" -H "Accept: */*" --data @/tmp/curlDatav8XeZY --cert "/uscms/home/srosenzw/x509up_u56140" --key "/uscms/home/srosenzw/x509up_u56140" --capath "/etc/grid-security/certificates/" "https://cmsweb.cern.ch:8443/crabserver/prod/cache?tarballname=fbc35eb47890f7e42ee5baedf566eebe0eb3d8297d71df8f7d71e402502a2f28.tar.gz&subresource=upload&objecttype=sandbox" | tee /dev/stderr 
DEBUG 2022-02-02 23:51:11.181 UTC: 	 output : {"result": [
 "https://s3.cern.ch/crabcache_prod"
,{"key": "srosenzw/sandboxes/fbc35eb47890f7e42ee5baedf566eebe0eb3d8297d71df8f7d71e402502a2f28.tar.gz", "AWSAccessKeyId": "d542228b5cc74605885bd10e80fe3e8f", "policy": "eyJleHBpcmF0aW9uIjogIjIwMjItMDItMDNUMDA6NTE6MTFaIiwgImNvbmRpdGlvbnMiOiBbeyJidWNrZXQiOiAiY3JhYmNhY2hlX3Byb2QifSwgeyJrZXkiOiAic3Jvc2Vuencvc2FuZGJveGVzL2ZiYzM1ZWI0Nzg5MGY3ZTQyZWU1YmFlZGY1NjZlZWJlMGViM2Q4Mjk3ZDcxZGY4ZjdkNzFlNDAyNTAyYTJmMjgudGFyLmd6In1dfQ==", "signature": "KB8azymGpam84Gn474MU670P6IU="}
]}

 error:   % Total    % Received % Xferd  Average Speed   Time    Time     Time  Current
                                 Dload  Upload   Total   Spent    Left  Speed
  0     0    0     0    0     0      0      0 --:--:-- --:--:-- --:--:--     0*   Trying 188.184.75.95...
* TCP_NODELAY set
* Connected to cmsweb.cern.ch (188.184.75.95) port 8443 (#0)
* ALPN, offering http/1.1
* Cipher selection: ALL:!EXPORT:!EXPORT40:!EXPORT56:!aNULL:!LOW:!RC4:@STRENGTH
* successfully set certificate verify locations:
  CAfile: /etc/pki/tls/certs/ca-bundle.crt
  CApath: /etc/grid-security/certificates/
* TLSv1.2 (OUT), TLS header, Certificate Status (22):
} [5 bytes data]
* TLSv1.2 (OUT), TLS handshake, Client hello (1):
} [512 bytes data]
* TLSv1.2 (IN), TLS handshake, Server hello (2):
{ [109 bytes data]
* TLSv1.2 (IN), TLS handshake, Certificate (11):
{ [6224 bytes data]
* TLSv1.2 (IN), TLS handshake, Server key exchange (12):
{ [333 bytes data]
* TLSv1.2 (IN), TLS handshake, Request CERT (13):
{ [13495 bytes data]
* TLSv1.2 (IN), TLS handshake, Server finished (14):
{ [4 bytes data]
* TLSv1.2 (OUT), TLS handshake, Certificate (11):
} [6115 bytes data]
* TLSv1.2 (OUT), TLS handshake, Client key exchange (16):
} [70 bytes data]
* TLSv1.2 (OUT), TLS handshake, CERT verify (15):
} [136 bytes data]
* TLSv1.2 (OUT), TLS change cipher, Client hello (1):
} [1 bytes data]
* TLSv1.2 (OUT), TLS handshake, Finished (20):
} [16 bytes data]
* TLSv1.2 (IN), TLS change cipher, Client hello (1):
{ [1 bytes data]
* TLSv1.2 (IN), TLS handshake, Finished (20):
{ [16 bytes data]
* SSL connection using TLSv1.2 / ECDHE-RSA-AES128-GCM-SHA256
* ALPN, server accepted to use http/1.1
* Server certificate:
*  subject: DC=ch; DC=cern; OU=computers; CN=cmsweb.cern.ch
*  start date: Feb  2 08:08:53 2021 GMT
*  expire date: Mar  9 08:08:53 2022 GMT
*  subjectAltName: host "cmsweb.cern.ch" matched cert's "cmsweb.cern.ch"
*  issuer: DC=ch; DC=cern; CN=CERN Grid Certification Authority
*  SSL certificate verify ok.
} [5 bytes data]
> GET /crabserver/prod/cache?tarballname=fbc35eb47890f7e42ee5baedf566eebe0eb3d8297d71df8f7d71e402502a2f28.tar.gz&subresource=upload&objecttype=sandbox HTTP/1.1
> Host: cmsweb.cern.ch:8443
> User-Agent: CRABClient/v3.211130
> Accept: */*
> Content-Length: 121
> Content-Type: application/x-www-form-urlencoded
> 
} [121 bytes data]
* upload completely sent off: 121 out of 121 bytes
{ [5 bytes data]
< HTTP/1.1 200 OK
< Date: Wed, 02 Feb 2022 23:51:11 GMT
< Server: nginx/1.17.10
< Content-Type: application/json
< Content-Length: 521
< Vary: Accept-Encoding,Accept
< Cache-Control: max-age=3600
< X-Rest-Status: 100
< Etag: "700882c0e46d5d01fd6c2bdee8140c3b3573dc27"
< X-Rest-Time: 12539.387 us
< CMS-Server-Time: D=29293 t=1643845871097470
< 
{ [5 bytes data]
100   642  100   521  100   121    928    215 --:--:-- --:--:-- --:--:--  1144
* Connection #0 to host cmsweb.cern.ch left intact
{"result": [
 "https://s3.cern.ch/crabcache_prod"
,{"key": "srosenzw/sandboxes/fbc35eb47890f7e42ee5baedf566eebe0eb3d8297d71df8f7d71e402502a2f28.tar.gz", "AWSAccessKeyId": "d542228b5cc74605885bd10e80fe3e8f", "policy": "eyJleHBpcmF0aW9uIjogIjIwMjItMDItMDNUMDA6NTE6MTFaIiwgImNvbmRpdGlvbnMiOiBbeyJidWNrZXQiOiAiY3JhYmNhY2hlX3Byb2QifSwgeyJrZXkiOiAic3Jvc2Vuencvc2FuZGJveGVzL2ZiYzM1ZWI0Nzg5MGY3ZTQyZWU1YmFlZGY1NjZlZWJlMGViM2Q4Mjk3ZDcxZGY4ZjdkNzFlNDAyNTAyYTJmMjgudGFyLmd6In1dfQ==", "signature": "KB8azymGpam84Gn474MU670P6IU="}
]}

 retcode : 0
DEBUG 2022-02-02 23:51:11.181 UTC: 	 Will execute:
curl -f -v -X POST  -H "User-Agent: CRAB" -F "key=srosenzw/sandboxes/fbc35eb47890f7e42ee5baedf566eebe0eb3d8297d71df8f7d71e402502a2f28.tar.gz" -F "AWSAccessKeyId=d542228b5cc74605885bd10e80fe3e8f" -F "policy=eyJleHBpcmF0aW9uIjogIjIwMjItMDItMDNUMDA6NTE6MTFaIiwgImNvbmRpdGlvbnMiOiBbeyJidWNrZXQiOiAiY3JhYmNhY2hlX3Byb2QifSwgeyJrZXkiOiAic3Jvc2Vuencvc2FuZGJveGVzL2ZiYzM1ZWI0Nzg5MGY3ZTQyZWU1YmFlZGY1NjZlZWJlMGViM2Q4Mjk3ZDcxZGY4ZjdkNzFlNDAyNTAyYTJmMjgudGFyLmd6In1dfQ==" -F "signature=KB8azymGpam84Gn474MU670P6IU=" -F "file=@/uscms_data/d3/srosenzw/workarea/higgs/sixb_analysis/CMSSW_10_6_19_patch2/src/sixB/FullSim/Summer20UL18/Template/srosenzw_NMSSM_XYH_YToHH_6b_MX_1000_MY_300_sl7_nano_100k/crab_srosenzw_NMSSM_XYH_YToHH_6b_MX_1000_MY_300_sl7_nano_100k/inputs/debugFiles.tgz" "https://s3.cern.ch/crabcache_prod"
DEBUG 2022-02-02 23:51:12.716 UTC: 	 exitcode: 0
stdout: 
DEBUG 2022-02-02 23:51:12.716 UTC: 	 sandbox /uscms_data/d3/srosenzw/workarea/higgs/sixb_analysis/CMSSW_10_6_19_patch2/src/sixB/FullSim/Summer20UL18/Template/srosenzw_NMSSM_XYH_YToHH_6b_MX_1000_MY_300_sl7_nano_100k/crab_srosenzw_NMSSM_XYH_YToHH_6b_MX_1000_MY_300_sl7_nano_100k/inputs/debugFiles.tgz successully uploaded to S3
DEBUG 2022-02-02 23:51:12.716 UTC: 	 Result uploading input files: 4297acf5716da80db9225dff01180e8df72f4dccfd070eb1b5176bc5806458b8.tar.gz 
INFO 2022-02-02 23:51:12.716 UTC: 	 Sending the request to the server at cmsweb.cern.ch
DEBUG 2022-02-02 23:51:12.716 UTC: 	 Submitting {'maxjobruntime': 1250, 'extrajdl': [], 'lfn': '/store/group/lpchbb/srosenzw/XY_YToHH/', 'savelogsflag': 0, 'useparent': 0, 'scriptexe': 'scriptExe.sh', 'asyncdest': 'T3_US_FNALLPC', 'algoargs': 500, 'cachefilename': '4297acf5716da80db9225dff01180e8df72f4dccfd070eb1b5176bc5806458b8.tar.gz', 'numcores': 2, 'addoutputfiles': [], 'generator': 'pythia', 'maxmemory': 3500, 'publishdbsurl': 'https://cmsweb.cern.ch/dbs/prod/phys03/DBSWriter', 'priority': 10, 'jobsw': 'CMSSW_10_6_19_patch2', 'edmoutfiles': ['nanoAOD_step.root'], 'userfiles': [], 'primarydataset': 'CRAB_PrivateMC', 'inputdata': '', 'ignorelocality': 0, 'dryrun': 0, 'workflow': 'crab_srosenzw_NMSSM_XYH_YToHH_6b_MX_1000_MY_300_sl7_nano_100k', 'cacheurl': u'https://cmsweb.cern.ch/S3/crabcache_prod', 'nonprodsw': 0, 'tfileoutfiles': [], 'oneEventMode': 0, 'debugfilename': 'fbc35eb47890f7e42ee5baedf566eebe0eb3d8297d71df8f7d71e402502a2f28.tar.gz', 'saveoutput': 1, 'publication': 0, 'jobarch': 'slc7_amd64_gcc820', 'totalunits': 100000, 'splitalgo': 'EventBased', 'ignoreglobalblacklist': 0, 'nonvaliddata': 0, 'dbsurl': 'https://cmsweb.cern.ch/dbs/prod/global/DBSReader', 'publishgroupname': 0, 'jobtype': 'PrivateMC', 'publishname2': 'srosenzw_NMSSM_XYH_YToHH_6b_MX_1000_MY_300_sl7_nano_100k'} 
DEBUG 2022-02-02 23:51:12.717 UTC: 	 Encoded submit request: maxjobruntime=1250&lfn=%2Fstore%2Fgroup%2Flpchbb%2Fsrosenzw%2FXY_YToHH%2F&savelogsflag=0&useparent=0&scriptexe=scriptExe.sh&asyncdest=T3_US_FNALLPC&algoargs=500&cachefilename=4297acf5716da80db9225dff01180e8df72f4dccfd070eb1b5176bc5806458b8.tar.gz&numcores=2&generator=pythia&maxmemory=3500&publishdbsurl=https%3A%2F%2Fcmsweb.cern.ch%2Fdbs%2Fprod%2Fphys03%2FDBSWriter&priority=10&jobsw=CMSSW_10_6_19_patch2&primarydataset=CRAB_PrivateMC&inputdata=&ignorelocality=0&dryrun=0&workflow=crab_srosenzw_NMSSM_XYH_YToHH_6b_MX_1000_MY_300_sl7_nano_100k&cacheurl=https%3A%2F%2Fcmsweb.cern.ch%2FS3%2Fcrabcache_prod&nonprodsw=0&oneEventMode=0&debugfilename=fbc35eb47890f7e42ee5baedf566eebe0eb3d8297d71df8f7d71e402502a2f28.tar.gz&saveoutput=1&publication=0&jobarch=slc7_amd64_gcc820&totalunits=100000&splitalgo=EventBased&ignoreglobalblacklist=0&nonvaliddata=0&dbsurl=https%3A%2F%2Fcmsweb.cern.ch%2Fdbs%2Fprod%2Fglobal%2FDBSReader&publishgroupname=0&jobtype=PrivateMC&publishname2=srosenzw_NMSSM_XYH_YToHH_6b_MX_1000_MY_300_sl7_nano_100k&edmoutfiles=nanoAOD_step.root
DEBUG 2022-02-02 23:51:12.717 UTC: 	 Encoded data for curl request: maxjobruntime=1250&lfn=%2Fstore%2Fgroup%2Flpchbb%2Fsrosenzw%2FXY_YToHH%2F&savelogsflag=0&useparent=0&scriptexe=scriptExe.sh&asyncdest=T3_US_FNALLPC&algoargs=500&cachefilename=4297acf5716da80db9225dff01180e8df72f4dccfd070eb1b5176bc5806458b8.tar.gz&numcores=2&generator=pythia&maxmemory=3500&publishdbsurl=https%3A%2F%2Fcmsweb.cern.ch%2Fdbs%2Fprod%2Fphys03%2FDBSWriter&priority=10&jobsw=CMSSW_10_6_19_patch2&primarydataset=CRAB_PrivateMC&inputdata=&ignorelocality=0&dryrun=0&workflow=crab_srosenzw_NMSSM_XYH_YToHH_6b_MX_1000_MY_300_sl7_nano_100k&cacheurl=https%3A%2F%2Fcmsweb.cern.ch%2FS3%2Fcrabcache_prod&nonprodsw=0&oneEventMode=0&debugfilename=fbc35eb47890f7e42ee5baedf566eebe0eb3d8297d71df8f7d71e402502a2f28.tar.gz&saveoutput=1&publication=0&jobarch=slc7_amd64_gcc820&totalunits=100000&splitalgo=EventBased&ignoreglobalblacklist=0&nonvaliddata=0&dbsurl=https%3A%2F%2Fcmsweb.cern.ch%2Fdbs%2Fprod%2Fglobal%2FDBSReader&publishgroupname=0&jobtype=PrivateMC&publishname2=srosenzw_NMSSM_XYH_YToHH_6b_MX_1000_MY_300_sl7_nano_100k&edmoutfiles=nanoAOD_step.root
DEBUG 2022-02-02 23:51:12.717 UTC: 	 Executing command :
 curl -v -X PUT -H "User-Agent: CRABClient/v3.211130" -H "Accept: */*" --data @/tmp/curlDataGoalie --cert "/uscms/home/srosenzw/x509up_u56140" --key "/uscms/home/srosenzw/x509up_u56140" --capath "/etc/grid-security/certificates/" "https://cmsweb.cern.ch:8443/crabserver/prod/workflow" | tee /dev/stderr 
DEBUG 2022-02-02 23:51:13.524 UTC: 	 output : {"result": [
 {"RequestName": "220202_235113:srosenzw_crab_srosenzw_NMSSM_XYH_YToHH_6b_MX_1000_MY_300_sl7_nano_100k"}
]}

 error:   % Total    % Received % Xferd  Average Speed   Time    Time     Time  Current
                                 Dload  Upload   Total   Spent    Left  Speed
  0     0    0     0    0     0      0      0 --:--:-- --:--:-- --:--:--     0*   Trying 188.184.75.95...
* TCP_NODELAY set
* Connected to cmsweb.cern.ch (188.184.75.95) port 8443 (#0)
* ALPN, offering http/1.1
* Cipher selection: ALL:!EXPORT:!EXPORT40:!EXPORT56:!aNULL:!LOW:!RC4:@STRENGTH
* successfully set certificate verify locations:
  CAfile: /etc/pki/tls/certs/ca-bundle.crt
  CApath: /etc/grid-security/certificates/
* TLSv1.2 (OUT), TLS header, Certificate Status (22):
} [5 bytes data]
* TLSv1.2 (OUT), TLS handshake, Client hello (1):
} [512 bytes data]
* TLSv1.2 (IN), TLS handshake, Server hello (2):
{ [109 bytes data]
* TLSv1.2 (IN), TLS handshake, Certificate (11):
{ [6224 bytes data]
* TLSv1.2 (IN), TLS handshake, Server key exchange (12):
{ [333 bytes data]
* TLSv1.2 (IN), TLS handshake, Request CERT (13):
{ [13495 bytes data]
* TLSv1.2 (IN), TLS handshake, Server finished (14):
{ [4 bytes data]
* TLSv1.2 (OUT), TLS handshake, Certificate (11):
} [6115 bytes data]
* TLSv1.2 (OUT), TLS handshake, Client key exchange (16):
} [70 bytes data]
* TLSv1.2 (OUT), TLS handshake, CERT verify (15):
} [136 bytes data]
* TLSv1.2 (OUT), TLS change cipher, Client hello (1):
} [1 bytes data]
* TLSv1.2 (OUT), TLS handshake, Finished (20):
} [16 bytes data]
* TLSv1.2 (IN), TLS change cipher, Client hello (1):
{ [1 bytes data]
* TLSv1.2 (IN), TLS handshake, Finished (20):
{ [16 bytes data]
* SSL connection using TLSv1.2 / ECDHE-RSA-AES128-GCM-SHA256
* ALPN, server accepted to use http/1.1
* Server certificate:
*  subject: DC=ch; DC=cern; OU=computers; CN=cmsweb.cern.ch
*  start date: Feb  2 08:08:53 2021 GMT
*  expire date: Mar  9 08:08:53 2022 GMT
*  subjectAltName: host "cmsweb.cern.ch" matched cert's "cmsweb.cern.ch"
*  issuer: DC=ch; DC=cern; CN=CERN Grid Certification Authority
*  SSL certificate verify ok.
} [5 bytes data]
> PUT /crabserver/prod/workflow HTTP/1.1
> Host: cmsweb.cern.ch:8443
> User-Agent: CRABClient/v3.211130
> Accept: */*
> Content-Length: 1054
> Content-Type: application/x-www-form-urlencoded
> Expect: 100-continue
> 
{ [5 bytes data]
< HTTP/1.1 100 Continue
  0  1054    0     0    0     0      0      0 --:--:-- --:--:-- --:--:--     0} [5 bytes data]
* We are completely uploaded and fine
{ [5 bytes data]
< HTTP/1.1 200 OK
< Date: Wed, 02 Feb 2022 23:51:13 GMT
< Server: nginx/1.17.10
< Content-Type: application/json
< Content-Length: 121
< Vary: Accept
< X-Rest-Status: 100
< Etag: "bd2da946eaba3f072684a11e7d097ea9f7ad7db9"
< X-Rest-Time: 150126.219 us
< CMS-Server-Time: D=260578 t=1643845873209253
< 
{ [5 bytes data]
100  1175  100   121  100  1054    153   1334 --:--:-- --:--:-- --:--:--  1485
* Connection #0 to host cmsweb.cern.ch left intact
{"result": [
 {"RequestName": "220202_235113:srosenzw_crab_srosenzw_NMSSM_XYH_YToHH_6b_MX_1000_MY_300_sl7_nano_100k"}
]}

 retcode : 0
DEBUG 2022-02-02 23:51:13.525 UTC: 	 Result: {u'result': [{u'RequestName': u'220202_235113:srosenzw_crab_srosenzw_NMSSM_XYH_YToHH_6b_MX_1000_MY_300_sl7_nano_100k'}]}
INFO 2022-02-02 23:51:13.531 UTC: 	 Success: Your task has been delivered to the prod CRAB3 server.
INFO 2022-02-02 23:51:13.531 UTC: 	 Task name: 220202_235113:srosenzw_crab_srosenzw_NMSSM_XYH_YToHH_6b_MX_1000_MY_300_sl7_nano_100k
INFO 2022-02-02 23:51:13.531 UTC: 	 Project dir: srosenzw_NMSSM_XYH_YToHH_6b_MX_1000_MY_300_sl7_nano_100k/crab_srosenzw_NMSSM_XYH_YToHH_6b_MX_1000_MY_300_sl7_nano_100k
INFO 2022-02-02 23:51:13.531 UTC: 	 Please use ' crab status -d srosenzw_NMSSM_XYH_YToHH_6b_MX_1000_MY_300_sl7_nano_100k/crab_srosenzw_NMSSM_XYH_YToHH_6b_MX_1000_MY_300_sl7_nano_100k ' to check how the submission process proceeds.
DEBUG 2022-02-02 23:51:13.531 UTC: 	 About to return
INFO 2022-02-02 23:51:13.534 UTC: 	 Log file is /uscms_data/d3/srosenzw/workarea/higgs/sixb_analysis/CMSSW_10_6_19_patch2/src/sixB/FullSim/Summer20UL18/Template/srosenzw_NMSSM_XYH_YToHH_6b_MX_1000_MY_300_sl7_nano_100k/crab_srosenzw_NMSSM_XYH_YToHH_6b_MX_1000_MY_300_sl7_nano_100k/crab.log
DEBUG 2022-02-02 23:51:42.293 UTC: 	 CRAB Client version: v3.211130
DEBUG 2022-02-02 23:51:42.293 UTC: 	 Running on: Linux cmslpc156.fnal.gov 3.10.0-1160.53.1.el7.x86_64 #1 SMP Tue Jan 11 08:25:52 CST 2022 x86_64 x86_64 x86_64 GNU/Linux - Scientific Linux 7.9 (Nitrogen)
DEBUG 2022-02-02 23:51:42.293 UTC: 	 Executing command: 'status'
DEBUG 2022-02-02 23:51:42.293 UTC: 	 Found CRAB cache file /uscms/home/srosenzw/.crab3
DEBUG 2022-02-02 23:51:42.301 UTC: 	 Checking credentials
DEBUG 2022-02-02 23:51:42.301 UTC: 	 Found proxy file /uscms/home/srosenzw/x509up_u56140
DEBUG 2022-02-02 23:51:42.301 UTC: 	 Getting proxy life time left
DEBUG 2022-02-02 23:51:42.301 UTC: 	 Executing command :
 voms-proxy-info --actimeleft --timeleft --file /uscms/home/srosenzw/x509up_u56140
DEBUG 2022-02-02 23:51:42.329 UTC: 	 output : 690977
690977

 error: 
 retcode : 0
DEBUG 2022-02-02 23:51:42.329 UTC: 	 Proxy valid for 191:56:17 hours
DEBUG 2022-02-02 23:51:42.376 UTC: 	 Encoded data for curl request: subresource=delegatedn
DEBUG 2022-02-02 23:51:42.377 UTC: 	 Executing command :
 curl -v -X GET -H "User-Agent: CRABClient/v3.211130" -H "Accept: */*" --data @/tmp/curlDataNkuPnL --cert "/uscms/home/srosenzw/x509up_u56140" --key "/uscms/home/srosenzw/x509up_u56140" --capath "/etc/grid-security/certificates/" "https://cmsweb.cern.ch:8443/crabserver/prod/info?subresource=delegatedn" | tee /dev/stderr 
DEBUG 2022-02-02 23:51:43.134 UTC: 	 output : {"result": [
 {"services": ["/DC=ch/DC=cern/OU=computers/CN=crab-(preprod|prod|dev)-tw(02|01).cern.ch|/DC=ch/DC=cern/OU=computers/CN=stefanov(m|m2).cern.ch|/DC=ch/DC=cern/OU=computers/CN=dciangot-tw.cern.ch"]}
]}

 error:   % Total    % Received % Xferd  Average Speed   Time    Time     Time  Current
                                 Dload  Upload   Total   Spent    Left  Speed
  0     0    0     0    0     0      0      0 --:--:-- --:--:-- --:--:--     0*   Trying 188.184.98.213...
* TCP_NODELAY set
* Connected to cmsweb.cern.ch (188.184.98.213) port 8443 (#0)
* ALPN, offering http/1.1
* Cipher selection: ALL:!EXPORT:!EXPORT40:!EXPORT56:!aNULL:!LOW:!RC4:@STRENGTH
* successfully set certificate verify locations:
  CAfile: /etc/pki/tls/certs/ca-bundle.crt
  CApath: /etc/grid-security/certificates/
* TLSv1.2 (OUT), TLS header, Certificate Status (22):
} [5 bytes data]
* TLSv1.2 (OUT), TLS handshake, Client hello (1):
} [512 bytes data]
* TLSv1.2 (IN), TLS handshake, Server hello (2):
{ [109 bytes data]
* TLSv1.2 (IN), TLS handshake, Certificate (11):
{ [6224 bytes data]
* TLSv1.2 (IN), TLS handshake, Server key exchange (12):
{ [333 bytes data]
* TLSv1.2 (IN), TLS handshake, Request CERT (13):
{ [13495 bytes data]
* TLSv1.2 (IN), TLS handshake, Server finished (14):
{ [4 bytes data]
* TLSv1.2 (OUT), TLS handshake, Certificate (11):
} [6115 bytes data]
* TLSv1.2 (OUT), TLS handshake, Client key exchange (16):
} [70 bytes data]
* TLSv1.2 (OUT), TLS handshake, CERT verify (15):
} [136 bytes data]
* TLSv1.2 (OUT), TLS change cipher, Client hello (1):
} [1 bytes data]
* TLSv1.2 (OUT), TLS handshake, Finished (20):
} [16 bytes data]
* TLSv1.2 (IN), TLS change cipher, Client hello (1):
{ [1 bytes data]
* TLSv1.2 (IN), TLS handshake, Finished (20):
{ [16 bytes data]
* SSL connection using TLSv1.2 / ECDHE-RSA-AES128-GCM-SHA256
* ALPN, server accepted to use http/1.1
* Server certificate:
*  subject: DC=ch; DC=cern; OU=computers; CN=cmsweb.cern.ch
*  start date: Feb  2 08:08:53 2021 GMT
*  expire date: Mar  9 08:08:53 2022 GMT
*  subjectAltName: host "cmsweb.cern.ch" matched cert's "cmsweb.cern.ch"
*  issuer: DC=ch; DC=cern; CN=CERN Grid Certification Authority
*  SSL certificate verify ok.
} [5 bytes data]
> GET /crabserver/prod/info?subresource=delegatedn HTTP/1.1
> Host: cmsweb.cern.ch:8443
> User-Agent: CRABClient/v3.211130
> Accept: */*
> Content-Length: 22
> Content-Type: application/x-www-form-urlencoded
> 
} [22 bytes data]
* upload completely sent off: 22 out of 22 bytes
{ [5 bytes data]
< HTTP/1.1 200 OK
< Date: Wed, 02 Feb 2022 23:51:43 GMT
< Server: nginx/1.17.10
< Content-Type: application/json
< Content-Length: 213
< Vary: Accept
< Cache-Control: max-age=3600
< X-Rest-Status: 100
< Etag: "de92dcb56f87dabbe30965e60a433c3f1b873eab"
< X-Rest-Time: 197900.534 us
< CMS-Server-Time: D=208551 t=1643845902871457
< 
{ [5 bytes data]
100   235  100   213  100    22    288     29 --:--:-- --:--:-- --:--:--   318
* Connection #0 to host cmsweb.cern.ch left intact
{"result": [
 {"services": ["/DC=ch/DC=cern/OU=computers/CN=crab-(preprod|prod|dev)-tw(02|01).cern.ch|/DC=ch/DC=cern/OU=computers/CN=stefanov(m|m2).cern.ch|/DC=ch/DC=cern/OU=computers/CN=dciangot-tw.cern.ch"]}
]}

 retcode : 0
DEBUG 2022-02-02 23:51:43.135 UTC: 	 Registering user credentials on myproxy for /DC=ch/DC=cern/OU=computers/CN=crab-(preprod|prod|dev)-tw(02|01).cern.ch|/DC=ch/DC=cern/OU=computers/CN=stefanov(m|m2).cern.ch|/DC=ch/DC=cern/OU=computers/CN=dciangot-tw.cern.ch
DEBUG 2022-02-02 23:51:43.135 UTC: 	 Executing command :
 voms-proxy-info --identity --file /uscms/home/srosenzw/x509up_u56140
DEBUG 2022-02-02 23:51:43.164 UTC: 	 output : /DC=ch/DC=cern/OU=Organic Units/OU=Users/CN=srosenzw/CN=821753/CN=Suzanne Rosenzweig

 error: 
 retcode : 0
DEBUG 2022-02-02 23:51:43.164 UTC: 	 Getting myproxy life time left for 60ee80196627500d7a5aa5d9c723db8790c95cf4
DEBUG 2022-02-02 23:51:43.164 UTC: 	 Executing command :
 myproxy-info -s myproxy.cern.ch -l 60ee80196627500d7a5aa5d9c723db8790c95cf4
DEBUG 2022-02-02 23:51:44.098 UTC: 	 output : username: 60ee80196627500d7a5aa5d9c723db8790c95cf4
owner: /DC=ch/DC=cern/OU=Organic Units/OU=Users/CN=srosenzw/CN=821753/CN=Suzanne Rosenzweig
  renewal policy: /DC=ch/DC=cern/OU=computers/CN=crab-(preprod|prod|dev)-tw(02|01).cern.ch|/DC=ch/DC=cern/OU=computers/CN=stefanov(m|m2).cern.ch|/DC=ch/DC=cern/OU=computers/CN=dciangot-tw.cern.ch
  trusted retrieval policy: /DC=ch/DC=cern/OU=computers/CN=crab-(preprod|prod|dev)-tw(02|01).cern.ch|/DC=ch/DC=cern/OU=computers/CN=stefanov(m|m2).cern.ch|/DC=ch/DC=cern/OU=computers/CN=dciangot-tw.cern.ch
  timeleft: 719:56:34  (30.0 days)

 error: 
 retcode : 0
DEBUG 2022-02-02 23:51:44.098 UTC: 	 Myproxy is valid: 2591760
DEBUG 2022-02-02 23:51:44.098 UTC: 	 Result of myproxy credential check:
  Credential exists on myproxy: username: 60ee80196627500d7a5aa5d9c723db8790c95cf4  - validity: 29 days, 23:56:00
DEBUG 2022-02-02 23:51:44.100 UTC: 	 Command use: status
DEBUG 2022-02-02 23:51:44.100 UTC: 	 Options use: []
DEBUG 2022-02-02 23:51:44.100 UTC: 	 Encoded data for curl request: subresource=version
DEBUG 2022-02-02 23:51:44.101 UTC: 	 Executing command :
 curl -v -X GET -H "User-Agent: CRABClient/v3.211130" -H "Accept: */*" --data @/tmp/curlDataeCsryb --cert "/uscms/home/srosenzw/x509up_u56140" --key "/uscms/home/srosenzw/x509up_u56140" --capath "/etc/grid-security/certificates/" "https://cmsweb.cern.ch:8443/crabserver/prod/info?subresource=version" | tee /dev/stderr 
DEBUG 2022-02-02 23:51:44.705 UTC: 	 output : {"result": [
 ["3.3.19", "3.3.20", "v3", "development", "py3.220124"]
]}

 error:   % Total    % Received % Xferd  Average Speed   Time    Time     Time  Current
                                 Dload  Upload   Total   Spent    Left  Speed
  0     0    0     0    0     0      0      0 --:--:-- --:--:-- --:--:--     0*   Trying 188.185.88.214...
* TCP_NODELAY set
* Connected to cmsweb.cern.ch (188.185.88.214) port 8443 (#0)
* ALPN, offering http/1.1
* Cipher selection: ALL:!EXPORT:!EXPORT40:!EXPORT56:!aNULL:!LOW:!RC4:@STRENGTH
* successfully set certificate verify locations:
  CAfile: /etc/pki/tls/certs/ca-bundle.crt
  CApath: /etc/grid-security/certificates/
* TLSv1.2 (OUT), TLS header, Certificate Status (22):
} [5 bytes data]
* TLSv1.2 (OUT), TLS handshake, Client hello (1):
} [512 bytes data]
  0     0    0     0    0     0      0      0 --:--:-- --:--:-- --:--:--     0* TLSv1.2 (IN), TLS handshake, Server hello (2):
{ [109 bytes data]
* TLSv1.2 (IN), TLS handshake, Certificate (11):
{ [6224 bytes data]
* TLSv1.2 (IN), TLS handshake, Server key exchange (12):
{ [333 bytes data]
* TLSv1.2 (IN), TLS handshake, Request CERT (13):
{ [13495 bytes data]
* TLSv1.2 (IN), TLS handshake, Server finished (14):
{ [4 bytes data]
* TLSv1.2 (OUT), TLS handshake, Certificate (11):
} [6115 bytes data]
* TLSv1.2 (OUT), TLS handshake, Client key exchange (16):
} [70 bytes data]
* TLSv1.2 (OUT), TLS handshake, CERT verify (15):
} [136 bytes data]
* TLSv1.2 (OUT), TLS change cipher, Client hello (1):
} [1 bytes data]
* TLSv1.2 (OUT), TLS handshake, Finished (20):
} [16 bytes data]
* TLSv1.2 (IN), TLS change cipher, Client hello (1):
{ [1 bytes data]
* TLSv1.2 (IN), TLS handshake, Finished (20):
{ [16 bytes data]
* SSL connection using TLSv1.2 / ECDHE-RSA-AES128-GCM-SHA256
* ALPN, server accepted to use http/1.1
* Server certificate:
*  subject: DC=ch; DC=cern; OU=computers; CN=cmsweb.cern.ch
*  start date: Feb  2 08:08:53 2021 GMT
*  expire date: Mar  9 08:08:53 2022 GMT
*  subjectAltName: host "cmsweb.cern.ch" matched cert's "cmsweb.cern.ch"
*  issuer: DC=ch; DC=cern; CN=CERN Grid Certification Authority
*  SSL certificate verify ok.
} [5 bytes data]
> GET /crabserver/prod/info?subresource=version HTTP/1.1
> Host: cmsweb.cern.ch:8443
> User-Agent: CRABClient/v3.211130
> Accept: */*
> Content-Length: 19
> Content-Type: application/x-www-form-urlencoded
> 
} [19 bytes data]
* upload completely sent off: 19 out of 19 bytes
{ [5 bytes data]
< HTTP/1.1 200 OK
< Date: Wed, 02 Feb 2022 23:51:44 GMT
< Server: nginx/1.17.10
< Content-Type: application/json
< Content-Length: 73
< Vary: Accept
< Cache-Control: max-age=3600
< X-Rest-Status: 100
< Etag: "3309a93c90cdb00bd297a532c9c67f645a0b4b24"
< X-Rest-Time: 2587.080 us
< CMS-Server-Time: D=54926 t=1643845904595345
< 
{ [5 bytes data]
100    92  100    73  100    19    125     32 --:--:-- --:--:-- --:--:--   157
* Connection #0 to host cmsweb.cern.ch left intact
{"result": [
 ["3.3.19", "3.3.20", "v3", "development", "py3.220124"]
]}

 retcode : 0
DEBUG 2022-02-02 23:51:44.705 UTC: 	 CRABClient version: v3.211130
DEBUG 2022-02-02 23:51:44.705 UTC: 	 Instance is prod
DEBUG 2022-02-02 23:51:44.705 UTC: 	 Server base url is cmsweb.cern.ch
DEBUG 2022-02-02 23:51:44.705 UTC: 	 Command api workflow
DEBUG 2022-02-02 23:51:44.706 UTC: 	 Encoded data for curl request: subresource=search&workflow=220202_235113%3Asrosenzw_crab_srosenzw_NMSSM_XYH_YToHH_6b_MX_1000_MY_300_sl7_nano_100k
DEBUG 2022-02-02 23:51:44.706 UTC: 	 Executing command :
 curl -v -X GET -H "User-Agent: CRABClient/v3.211130" -H "Accept: */*" --data @/tmp/curlDataVv5i2a --cert "/uscms/home/srosenzw/x509up_u56140" --key "/uscms/home/srosenzw/x509up_u56140" --capath "/etc/grid-security/certificates/" "https://cmsweb.cern.ch:8443/crabserver/prod/task?subresource=search&workflow=220202_235113%3Asrosenzw_crab_srosenzw_NMSSM_XYH_YToHH_6b_MX_1000_MY_300_sl7_nano_100k" | tee /dev/stderr 
DEBUG 2022-02-02 23:51:45.345 UTC: 	 output : {"desc": {"columns": ["tm_taskname", "tm_activity", "panda_jobset_id", "tm_task_status", "tm_task_command", "tm_start_time", "tm_start_injection", "tm_end_injection", "tm_task_failure", "tm_job_sw", "tm_job_arch", "tm_input_dataset", "tm_nonvalid_input_dataset", "tm_use_parent", "tm_site_whitelist", "tm_site_blacklist", "tm_split_algo", "tm_split_args", "tm_user_sandbox", "tm_cache_url", "tm_username", "tm_user_dn", "tm_user_vo", "tm_user_role", "tm_user_group", "tm_publish_name", "tm_publish_groupname", "tm_asyncdest", "tm_dbs_url", "tm_publish_dbs_url", "tm_publication", "tm_outfiles", "tm_tfile_outfiles", "tm_edm_outfiles", "tm_job_type", "tm_generator", "tm_events_per_lumi", "tm_arguments", "panda_resubmitted_jobs", "tm_save_logs", "tw_name", "tm_user_infiles", "tm_maxjobruntime", "tm_numcores", "tm_maxmemory", "tm_priority", "tm_output_dataset", "tm_task_warnings", "tm_user_webdir", "tm_scriptexe", "tm_scriptargs", "tm_extrajdl", "tm_asourl", "tm_collector", "tm_schedd", "tm_dry_run", "tm_user_files", "tm_transfer_outputs", "tm_output_lfn", "tm_ignore_locality", "tm_fail_limit", "tm_one_event_mode", "tm_secondary_input_dataset", "tm_primary_dataset", "tm_last_publication", "tm_debug_files", "clusterid", "tm_asodb", "tm_ignore_global_blacklist", "tm_submitter_ip_addr", "tm_totalunits", "tm_ddm_reqid"]}, "result": [
 "220202_235113:srosenzw_crab_srosenzw_NMSSM_XYH_YToHH_6b_MX_1000_MY_300_sl7_nano_100k"
,"None"
,"None"
,"QUEUED"
,"SUBMIT"
,"2022-02-02 23:51:13.465086"
,"None"
,"None"
,"None"
,"CMSSW_10_6_19_patch2"
,"slc7_amd64_gcc820"
,"None"
,"F"
,"0"
,"[]"
,"[]"
,"EventBased"
,"{'halt_job_on_file_boundaries': False, 'splitOnRun': False, 'events_per_job': 500, 'runs': [], 'lumis': []}"
,"4297acf5716da80db9225dff01180e8df72f4dccfd070eb1b5176bc5806458b8.tar.gz"
,"https://cmsweb.cern.ch/S3/crabcache_prod"
,"srosenzw"
,"/DC=ch/DC=cern/OU=Organic Units/OU=Users/CN=srosenzw/CN=821753/CN=Suzanne Rosenzweig"
,"cms"
,"None"
,"None"
,"srosenzw_NMSSM_XYH_YToHH_6b_MX_1000_MY_300_sl7_nano_100k-00000000000000000000000000000000"
,"F"
,"T3_US_FNALLPC"
,"https://cmsweb.cern.ch/dbs/prod/global/DBSReader"
,"https://cmsweb.cern.ch/dbs/prod/phys03/DBSWriter"
,"F"
,"[]"
,"[]"
,"['nanoAOD_step.root']"
,"PrivateMC"
,"pythia"
,"None"
,"{}"
,"None"
,"F"
,"crab-prod-tw01"
,"[]"
,"1250"
,"2"
,"3500"
,"10"
,"None"
,"[]"
,"None"
,"scriptExe.sh"
,"[]"
,"[]"
,"https://cmsweb.cern.ch/crabserver/prod"
,"cmsgwms-collector-global.cern.ch:9620,cmsgwms-collector-global.fnal.gov:9620"
,"None"
,"F"
,"[]"
,"T"
,"/store/group/lpchbb/srosenzw/XY_YToHH/"
,"F"
,"None"
,"F"
,"None"
,"CRAB_PrivateMC"
,"None"
,"fbc35eb47890f7e42ee5baedf566eebe0eb3d8297d71df8f7d71e402502a2f28.tar.gz"
,"None"
,"filetransfers"
,"F"
,"188.184.75.95"
,"100000.0"
,"None"
]}

 error:   % Total    % Received % Xferd  Average Speed   Time    Time     Time  Current
                                 Dload  Upload   Total   Spent    Left  Speed
  0     0    0     0    0     0      0      0 --:--:-- --:--:-- --:--:--     0*   Trying 188.184.98.213...
* TCP_NODELAY set
* Connected to cmsweb.cern.ch (188.184.98.213) port 8443 (#0)
* ALPN, offering http/1.1
* Cipher selection: ALL:!EXPORT:!EXPORT40:!EXPORT56:!aNULL:!LOW:!RC4:@STRENGTH
* successfully set certificate verify locations:
  CAfile: /etc/pki/tls/certs/ca-bundle.crt
  CApath: /etc/grid-security/certificates/
* TLSv1.2 (OUT), TLS header, Certificate Status (22):
} [5 bytes data]
* TLSv1.2 (OUT), TLS handshake, Client hello (1):
} [512 bytes data]
* TLSv1.2 (IN), TLS handshake, Server hello (2):
{ [109 bytes data]
* TLSv1.2 (IN), TLS handshake, Certificate (11):
{ [6224 bytes data]
* TLSv1.2 (IN), TLS handshake, Server key exchange (12):
{ [333 bytes data]
* TLSv1.2 (IN), TLS handshake, Request CERT (13):
{ [13495 bytes data]
* TLSv1.2 (IN), TLS handshake, Server finished (14):
{ [4 bytes data]
* TLSv1.2 (OUT), TLS handshake, Certificate (11):
} [6115 bytes data]
* TLSv1.2 (OUT), TLS handshake, Client key exchange (16):
} [70 bytes data]
* TLSv1.2 (OUT), TLS handshake, CERT verify (15):
} [136 bytes data]
* TLSv1.2 (OUT), TLS change cipher, Client hello (1):
} [1 bytes data]
* TLSv1.2 (OUT), TLS handshake, Finished (20):
} [16 bytes data]
* TLSv1.2 (IN), TLS change cipher, Client hello (1):
{ [1 bytes data]
* TLSv1.2 (IN), TLS handshake, Finished (20):
{ [16 bytes data]
* SSL connection using TLSv1.2 / ECDHE-RSA-AES128-GCM-SHA256
* ALPN, server accepted to use http/1.1
* Server certificate:
*  subject: DC=ch; DC=cern; OU=computers; CN=cmsweb.cern.ch
*  start date: Feb  2 08:08:53 2021 GMT
*  expire date: Mar  9 08:08:53 2022 GMT
*  subjectAltName: host "cmsweb.cern.ch" matched cert's "cmsweb.cern.ch"
*  issuer: DC=ch; DC=cern; CN=CERN Grid Certification Authority
*  SSL certificate verify ok.
} [5 bytes data]
> GET /crabserver/prod/task?subresource=search&workflow=220202_235113%3Asrosenzw_crab_srosenzw_NMSSM_XYH_YToHH_6b_MX_1000_MY_300_sl7_nano_100k HTTP/1.1
> Host: cmsweb.cern.ch:8443
> User-Agent: CRABClient/v3.211130
> Accept: */*
> Content-Length: 114
> Content-Type: application/x-www-form-urlencoded
> 
} [114 bytes data]
* upload completely sent off: 114 out of 114 bytes
{ [5 bytes data]
< HTTP/1.1 200 OK
< Date: Wed, 02 Feb 2022 23:51:45 GMT
< Server: nginx/1.17.10
< Content-Type: application/json
< Content-Length: 2758
< Vary: Accept-Encoding,Accept
< Cache-Control: max-age=3600
< X-Rest-Status: 100
< Etag: "279bbb716e0ef77f0931220d8cd22662fdbd38e5"
< X-Rest-Time: 79462.767 us
< CMS-Server-Time: D=90576 t=1643845905200542
< 
  3  2872    0     0  100   114      0    183 --:--:-- --:--:-- --:--:--   183{ [5 bytes data]
100  2872  100  2758  100   114   4448    183 --:--:-- --:--:-- --:--:--  4624
* Connection #0 to host cmsweb.cern.ch left intact
{"desc": {"columns": ["tm_taskname", "tm_activity", "panda_jobset_id", "tm_task_status", "tm_task_command", "tm_start_time", "tm_start_injection", "tm_end_injection", "tm_task_failure", "tm_job_sw", "tm_job_arch", "tm_input_dataset", "tm_nonvalid_input_dataset", "tm_use_parent", "tm_site_whitelist", "tm_site_blacklist", "tm_split_algo", "tm_split_args", "tm_user_sandbox", "tm_cache_url", "tm_username", "tm_user_dn", "tm_user_vo", "tm_user_role", "tm_user_group", "tm_publish_name", "tm_publish_groupname", "tm_asyncdest", "tm_dbs_url", "tm_publish_dbs_url", "tm_publication", "tm_outfiles", "tm_tfile_outfiles", "tm_edm_outfiles", "tm_job_type", "tm_generator", "tm_events_per_lumi", "tm_arguments", "panda_resubmitted_jobs", "tm_save_logs", "tw_name", "tm_user_infiles", "tm_maxjobruntime", "tm_numcores", "tm_maxmemory", "tm_priority", "tm_output_dataset", "tm_task_warnings", "tm_user_webdir", "tm_scriptexe", "tm_scriptargs", "tm_extrajdl", "tm_asourl", "tm_collector", "tm_schedd", "tm_dry_run", "tm_user_files", "tm_transfer_outputs", "tm_output_lfn", "tm_ignore_locality", "tm_fail_limit", "tm_one_event_mode", "tm_secondary_input_dataset", "tm_primary_dataset", "tm_last_publication", "tm_debug_files", "clusterid", "tm_asodb", "tm_ignore_global_blacklist", "tm_submitter_ip_addr", "tm_totalunits", "tm_ddm_reqid"]}, "result": [
 "220202_235113:srosenzw_crab_srosenzw_NMSSM_XYH_YToHH_6b_MX_1000_MY_300_sl7_nano_100k"
,"None"
,"None"
,"QUEUED"
,"SUBMIT"
,"2022-02-02 23:51:13.465086"
,"None"
,"None"
,"None"
,"CMSSW_10_6_19_patch2"
,"slc7_amd64_gcc820"
,"None"
,"F"
,"0"
,"[]"
,"[]"
,"EventBased"
,"{'halt_job_on_file_boundaries': False, 'splitOnRun': False, 'events_per_job': 500, 'runs': [], 'lumis': []}"
,"4297acf5716da80db9225dff01180e8df72f4dccfd070eb1b5176bc5806458b8.tar.gz"
,"https://cmsweb.cern.ch/S3/crabcache_prod"
,"srosenzw"
,"/DC=ch/DC=cern/OU=Organic Units/OU=Users/CN=srosenzw/CN=821753/CN=Suzanne Rosenzweig"
,"cms"
,"None"
,"None"
,"srosenzw_NMSSM_XYH_YToHH_6b_MX_1000_MY_300_sl7_nano_100k-00000000000000000000000000000000"
,"F"
,"T3_US_FNALLPC"
,"https://cmsweb.cern.ch/dbs/prod/global/DBSReader"
,"https://cmsweb.cern.ch/dbs/prod/phys03/DBSWriter"
,"F"
,"[]"
,"[]"
,"['nanoAOD_step.root']"
,"PrivateMC"
,"pythia"
,"None"
,"{}"
,"None"
,"F"
,"crab-prod-tw01"
,"[]"
,"1250"
,"2"
,"3500"
,"10"
,"None"
,"[]"
,"None"
,"scriptExe.sh"
,"[]"
,"[]"
,"https://cmsweb.cern.ch/crabserver/prod"
,"cmsgwms-collector-global.cern.ch:9620,cmsgwms-collector-global.fnal.gov:9620"
,"None"
,"F"
,"[]"
,"T"
,"/store/group/lpchbb/srosenzw/XY_YToHH/"
,"F"
,"None"
,"F"
,"None"
,"CRAB_PrivateMC"
,"None"
,"fbc35eb47890f7e42ee5baedf566eebe0eb3d8297d71df8f7d71e402502a2f28.tar.gz"
,"None"
,"filetransfers"
,"F"
,"188.184.75.95"
,"100000.0"
,"None"
]}

 retcode : 0
DEBUG 2022-02-02 23:51:45.345 UTC: 	 Got information from server oracle database: {u'result': [u'220202_235113:srosenzw_crab_srosenzw_NMSSM_XYH_YToHH_6b_MX_1000_MY_300_sl7_nano_100k', u'None', u'None', u'QUEUED', u'SUBMIT', u'2022-02-02 23:51:13.465086', u'None', u'None', u'None', u'CMSSW_10_6_19_patch2', u'slc7_amd64_gcc820', u'None', u'F', u'0', u'[]', u'[]', u'EventBased', u"{'halt_job_on_file_boundaries': False, 'splitOnRun': False, 'events_per_job': 500, 'runs': [], 'lumis': []}", u'4297acf5716da80db9225dff01180e8df72f4dccfd070eb1b5176bc5806458b8.tar.gz', u'https://cmsweb.cern.ch/S3/crabcache_prod', u'srosenzw', u'/DC=ch/DC=cern/OU=Organic Units/OU=Users/CN=srosenzw/CN=821753/CN=Suzanne Rosenzweig', u'cms', u'None', u'None', u'srosenzw_NMSSM_XYH_YToHH_6b_MX_1000_MY_300_sl7_nano_100k-00000000000000000000000000000000', u'F', u'T3_US_FNALLPC', u'https://cmsweb.cern.ch/dbs/prod/global/DBSReader', u'https://cmsweb.cern.ch/dbs/prod/phys03/DBSWriter', u'F', u'[]', u'[]', u"['nanoAOD_step.root']", u'PrivateMC', u'pythia', u'None', u'{}', u'None', u'F', u'crab-prod-tw01', u'[]', u'1250', u'2', u'3500', u'10', u'None', u'[]', u'None', u'scriptExe.sh', u'[]', u'[]', u'https://cmsweb.cern.ch/crabserver/prod', u'cmsgwms-collector-global.cern.ch:9620,cmsgwms-collector-global.fnal.gov:9620', u'None', u'F', u'[]', u'T', u'/store/group/lpchbb/srosenzw/XY_YToHH/', u'F', u'None', u'F', u'None', u'CRAB_PrivateMC', u'None', u'fbc35eb47890f7e42ee5baedf566eebe0eb3d8297d71df8f7d71e402502a2f28.tar.gz', u'None', u'filetransfers', u'F', u'188.184.75.95', u'100000.0', u'None'], u'desc': {u'columns': [u'tm_taskname', u'tm_activity', u'panda_jobset_id', u'tm_task_status', u'tm_task_command', u'tm_start_time', u'tm_start_injection', u'tm_end_injection', u'tm_task_failure', u'tm_job_sw', u'tm_job_arch', u'tm_input_dataset', u'tm_nonvalid_input_dataset', u'tm_use_parent', u'tm_site_whitelist', u'tm_site_blacklist', u'tm_split_algo', u'tm_split_args', u'tm_user_sandbox', u'tm_cache_url', u'tm_username', u'tm_user_dn', u'tm_user_vo', u'tm_user_role', u'tm_user_group', u'tm_publish_name', u'tm_publish_groupname', u'tm_asyncdest', u'tm_dbs_url', u'tm_publish_dbs_url', u'tm_publication', u'tm_outfiles', u'tm_tfile_outfiles', u'tm_edm_outfiles', u'tm_job_type', u'tm_generator', u'tm_events_per_lumi', u'tm_arguments', u'panda_resubmitted_jobs', u'tm_save_logs', u'tw_name', u'tm_user_infiles', u'tm_maxjobruntime', u'tm_numcores', u'tm_maxmemory', u'tm_priority', u'tm_output_dataset', u'tm_task_warnings', u'tm_user_webdir', u'tm_scriptexe', u'tm_scriptargs', u'tm_extrajdl', u'tm_asourl', u'tm_collector', u'tm_schedd', u'tm_dry_run', u'tm_user_files', u'tm_transfer_outputs', u'tm_output_lfn', u'tm_ignore_locality', u'tm_fail_limit', u'tm_one_event_mode', u'tm_secondary_input_dataset', u'tm_primary_dataset', u'tm_last_publication', u'tm_debug_files', u'clusterid', u'tm_asodb', u'tm_ignore_global_blacklist', u'tm_submitter_ip_addr', u'tm_totalunits', u'tm_ddm_reqid']}}
INFO 2022-02-02 23:51:45.345 UTC: 	 CRAB project directory:		/uscms_data/d3/srosenzw/workarea/higgs/sixb_analysis/CMSSW_10_6_19_patch2/src/sixB/FullSim/Summer20UL18/Template/srosenzw_NMSSM_XYH_YToHH_6b_MX_1000_MY_300_sl7_nano_100k/crab_srosenzw_NMSSM_XYH_YToHH_6b_MX_1000_MY_300_sl7_nano_100k
INFO 2022-02-02 23:51:45.345 UTC: 	 Task name:			220202_235113:srosenzw_crab_srosenzw_NMSSM_XYH_YToHH_6b_MX_1000_MY_300_sl7_nano_100k
INFO 2022-02-02 23:51:45.346 UTC: 	 Grid scheduler - Task Worker:	N/A yet - crab-prod-tw01
INFO 2022-02-02 23:51:45.346 UTC: 	 Status on the CRAB server:	QUEUED on command SUBMIT
INFO 2022-02-02 23:51:45.346 UTC: 	 Task URL to use for HELP:	https://cmsweb.cern.ch/crabserver/ui/task/220202_235113%3Asrosenzw_crab_srosenzw_NMSSM_XYH_YToHH_6b_MX_1000_MY_300_sl7_nano_100k
INFO 2022-02-02 23:51:45.349 UTC: 	 Dashboard monitoring URL:	https://monit-grafana.cern.ch/d/cmsTMDetail/cms-task-monitoring-task-view?orgId=11&var-user=srosenzw&var-task=220202_235113%3Asrosenzw_crab_srosenzw_NMSSM_XYH_YToHH_6b_MX_1000_MY_300_sl7_nano_100k&from=1643842273000&to=now
DEBUG 2022-02-02 23:51:45.349 UTC: 	 The task has not been submitted to the Grid scheduler yet. Not printing job information.
INFO 2022-02-02 23:51:45.351 UTC: 	 Log file is /uscms_data/d3/srosenzw/workarea/higgs/sixb_analysis/CMSSW_10_6_19_patch2/src/sixB/FullSim/Summer20UL18/Template/srosenzw_NMSSM_XYH_YToHH_6b_MX_1000_MY_300_sl7_nano_100k/crab_srosenzw_NMSSM_XYH_YToHH_6b_MX_1000_MY_300_sl7_nano_100k/crab.log
