DEBUG 2022-02-02 23:50:19.327 UTC: 	 CRAB Client version: v3.211130
DEBUG 2022-02-02 23:50:19.327 UTC: 	 Running on: Linux cmslpc156.fnal.gov 3.10.0-1160.53.1.el7.x86_64 #1 SMP Tue Jan 11 08:25:52 CST 2022 x86_64 x86_64 x86_64 GNU/Linux - Scientific Linux 7.9 (Nitrogen)
DEBUG 2022-02-02 23:50:19.327 UTC: 	 Executing command: 'submit'
DEBUG 2022-02-02 23:50:19.328 UTC: 	 Found CRAB cache file /uscms/home/srosenzw/.crab3
INFO 2022-02-02 23:50:19.340 UTC: 	 Will use CRAB configuration file crabConfig.py
DEBUG 2022-02-02 23:50:19.340 UTC: 	 Loading CRAB configuration file.
DEBUG 2022-02-02 23:50:19.352 UTC: 	 Will use CRAB PrivateMC plugin (i.e. will run a MC generation job type).
ERROR 2022-02-02 23:50:19.353 UTC: 	 Working area '/uscms_data/d3/srosenzw/workarea/higgs/sixb_analysis/CMSSW_10_6_19_patch2/src/sixB/FullSim/Summer20UL18/Template/srosenzw_NMSSM_XYH_YToHH_6b_MX_1000_MY_300_sl7_nano_100k/crab_srosenzw_NMSSM_XYH_YToHH_6b_MX_1000_MY_300_sl7_nano_100k' already exists 
Please change the requestName in the config file
ERROR 2022-02-02 23:50:19.353 UTC: 	 Caught ClientException exception
Traceback (most recent call last):
  File "/cvmfs/cms.cern.ch/share/cms/crab-prod/v3.211130.01/bin/crab.py", line 149, in <module>
    client()
  File "/cvmfs/cms.cern.ch/share/cms/crab-prod/v3.211130.01/bin/crab.py", line 134, in __call__
    self.cmd = sub_cmd(self.logger, args[1:])
  File "/cvmfs/cms.cern.ch/share/cms/crab-prod/v3.211130.01/lib/CRABClient/Commands/submit.py", line 36, in __init__
    SubCommand.__init__(self, logger, cmdargs, disable_interspersed_args=True)
  File "/cvmfs/cms.cern.ch/share/cms/crab-prod/v3.211130.01/lib/CRABClient/Commands/SubCommand.py", line 314, in __init__
    getattr(self.configuration.General, 'requestName', None))
  File "/cvmfs/cms.cern.ch/share/cms/crab-prod/v3.211130.01/lib/CRABClient/ClientUtilities.py", line 387, in createWorkArea
    raise ConfigException("Working area '%s' already exists \nPlease change the requestName in the config file" % fullpath)
ConfigException: Working area '/uscms_data/d3/srosenzw/workarea/higgs/sixb_analysis/CMSSW_10_6_19_patch2/src/sixB/FullSim/Summer20UL18/Template/srosenzw_NMSSM_XYH_YToHH_6b_MX_1000_MY_300_sl7_nano_100k/crab_srosenzw_NMSSM_XYH_YToHH_6b_MX_1000_MY_300_sl7_nano_100k' already exists 
Please change the requestName in the config file
INFO 2022-02-02 23:50:19.359 UTC: 	 Log file is /uscms_data/d3/srosenzw/workarea/higgs/sixb_analysis/CMSSW_10_6_19_patch2/src/sixB/FullSim/Summer20UL18/Template/crab.log
