Starting job on  Thu Feb 3 19:38:16 EST 2022
Running on  Linux cmslpc145.fnal.gov 3.10.0-1160.53.1.el7.x86_64 #1 SMP Tue Jan 11 08:25:52 CST 2022 x86_64 x86_64 x86_64 GNU/Linux
System release  Scientific Linux release 7.9 (Nitrogen)
name: NMSSM_XYH_YToHH_6b_MX_700_MY_400
carddir: cards/production/2017/13TeV/NMSSM_XYH_YToHH_6b/NMSSM_XYH_YToHH_6b_MX_700_MY_400
queue: local
scram_arch: slc7_amd64_gcc700
cmssw_version: CMSSW_10_6_19
# On branch master
#
# Initial commit
#
# Untracked files:
#   (use "git add <file>..." to include in what will be committed)
#
#	../../.gitignore
#	../../MetaData/
#	../../README.md
#	../../Utilities/
#	../
#	../../genfragments/
nothing added to commit but untracked files present (use "git add" to track)
Current git revision is:
HEAD
/uscms/home/srosenzw/nobackup/workarea/higgs/sixb_analysis/CMSSW_10_6_19_patch2/src/sixB/MadGraph/gridpacks/genproductions/bin/MadGraph5_aMCatNLO
patching file models/loop_qcd_qed_sm/restrict_lepton_masses_no_lepton_yukawas.dat
patching file models/loop_sm/restrict_ckm_no_b_mass.dat
patching file models/sm/restrict_ckm_lepton_masses.dat
patching file models/sm/restrict_ckm_lepton_masses_no_b_mass.dat
patching file models/sm/restrict_ckm_no_b_mass.dat
patching file models/sm/restrict_lepton_masses_no_b_mass.dat
patching file Template/NLO/SubProcesses/MCmasses_PYTHIA8.inc
patching file madgraph/interface/reweight_interface.py
patching file madgraph/interface/loop_interface.py
patching file madgraph/various/systematics.py
patching file Template/LO/Source/.make_opts
Hunk #1 succeeded at 118 (offset 4 lines).
patching file Template/NLO/Source/make_opts.inc
patching file madgraph/iolibs/export_v4.py
Hunk #1 succeeded at 521 (offset 23 lines).
patching file madgraph/iolibs/template_files/pdf_opendata.f
patching file madgraph/iolibs/template_files/pdf_wrap_lhapdf.f
Hunk #2 succeeded at 38 with fuzz 1.
patching file Template/LO/SubProcesses/refine.sh
patching file Template/LO/SubProcesses/refine_splitted.sh
patching file Template/LO/SubProcesses/survey.sh
patching file Template/NLO/SubProcesses/ajob_template
patching file Template/NLO/SubProcesses/reweight_xsec_events.local
patching file Template/LO/Source/.make_opts
Hunk #1 succeeded at 100 (offset 4 lines).
patching file Template/LO/Source/PDF/pdf_lhapdf6.cc
Hunk #1 succeeded at 16 with fuzz 2 (offset 4 lines).
patching file Template/NLO/Source/PDF/pdf_lhapdf6.cc
Hunk #1 succeeded at 16 with fuzz 2 (offset 4 lines).
patching file Template/NLO/Source/make_opts.inc
patching file madgraph/iolibs/template_files/pdf_wrap_lhapdf.f
patching file Template/LO/SubProcesses/refine.sh
Hunk #3 succeeded at 113 with fuzz 2.
patching file Template/LO/SubProcesses/refine_splitted.sh
patching file Template/LO/SubProcesses/survey.sh
patching file Template/NLO/SubProcesses/ajob_template
patching file Template/NLO/SubProcesses/reweight_xsec_events.local
patching file madgraph/interface/reweight_interface.py
Hunk #1 succeeded at 1885 (offset 37 lines).
patching file madgraph/interface/common_run_interface.py
Hunk #1 succeeded at 1701 (offset 101 lines).
patching file Template/LO/SubProcesses/refine.sh
patching file Template/LO/SubProcesses/refine_splitted.sh
patching file Template/LO/SubProcesses/survey.sh
patching file Template/NLO/SubProcesses/ajob_template
patching file Template/NLO/SubProcesses/reweight_xsec_events.local
patching file madgraph/various/misc.py
Hunk #1 succeeded at 450 (offset 48 lines).
patching file madgraph/interface/amcatnlo_run_interface.py
patching file madgraph/interface/madevent_interface.py
Hunk #1 succeeded at 6598 (offset 17 lines).
Hunk #2 succeeded at 6614 (offset 17 lines).
patching file madgraph/interface/reweight_interface.py
Hunk #2 succeeded at 1696 (offset 25 lines).
patching file MadSpin/decay.py
patching file Template/NLO/SubProcesses/handling_lhe_events.f
patching file madgraph/interface/amcatnlo_run_interface.py
patching file madgraph/interface/reweight_interface.py
Hunk #1 succeeded at 644 (offset 1 line).
Hunk #2 succeeded at 1788 (offset 7 lines).
patching file Template/NLO/SubProcesses/driver_mintFO.f
patching file Template/NLO/SubProcesses/driver_mintMC.f
patching file madgraph/core/helas_objects.py
patching file MadSpin/interface_madspin.py
patching file Template/LO/Source/PDF/PhotonFlux.f
patching file madgraph/interface/madevent_interface.py
patching file madgraph/interface/madgraph_interface.py
patching file Template/LO/bin/internal/restore_data
patching file madgraph/interface/madevent_interface.py
patching file madgraph/interface/madevent_interface.py
patching file Template/loop_material/StandAlone/SubProcesses/MadLoopCommons.inc
patching file MadSpin/interface_madspin.py
patching file madgraph/interface/common_run_interface.py
patching file MadSpin/interface_madspin.py
patching file madgraph/interface/amcatnlo_run_interface.py
Hunk #5 succeeded at 4324 (offset 1 line).
Hunk #6 succeeded at 5105 (offset 1 line).
Hunk #7 succeeded at 5440 (offset 1 line).
patching file madgraph/various/cluster.py
************************************************************
*                                                          *
*                     W E L C O M E to                     *
*              M A D G R A P H 5 _ a M C @ N L O           *
*                                                          *
*                                                          *
*                 *                       *                *
*                   *        * *        *                  *
*                     * * * * 5 * * * *                    *
*                   *        * *        *                  *
*                 *                       *                *
*                                                          *
*         VERSION 2.6.5                 2018-02-03         *
*                                                          *
*    The MadGraph5_aMC@NLO Development Team - Find us at   *
*    https://server06.fynu.ucl.ac.be/projects/madgraph     *
*                            and                           *
*            http://amcatnlo.web.cern.ch/amcatnlo/         *
*                                                          *
*               Type 'help' for in-line help.              *
*           Type 'tutorial' to learn how MG5 works         *
*    Type 'tutorial aMCatNLO' to learn how aMC@NLO works   *
*    Type 'tutorial MadLoop' to learn how MadLoop works    *
*                                                          *
************************************************************
load MG5 configuration from input/mg5_configuration.txt 
fastjet-config does not seem to correspond to a valid fastjet-config executable (v3+). We will use fjcore instead.
 Please set the 'fastjet'variable to the full (absolute) /PATH/TO/fastjet-config (including fastjet-config).
 MG5_aMC> set fastjet /PATH/TO/fastjet-config

set lhapdf to lhapdf-config
Using default text editor "vi". Set another one in ./input/mg5_configuration.txt
Using default eps viewer "evince". Set another one in ./input/mg5_configuration.txt
No valid web browser found. Please set in ./input/mg5_configuration.txt
import /uscms_data/d3/srosenzw/workarea/higgs/sixb_analysis/CMSSW_10_6_19_patch2/src/sixB/MadGraph/gridpacks/genproductions/bin/MadGraph5_aMCatNLO/NMSSM_XYH_YToHH_6b_MX_700_MY_400/NMSSM_XYH_YToHH_6b_MX_700_MY_400_gridpack/work/MG5_aMC_v2_6_5/mgconfigscript
The import format was not given, so we guess it as command
set auto_update 0
save options auto_update
save configuration file to /uscms_data/d3/srosenzw/workarea/higgs/sixb_analysis/CMSSW_10_6_19_patch2/src/sixB/MadGraph/gridpacks/genproductions/bin/MadGraph5_aMCatNLO/NMSSM_XYH_YToHH_6b_MX_700_MY_400/NMSSM_XYH_YToHH_6b_MX_700_MY_400_gridpack/work/MG5_aMC_v2_6_5/input/mg5_configuration.txt
set automatic_html_opening False
This option will be the default in any output that you are going to create in this session.
In order to keep this changes permanent please run 'save options'
set lhapdf /cvmfs/cms.cern.ch/slc7_amd64_gcc700/external/lhapdf/6.2.1-pafccj3/share/LHAPDF/../../bin/lhapdf-config
set lhapdf to /cvmfs/cms.cern.ch/slc7_amd64_gcc700/external/lhapdf/6.2.1-pafccj3/share/LHAPDF/../../bin/lhapdf-config
save options lhapdf
save configuration file to /uscms_data/d3/srosenzw/workarea/higgs/sixb_analysis/CMSSW_10_6_19_patch2/src/sixB/MadGraph/gridpacks/genproductions/bin/MadGraph5_aMCatNLO/NMSSM_XYH_YToHH_6b_MX_700_MY_400/NMSSM_XYH_YToHH_6b_MX_700_MY_400_gridpack/work/MG5_aMC_v2_6_5/input/mg5_configuration.txt
set run_mode 2
This option will be the default in any output that you are going to create in this session.
In order to keep this changes permanent please run 'save options'
save options
save configuration file to /uscms_data/d3/srosenzw/workarea/higgs/sixb_analysis/CMSSW_10_6_19_patch2/src/sixB/MadGraph/gridpacks/genproductions/bin/MadGraph5_aMCatNLO/NMSSM_XYH_YToHH_6b_MX_700_MY_400/NMSSM_XYH_YToHH_6b_MX_700_MY_400_gridpack/work/MG5_aMC_v2_6_5/input/mg5_configuration.txt
quit
Loading extra models specified in /uscms/home/srosenzw/nobackup/workarea/higgs/sixb_analysis/CMSSW_10_6_19_patch2/src/sixB/MadGraph/gridpacks/genproductions/bin/MadGraph5_aMCatNLO/cards/production/2017/13TeV/NMSSM_XYH_YToHH_6b/NMSSM_XYH_YToHH_6b_MX_700_MY_400/NMSSM_XYH_YToHH_6b_MX_700_MY_400_extramodels.dat
Loading extra model NMSSMHET_UFO_fermioncouplings.zip
Archive:  ../NMSSMHET_UFO_fermioncouplings.zip
   creating: NMSSMHET_UFO/
  inflating: NMSSMHET_UFO/__init__.py  
   creating: __MACOSX/
   creating: __MACOSX/NMSSMHET_UFO/
  inflating: __MACOSX/NMSSMHET_UFO/.___init__.py  
  inflating: NMSSMHET_UFO/coupling_orders.py  
  inflating: __MACOSX/NMSSMHET_UFO/._coupling_orders.py  
  inflating: NMSSMHET_UFO/couplings.py  
  inflating: __MACOSX/NMSSMHET_UFO/._couplings.py  
  inflating: NMSSMHET_UFO/CT_couplings.py  
  inflating: __MACOSX/NMSSMHET_UFO/._CT_couplings.py  
  inflating: NMSSMHET_UFO/function_library.py  
  inflating: __MACOSX/NMSSMHET_UFO/._function_library.py  
  inflating: NMSSMHET_UFO/lorentz.py  
  inflating: __MACOSX/NMSSMHET_UFO/._lorentz.py  
  inflating: NMSSMHET_UFO/NMSSMHET_UFO.log  
  inflating: __MACOSX/NMSSMHET_UFO/._NMSSMHET_UFO.log  
  inflating: NMSSMHET_UFO/object_library.py  
  inflating: __MACOSX/NMSSMHET_UFO/._object_library.py  
  inflating: NMSSMHET_UFO/parameters.py  
  inflating: __MACOSX/NMSSMHET_UFO/._parameters.py  
  inflating: NMSSMHET_UFO/particles.py  
  inflating: __MACOSX/NMSSMHET_UFO/._particles.py  
  inflating: NMSSMHET_UFO/propagators.py  
  inflating: __MACOSX/NMSSMHET_UFO/._propagators.py  
  inflating: NMSSMHET_UFO/vertices.py  
  inflating: __MACOSX/NMSSMHET_UFO/._vertices.py  
  inflating: NMSSMHET_UFO/write_param_card.py  
  inflating: __MACOSX/NMSSMHET_UFO/._write_param_card.py  
/uscms/home/srosenzw/nobackup/workarea/higgs/sixb_analysis/CMSSW_10_6_19_patch2/src/sixB/MadGraph/gridpacks/genproductions/bin/MadGraph5_aMCatNLO/NMSSM_XYH_YToHH_6b_MX_700_MY_400/NMSSM_XYH_YToHH_6b_MX_700_MY_400_gridpack/work
************************************************************
*                                                          *
*                     W E L C O M E to                     *
*              M A D G R A P H 5 _ a M C @ N L O           *
*                                                          *
*                                                          *
*                 *                       *                *
*                   *        * *        *                  *
*                     * * * * 5 * * * *                    *
*                   *        * *        *                  *
*                 *                       *                *
*                                                          *
*         VERSION 2.6.5                 2018-02-03         *
*                                                          *
*    The MadGraph5_aMC@NLO Development Team - Find us at   *
*    https://server06.fynu.ucl.ac.be/projects/madgraph     *
*                            and                           *
*            http://amcatnlo.web.cern.ch/amcatnlo/         *
*                                                          *
*               Type 'help' for in-line help.              *
*           Type 'tutorial' to learn how MG5 works         *
*    Type 'tutorial aMCatNLO' to learn how aMC@NLO works   *
*    Type 'tutorial MadLoop' to learn how MadLoop works    *
*                                                          *
************************************************************
load MG5 configuration from MG5_aMC_v2_6_5/input/mg5_configuration.txt 
None does not seem to correspond to a valid fastjet-config executable (v3+). We will use fjcore instead.
 Please set the 'fastjet'variable to the full (absolute) /PATH/TO/fastjet-config (including fastjet-config).
 MG5_aMC> set fastjet /PATH/TO/fastjet-config

set lhapdf to /cvmfs/cms.cern.ch/slc7_amd64_gcc700/external/lhapdf/6.2.1-pafccj3/share/LHAPDF/../../bin/lhapdf-config
Using default text editor "vi". Set another one in ./input/mg5_configuration.txt
Using default eps viewer "evince". Set another one in ./input/mg5_configuration.txt
No valid web browser found. Please set in ./input/mg5_configuration.txt
import /uscms_data/d3/srosenzw/workarea/higgs/sixb_analysis/CMSSW_10_6_19_patch2/src/sixB/MadGraph/gridpacks/genproductions/bin/MadGraph5_aMCatNLO/NMSSM_XYH_YToHH_6b_MX_700_MY_400/NMSSM_XYH_YToHH_6b_MX_700_MY_400_gridpack/work/NMSSM_XYH_YToHH_6b_MX_700_MY_400_proc_card.dat
The import format was not given, so we guess it as command
set group_subprocesses Auto
Set group_subprocesses to Auto
Note that you need to regenerate all processes
set ignore_six_quark_processes False
set loop_optimized_output True
set loop optimized output to True
set gauge unitary
Passing to gauge unitary.
set complex_mass_scheme False
Complex mass already desactivated.
import model NMSSMHET_UFO --modelname
INFO: load particles 
INFO: load vertices 
Defined multiparticle p = g u d u~ d~ c s c~ s~
Defined multiparticle j = g u d u~ d~ c s c~ s~
Defined multiparticle l+ = e+ mu+
Defined multiparticle l- = e- mu-
Defined multiparticle vl = ve vm vt
Defined multiparticle vl~ = ve~ vm~ vt~
Defined multiparticle all = g u d u~ d~ a ve vm vt ve~ vm~ vt~ go su1 su2 su3 su4 su5 su6 sd1 sd2 sd3 sd4 sd5 sd6 su1~ su2~ su3~ su4~ su5~ su6~ sd1~ sd2~ sd3~ sd4~ sd5~ sd6~ c t s b c~ t~ s~ b~ z w+ h01 h02 h03 a01 a02 h+ sv1 sv2 sv3 sl1- sl2- sl3- sl4- sl5- sl6- w- h- sv1~ sv2~ sv3~ sl1+ sl2+ sl3+ sl4+ sl5+ sl6+ n1 n2 n3 n4 n5 x1+ x2+ e- mu- tau- x1- x2- e+ mu+ tau+
generate g g > h03, (h03 > h01 h02, (h02 > h01 h01, h01 > b b~), (h01 > b b~) )
INFO: Checking for minimal orders which gives processes. 
INFO: Please specify coupling orders to bypass this step. 
INFO: Trying coupling order WEIGHTED<=1: WEIGTHED IS HIW+QCD+QED+HIG 
INFO: Trying process: g g > h03 WEIGHTED<=1 @1  
INFO: Process has 1 diagrams 
INFO: Checking for minimal orders which gives processes. 
INFO: Please specify coupling orders to bypass this step. 
INFO: Trying coupling order WEIGHTED<=1: WEIGTHED IS HIW+QCD+QED+HIG 
INFO: Trying process: h03 > h01 h02 WEIGHTED<=1  
INFO: Process has 1 diagrams 
INFO: Checking for minimal orders which gives processes. 
INFO: Please specify coupling orders to bypass this step. 
INFO: Trying coupling order WEIGHTED<=1: WEIGTHED IS HIW+QCD+QED+HIG 
INFO: Trying process: h02 > h01 h01 WEIGHTED<=1  
INFO: Process has 1 diagrams 
INFO: Checking for minimal orders which gives processes. 
INFO: Please specify coupling orders to bypass this step. 
INFO: Trying coupling order WEIGHTED<=1: WEIGTHED IS HIW+QCD+QED+HIG 
INFO: Trying process: h01 > b b~ WEIGHTED<=1  
INFO: Process has 1 diagrams 
INFO: Checking for minimal orders which gives processes. 
INFO: Please specify coupling orders to bypass this step. 
INFO: Trying coupling order WEIGHTED<=1: WEIGTHED IS HIW+QCD+QED+HIG 
INFO: Trying process: h01 > b b~ WEIGHTED<=1  
INFO: Process has 1 diagrams 
1 processes with 5 diagrams generated in 0.599 s
Total: 1 processes with 5 diagrams
output NMSSM_XYH_YToHH_6b_MX_700_MY_400 -nojpeg
INFO: initialize a new directory: NMSSM_XYH_YToHH_6b_MX_700_MY_400 
INFO: remove old information in NMSSM_XYH_YToHH_6b_MX_700_MY_400 
INFO: Organizing processes into subprocess groups 
INFO: Organizing processes into subprocess groups 
INFO: Organizing processes into subprocess groups 
INFO: Organizing processes into subprocess groups 
INFO: Generating Helas calls for process: g g > h03 WEIGHTED<=1 @1 
INFO: Generating Helas calls for process: h03 > h01 h02 WEIGHTED<=1 
INFO: Generating Helas calls for process: h02 > h01 h01 WEIGHTED<=1 
INFO: Generating Helas calls for process: h01 > b b~ WEIGHTED<=1 
INFO: Generating Helas calls for process: h01 > b b~ WEIGHTED<=1 
INFO: Combine h02 > h01 h01 WEIGHTED<=1 with decays h01 > b b~ WEIGHTED<=1, h01 > b b~ WEIGHTED<=1 
INFO: Combine h03 > h01 h02 WEIGHTED<=1 with decays h01 > b b~ WEIGHTED<=1, h02 > h01 h01 WEIGHTED<=1
  Decay: h01 > b b~ WEIGHTED<=1
  Decay: h01 > b b~ WEIGHTED<=1 
INFO: Combine g g > h03 WEIGHTED<=1 @1 with decays h03 > h01 h02 WEIGHTED<=1
  Decay: h01 > b b~ WEIGHTED<=1
  Decay: h02 > h01 h01 WEIGHTED<=1
    Decay: h01 > b b~ WEIGHTED<=1
    Decay: h01 > b b~ WEIGHTED<=1 
INFO: Processing color information for process: g g > h03 @1
  Decay: h03 > h01 h02 WEIGHTED<=1
    Decay: h01 > b b~ WEIGHTED<=1
    Decay: h02 > h01 h01 WEIGHTED<=1
      Decay: h01 > b b~ WEIGHTED<=1
      Decay: h01 > b b~ WEIGHTED<=1 
INFO: Creating files in directory P1_gg_h03_h03_h01h02_h01_bbx_h02_h01h01_h01_bbx_h01_bbx 
INFO: Generating Feynman diagrams for Process: g g > h03 WEIGHTED<=1 @1
  Decay: h03 > h01 h02 WEIGHTED<=1
    Decay: h01 > b b~ WEIGHTED<=1
    Decay: h02 > h01 h01 WEIGHTED<=1
      Decay: h01 > b b~ WEIGHTED<=1
      Decay: h01 > b b~ WEIGHTED<=1 
INFO: Finding symmetric diagrams for subprocess group gg_h03_h03_h01h02_h01_bbx_h02_h01h01_h01_bbx_h01_bbx 
Generated helas calls for 1 subprocesses (1 diagrams) in 0.047 s
Wrote files for 14 helas calls in 0.184 s
ALOHA: aloha creates FFS1 routines
ALOHA: aloha creates SSS1 routines
ALOHA: aloha creates FFS2 routines
ALOHA: aloha creates VVS4 routines
save configuration file to /uscms_data/d3/srosenzw/workarea/higgs/sixb_analysis/CMSSW_10_6_19_patch2/src/sixB/MadGraph/gridpacks/genproductions/bin/MadGraph5_aMCatNLO/NMSSM_XYH_YToHH_6b_MX_700_MY_400/NMSSM_XYH_YToHH_6b_MX_700_MY_400_gridpack/work/NMSSM_XYH_YToHH_6b_MX_700_MY_400/Cards/me5_configuration.txt
INFO: Use Fortran compiler gfortran 
INFO: Use c++ compiler g++ 
INFO: Generate web pages 
Output to directory /uscms_data/d3/srosenzw/workarea/higgs/sixb_analysis/CMSSW_10_6_19_patch2/src/sixB/MadGraph/gridpacks/genproductions/bin/MadGraph5_aMCatNLO/NMSSM_XYH_YToHH_6b_MX_700_MY_400/NMSSM_XYH_YToHH_6b_MX_700_MY_400_gridpack/work/NMSSM_XYH_YToHH_6b_MX_700_MY_400 done.
Type "launch" to generate events from this process, or see
/uscms_data/d3/srosenzw/workarea/higgs/sixb_analysis/CMSSW_10_6_19_patch2/src/sixB/MadGraph/gridpacks/genproductions/bin/MadGraph5_aMCatNLO/NMSSM_XYH_YToHH_6b_MX_700_MY_400/NMSSM_XYH_YToHH_6b_MX_700_MY_400_gridpack/work/NMSSM_XYH_YToHH_6b_MX_700_MY_400/README
Run "open index.html" to see more information about this process.
display multiparticles
Multiparticle labels:
all = g u d u~ d~ a ve vm vt ve~ vm~ vt~ go su1 su2 su3 su4 su5 su6 sd1 sd2 sd3 sd4 sd5 sd6 su1~ su2~ su3~ su4~ su5~ su6~ sd1~ sd2~ sd3~ sd4~ sd5~ sd6~ c t s b c~ t~ s~ b~ z w+ h01 h02 h03 a01 a02 h+ sv1 sv2 sv3 sl1- sl2- sl3- sl4- sl5- sl6- w- h- sv1~ sv2~ sv3~ sl1+ sl2+ sl3+ sl4+ sl5+ sl6+ n1 n2 n3 n4 n5 x1+ x2+ e- mu- tau- x1- x2- e+ mu+ tau+
l- = e- mu-
j = g u d u~ d~ c s c~ s~
vl = ve vm vt
l+ = e+ mu+
p = g u d u~ d~ c s c~ s~
vl~ = ve~ vm~ vt~
quit
copying generated process to working directory
INFO: Using default PDF sets for 2017 production
starting LO mode
************************************************************
*                                                          *
*                      W E L C O M E to                    *
*             M A D G R A P H 5 _ a M C @ N L O            *
*                      M A D E V E N T                     *
*                                                          *
*                 *                       *                *
*                   *        * *        *                  *
*                     * * * * 5 * * * *                    *
*                   *        * *        *                  *
*                 *                       *                *
*                                                          *
*         VERSION 2.6.5                 20xx-xx-xx         *
*                                                          *
*    The MadGraph5_aMC@NLO Development Team - Find us at   *
*    https://server06.fynu.ucl.ac.be/projects/madgraph     *
*                                                          *
*               Type 'help' for in-line help.              *
*                                                          *
************************************************************
INFO: load configuration from /uscms_data/d3/srosenzw/workarea/higgs/sixb_analysis/CMSSW_10_6_19_patch2/src/sixB/MadGraph/gridpacks/genproductions/bin/MadGraph5_aMCatNLO/NMSSM_XYH_YToHH_6b_MX_700_MY_400/NMSSM_XYH_YToHH_6b_MX_700_MY_400_gridpack/work/processtmp/Cards/me5_configuration.txt  
INFO: load configuration from /uscms_data/d3/srosenzw/workarea/higgs/sixb_analysis/CMSSW_10_6_19_patch2/src/sixB/MadGraph/gridpacks/genproductions/bin/MadGraph5_aMCatNLO/NMSSM_XYH_YToHH_6b_MX_700_MY_400/NMSSM_XYH_YToHH_6b_MX_700_MY_400_gridpack/work/MG5_aMC_v2_6_5/input/mg5_configuration.txt  
INFO: load configuration from /uscms_data/d3/srosenzw/workarea/higgs/sixb_analysis/CMSSW_10_6_19_patch2/src/sixB/MadGraph/gridpacks/genproductions/bin/MadGraph5_aMCatNLO/NMSSM_XYH_YToHH_6b_MX_700_MY_400/NMSSM_XYH_YToHH_6b_MX_700_MY_400_gridpack/work/processtmp/Cards/me5_configuration.txt  
Using default text editor "vi". Set another one in ./input/mg5_configuration.txt
Using default eps viewer "evince". Set another one in ./input/mg5_configuration.txt
No valid web browser found. Please set in ./input/mg5_configuration.txt
generate_events pilotrun
The following switches determine which programs are run:
/===========================================================================\
| 1. Choose the shower/hadronization program   [1m  shower[0m = [01mNot Avail.[0m        |
| 2. Choose the detector simulation program    [1mdetector[0m = [01mNot Avail.[0m        |
| 3. Choose an analysis package (plot/convert) [1manalysis[0m = [01mNot Avail.[0m        |
| 4. Decay onshell particles                   [1m madspin[0m = [31mOFF[0m               |
| 5. Add weights to events for new hypp.       [1mreweight[0m = [31mOFF[0m               |
\===========================================================================/
Either type the switch number (1 to 5) to change its setting,
Set any switch explicitly (e.g. type 'madspin=ON' at the prompt)
Type 'help' for the list of all valid option
Type '0', 'auto', 'done' or just press enter when you are done.[60s to answer] 
>[1;34mrun_card missed argument pt_min_pdg. Takes default: {}[0m
[1;34mrun_card missed argument pt_max_pdg. Takes default: {}[0m
[1;34mrun_card missed argument e_min_pdg. Takes default: {}[0m
[1;34mrun_card missed argument e_max_pdg. Takes default: {}[0m
[1;34mrun_card missed argument eta_min_pdg. Takes default: {}[0m
[1;34mrun_card missed argument eta_max_pdg. Takes default: {}[0m
[1;34mrun_card missed argument mxx_min_pdg. Takes default: {}[0m
[1;34mrun_card missed argument mxx_only_part_antipart. Takes default: {'default': False}[0m
Do you want to edit a card (press enter to bypass editing)?
/------------------------------------------------------------\
|  [31m1[0m. param : [32mparam_card.dat[0m                                 |
|  [31m2[0m. run   : [32mrun_card.dat[0m                                   |
\------------------------------------------------------------/
 you can also
   - enter the path to a valid card or banner.
   - use the 'set' command to modify a parameter directly.
     The set option works only for param_card and run_card.
     Type 'help set' for more information on this command.
   - call an external program (ASperGE/MadWidth/...).
     Type 'help' for the list of available command
 [[4m0[0m, done, 1, param, 2, run, enter path][90s to answer] 
>[1mINFO: modify parameter gridpack of the run_card.dat to True [0m
Do you want to edit a card (press enter to bypass editing)?
/------------------------------------------------------------\
|  [31m1[0m. param : [32mparam_card.dat[0m                                 |
|  [31m2[0m. run   : [32mrun_card.dat[0m                                   |
\------------------------------------------------------------/
 you can also
   - enter the path to a valid card or banner.
   - use the 'set' command to modify a parameter directly.
     The set option works only for param_card and run_card.
     Type 'help set' for more information on this command.
   - call an external program (ASperGE/MadWidth/...).
     Type 'help' for the list of available command
 [[4m0[0m, done, 1, param, 2, run, enter path] 
>[1mINFO: modify param_card information BLOCK mass with id (45,) set to 700.0 [0m
Do you want to edit a card (press enter to bypass editing)?
/------------------------------------------------------------\
|  [31m1[0m. param : [32mparam_card.dat[0m                                 |
|  [31m2[0m. run   : [32mrun_card.dat[0m                                   |
\------------------------------------------------------------/
 you can also
   - enter the path to a valid card or banner.
   - use the 'set' command to modify a parameter directly.
     The set option works only for param_card and run_card.
     Type 'help set' for more information on this command.
   - call an external program (ASperGE/MadWidth/...).
     Type 'help' for the list of available command
 [[4m0[0m, done, 1, param, 2, run, enter path] 
>[1mINFO: modify param_card information BLOCK mass with id (35,) set to 400.0 [0m
Do you want to edit a card (press enter to bypass editing)?
/------------------------------------------------------------\
|  [31m1[0m. param : [32mparam_card.dat[0m                                 |
|  [31m2[0m. run   : [32mrun_card.dat[0m                                   |
\------------------------------------------------------------/
 you can also
   - enter the path to a valid card or banner.
   - use the 'set' command to modify a parameter directly.
     The set option works only for param_card and run_card.
     Type 'help set' for more information on this command.
   - call an external program (ASperGE/MadWidth/...).
     Type 'help' for the list of available command
 [[4m0[0m, done, 1, param, 2, run, enter path] 
>[1mINFO: modify param_card information BLOCK mass with id (25,) set to 125.0 [0m
Do you want to edit a card (press enter to bypass editing)?
/------------------------------------------------------------\
|  [31m1[0m. param : [32mparam_card.dat[0m                                 |
|  [31m2[0m. run   : [32mrun_card.dat[0m                                   |
\------------------------------------------------------------/
 you can also
   - enter the path to a valid card or banner.
   - use the 'set' command to modify a parameter directly.
     The set option works only for param_card and run_card.
     Type 'help set' for more information on this command.
   - call an external program (ASperGE/MadWidth/...).
     Type 'help' for the list of available command
 [[4m0[0m, done, 1, param, 2, run, enter path] 
>[1mINFO: modify param_card information BLOCK decay with id (45,) set to 0.001 [0m
Do you want to edit a card (press enter to bypass editing)?
/------------------------------------------------------------\
|  [31m1[0m. param : [32mparam_card.dat[0m                                 |
|  [31m2[0m. run   : [32mrun_card.dat[0m                                   |
\------------------------------------------------------------/
 you can also
   - enter the path to a valid card or banner.
   - use the 'set' command to modify a parameter directly.
     The set option works only for param_card and run_card.
     Type 'help set' for more information on this command.
   - call an external program (ASperGE/MadWidth/...).
     Type 'help' for the list of available command
 [[4m0[0m, done, 1, param, 2, run, enter path] 
>[1mINFO: modify param_card information BLOCK decay with id (35,) set to 0.001 [0m
Do you want to edit a card (press enter to bypass editing)?
/------------------------------------------------------------\
|  [31m1[0m. param : [32mparam_card.dat[0m                                 |
|  [31m2[0m. run   : [32mrun_card.dat[0m                                   |
\------------------------------------------------------------/
 you can also
   - enter the path to a valid card or banner.
   - use the 'set' command to modify a parameter directly.
     The set option works only for param_card and run_card.
     Type 'help set' for more information on this command.
   - call an external program (ASperGE/MadWidth/...).
     Type 'help' for the list of available command
 [[4m0[0m, done, 1, param, 2, run, enter path] 
>[1mINFO: modify param_card information BLOCK decay with id (25,) set to 0.004 [0m
Do you want to edit a card (press enter to bypass editing)?
/------------------------------------------------------------\
|  [31m1[0m. param : [32mparam_card.dat[0m                                 |
|  [31m2[0m. run   : [32mrun_card.dat[0m                                   |
\------------------------------------------------------------/
 you can also
   - enter the path to a valid card or banner.
   - use the 'set' command to modify a parameter directly.
     The set option works only for param_card and run_card.
     Type 'help set' for more information on this command.
   - call an external program (ASperGE/MadWidth/...).
     Type 'help' for the list of available command
 [[4m0[0m, done, 1, param, 2, run, enter path] 
>INFO: Update the dependent parameter of the param_card.dat 
Generating gridpack with run name pilotrun
survey  pilotrun --accuracy=0.01 --points=2000 --iterations=8 --gridpack=.true.
INFO: compile directory 
INFO: Using LHAPDF v6.2.1 interface for PDFs 
compile Source Directory
Using random number seed offset = 21
INFO: Running Survey 
Creating Jobs
Working on SubProcesses
INFO:     P1_gg_h03_h03_h01h02_h01_bbx_h02_h01h01_h01_bbx_h01_bbx  
INFO:  Idle: 1,  Running: 0,  Completed: 0 [ current time: 19h39 ] 
INFO:  Idle: 0,  Running: 0,  Completed: 1 [  3.6s  ] 
INFO:  Idle: 0,  Running: 0,  Completed: 1 [  3.6s  ] 
  === Results Summary for run: pilotrun tag: tag_1 ===

     Cross-section :   1.243e+11 +- 6.062e+08 pb
     Nb of events :  0
 
INFO: End survey 
combine_events
INFO: Combining Events 
INFO: fail to reach target 10000 
store_events
INFO: Storing parton level results 
INFO: End Parton 
decay_events -from_cards
create_gridpack
INFO: Creating gridpack 
P1_gg_h03_h03_h01h02_h01_bbx_h02_h01h01_h01_bbx_h01_bbx
Cleaning  SubProcesses. 
INFO: gridpack created 
quit
INFO: storing files of previous run 
INFO: Done 
INFO:  
finished pilot run
cleaning temporary output
unpacking temporary gridpack
cleaning temporary gridpack
preparing final gridpack
cleaning unneeded files from gridpack
