==== LHAPDF6 USING DEFAULT-TYPE LHAGLUE INTERFACE ====
LHAPDF 6.2.1 loading /cvmfs/cms.cern.ch/slc7_amd64_gcc700/external/lhapdf/6.2.1-pafccj3/share/LHAPDF/NNPDF31_nnlo_as_0118_nf_4_mc_hessian/NNPDF31_nnlo_as_0118_nf_4_mc_hessian_0000.dat
NNPDF31_nnlo_as_0118_nf_4_mc_hessian PDF set, member #0, version 1; LHAPDF ID = 325500
 Process in group number            1
 A PDF is used, so alpha_s(MZ) is going to be modified
 Old value of alpha_s from param_card:   0.11720000000000001     
 New value of alpha_s from PDF lhapdf :  0.11266013434007299     
 using LHAPDF
 Define smin to   0.0000000000000000     
 *****************************************************
 *               MadGraph/MadEvent                   *
 *        --------------------------------           *
 *          http://madgraph.hep.uiuc.edu             *
 *          http://madgraph.phys.ucl.ac.be           *
 *          http://madgraph.roma2.infn.it            *
 *        --------------------------------           *
 *                                                   *
 *          PARAMETER AND COUPLING VALUES            *
 *                                                   *
 *****************************************************

  External Params
  ---------------------------------
  
 mdl_RRd1x3 =   0.99089050000000001     
 mdl_RRd1x6 =   0.13467040000000000     
 mdl_RRd2x3 =  -0.13467040000000000     
 mdl_RRd2x6 =   0.99089050000000001     
 mdl_RRd3x5 =    1.0000000000000000     
 mdl_RRd4x4 =    1.0000000000000000     
 mdl_RRd5x1 =    1.0000000000000000     
 mdl_RRd6x2 =    1.0000000000000000     
 mdl_GAGG =    1.0000000000000000     
 mdl_GAyy =    1.0000000000000000     
 mdl_GHGG =    1.0000000000000000     
 mdl_GHyy =    1.0000000000000000     
 mdl_tb =    10.000430000000000     
 mdl_MA2 =    1048278.0000000000     
 mdl_RmD21x1 =    963545.40000000002     
 mdl_RmD22x2 =    963545.40000000002     
 mdl_RmD23x3 =    933451.80000000005     
 mdl_RmE21x1 =    66311.149999999994     
 mdl_RmE22x2 =    66311.149999999994     
 mdl_RmE23x3 =    48897.370000000003     
 mdl_RmL21x1 =    142415.20000000001     
 mdl_RmL22x2 =    142415.20000000001     
 mdl_RmL23x3 =    133786.39999999999     
 mdl_RMx1 =    211.61869999999999     
 mdl_RMx2 =    391.86480000000000     
 mdl_RMx3 =    1112.2560000000001     
 mdl_mHd2 =    89988.529999999999     
 mdl_mHu2 =   -908071.09999999998     
 mdl_RmQ21x1 =    1048784.0000000000     
 mdl_RmQ22x2 =    1048784.0000000000     
 mdl_RmQ23x3 =    715579.30000000005     
 mdl_RmU21x1 =    972428.30000000005     
 mdl_RmU22x2 =    972428.30000000005     
 mdl_RmU23x3 =    319484.90000000002     
 mdl_UP1x1 =    5.0125889999999999E-002
 mdl_UP1x2 =    5.0125889999999996E-003
 mdl_UP1x3 =   0.99873029999999996     
 mdl_UP2x1 =   0.99377380000000004     
 mdl_UP2x2 =    9.9377380000000001E-002
 mdl_UP2x3 =   -5.0375900000000001E-002
 mdl_US1x1 =   0.10123060000000000     
 mdl_US1x2 =   0.99484180000000000     
 mdl_US1x3 =   -6.4907970000000004E-003
 mdl_US2x1 =   0.99485040000000002     
 mdl_US2x2 =  -0.10119430000000000     
 mdl_US2x3 =    5.6958879999999996E-003
 mdl_US3x1 =   -5.0096760000000002E-003
 mdl_US3x2 =    7.0339699999999996E-003
 mdl_US3x3 =   0.99996269999999998     
 mdl_RNN1x1 =   0.99868449999999998     
 mdl_RNN1x2 =   -8.1494389999999996E-003
 mdl_RNN1x3 =    4.8353080000000000E-002
 mdl_RNN1x4 =   -1.4987169999999999E-002
 mdl_RNN1x5 =    4.3038899999999999E-004
 mdl_RNN2x1 =    1.3862180000000000E-002
 mdl_RNN2x2 =   0.99326870000000000     
 mdl_RNN2x3 =  -0.10311900000000000     
 mdl_RNN2x4 =    5.0897560000000001E-002
 mdl_RNN2x5 =   -1.0011730000000000E-003
 mdl_RNN3x1 =   -2.3227890000000001E-002
 mdl_RNN3x2 =    3.7295210000000002E-002
 mdl_RNN3x3 =   0.70529770000000003     
 mdl_RNN3x4 =   0.70753469999999996     
 mdl_RNN3x5 =    4.3962799999999998E-003
 mdl_RNN4x1 =    4.3560620000000001E-002
 mdl_RNN4x2 =  -0.10936110000000000     
 mdl_RNN4x3 =  -0.69963100000000000     
 mdl_RNN4x4 =   0.70467380000000002     
 mdl_RNN4x5 =   -9.6926800000000004E-003
 mdl_RNN5x1 =    1.0839730000000001E-004
 mdl_RNN5x2 =   -2.2603430000000001E-004
 mdl_RNN5x3 =   -1.0006610000000001E-002
 mdl_RNN5x4 =    3.7772810000000000E-003
 mdl_RNN5x5 =   0.99994280000000002     
 mdl_NMl =   0.10000000000000001     
 mdl_NMk =   0.10891070000000000     
 mdl_NMAl =   -963.90750000000003     
 mdl_NMAk =   -1.5892710000000001     
 mdl_mueff =    970.86789999999996     
 mdl_MS2 =   -2235031.0000000000     
 mdl_bb =    1.0000000000000000     
 mdl_RRl1x3 =   0.22098029999999999     
 mdl_RRl1x6 =   0.97527830000000004     
 mdl_RRl2x4 =    1.0000000000000000     
 mdl_RRl3x5 =    1.0000000000000000     
 mdl_RRl4x3 =  -0.97527830000000004     
 mdl_RRl4x6 =   0.22098029999999999     
 mdl_RRl5x1 =    1.0000000000000000     
 mdl_RRl6x2 =    1.0000000000000000     
 aEWM1 =    127.92000000000000     
 aS =   0.11720000000000001     
 mdl_RRn1x3 =    1.0000000000000000     
 mdl_RRn2x2 =    1.0000000000000000     
 mdl_RRn3x1 =    1.0000000000000000     
 mdl_Rtd3x3 =   -342.31000000000000     
 mdl_Rte3x3 =   -177.12170000000000     
 mdl_Rtu3x3 =   -1213.6489999999999     
 mdl_RUU1x1 =   0.98923059999999996     
 mdl_RUU1x2 =  -0.14636560000000001     
 mdl_RUU2x1 =   0.14636560000000001     
 mdl_RUU2x2 =   0.98923059999999996     
 mdl_RMNS1x1 =    1.0000000000000000     
 mdl_RMNS2x2 =    1.0000000000000000     
 mdl_RMNS3x3 =    1.0000000000000000     
 mdl_RRu1x3 =   0.40577570000000002     
 mdl_RRu1x6 =   0.91397269999999997     
 mdl_RRu2x3 =  -0.91397269999999997     
 mdl_RRu2x6 =   0.40577570000000002     
 mdl_RRu3x5 =    1.0000000000000000     
 mdl_RRu4x4 =    1.0000000000000000     
 mdl_RRu5x1 =    1.0000000000000000     
 mdl_RRu6x2 =    1.0000000000000000     
 mdl_RCKM1x1 =    1.0000000000000000     
 mdl_RCKM2x2 =    1.0000000000000000     
 mdl_RCKM3x3 =    1.0000000000000000     
 mdl_RVV1x1 =   0.99738240000000000     
 mdl_RVV1x2 =   -7.2307579999999996E-002
 mdl_RVV2x1 =    7.2307579999999996E-002
 mdl_RVV2x2 =   0.99738240000000000     
 mdl_Ryd2x2 =    1.1545300000000000E-002
 mdl_Ryd3x3 =   0.24325900000000000     
 mdl_Rye1x1 =    2.9498200000000002E-005
 mdl_Rye2x2 =    6.0959100000000004E-003
 mdl_Rye3x3 =   0.10258000000000000     
 mdl_Ryu2x2 =    7.1000400000000002E-003
 mdl_Ryu3x3 =   0.98938800000000005     
 mdl_MZ =    91.186999999999998     
 mdl_MW =    80.938749999999999     
 mdl_Mneu1 =    208.14160000000001     
 mdl_Mneu2 =    397.85109999999997     
 mdl_Mneu3 =   -963.98050000000001     
 mdl_Mneu4 =    969.59389999999996     
 mdl_Mneu5 =    2094.2739999999999     
 mdl_Mch1 =    397.82950000000000     
 mdl_Mch2 =    970.13679999999999     
 mdl_Mgo =    1151.5429999999999     
 mdl_MH01 =    125.00000000000000     
 mdl_MH02 =    400.00000000000000     
 mdl_MH03 =    600.00000000000000     
 mdl_MA01 =    40.397700000000000     
 mdl_MA02 =    1021.0420000000000     
 mdl_MH =    1022.4720000000000     
 mdl_Me =    5.1099999999999995E-004
 mdl_Mm =   0.10560000000000000     
 mdl_Mta =    1.7769999999999999     
 mdl_MC =    1.2300000000000000     
 mdl_MT =    171.40000000000001     
 mdl_MS =   0.20000000000000001     
 mdl_MB =    4.2140000000000004     
 mdl_Msn1 =    360.34059999999999     
 mdl_Msn2 =    372.12119999999999     
 mdl_Msn3 =    372.12119999999999     
 mdl_Msl1 =    214.73960000000000     
 mdl_Msl2 =    261.02440000000001     
 mdl_Msl3 =    261.02440000000001     
 mdl_Msl4 =    374.85739999999998     
 mdl_Msl5 =    380.17590000000001     
 mdl_Msl6 =    380.17590000000001     
 mdl_Msu1 =    499.22930000000002     
 mdl_Msu2 =    935.52739999999994     
 mdl_Msu3 =    1027.2590000000000     
 mdl_Msu4 =    1027.2590000000000     
 mdl_Msu5 =    1063.6350000000000     
 mdl_Msu6 =    1063.6350000000000     
 mdl_Msd1 =    866.36519999999996     
 mdl_Msd2 =    992.13810000000001     
 mdl_Msd3 =    1023.7540000000000     
 mdl_Msd4 =    1023.7540000000000     
 mdl_Msd5 =    1066.5190000000000     
 mdl_Msd6 =    1066.5190000000000     
 mdl_Wneu2 =    2.0000000000000000     
 mdl_Wneu3 =   -2.0000000000000000     
 mdl_Wneu4 =    2.0000000000000000     
 mdl_Wneu5 =    2.0000000000000000     
 mdl_Wch1 =    2.0000000000000000     
 mdl_Wch2 =    2.0000000000000000     
 mdl_Wgo =    2.0000000000000000     
 mdl_WH01 =    4.0000000000000001E-003
 mdl_WH02 =    1.0000000000000000E-003
 mdl_WH03 =    1.0000000000000000E-003
 mdl_WA01 =    2.4955870000000001E-004
 mdl_WA02 =    3.5094789999999998     
 mdl_WH =    3.2500110000000002     
 mdl_WT =    1.3348249999999999     
 mdl_Wsn1 =    2.0000000000000000     
 mdl_Wsn2 =    2.0000000000000000     
 mdl_Wsn3 =    2.0000000000000000     
 mdl_Wsl1 =    2.0000000000000000     
 mdl_Wsl2 =    2.0000000000000000     
 mdl_Wsl3 =    2.0000000000000000     
 mdl_Wsl4 =    2.0000000000000000     
 mdl_Wsl5 =    2.0000000000000000     
 mdl_Wsl6 =    2.0000000000000000     
 mdl_Wsu1 =    2.0000000000000000     
 mdl_Wsu2 =    2.0000000000000000     
 mdl_Wsu3 =    2.0000000000000000     
 mdl_Wsu4 =    2.0000000000000000     
 mdl_Wsu5 =    2.0000000000000000     
 mdl_Wsu6 =    2.0000000000000000     
 mdl_Wsd1 =    2.0000000000000000     
 mdl_Wsd2 =    2.0000000000000000     
 mdl_Wsd3 =    2.0000000000000000     
 mdl_Wsd4 =    2.0000000000000000     
 mdl_Wsd5 =    2.0000000000000000     
 mdl_Wsd6 =    2.0000000000000000     
  Internal Params
  ---------------------------------
  
 mdl_atan__tb =    1.4711319315482281     
 mdl_beta =    1.4711319315482281     
 mdl_cw =   0.88761281761654620     
 mdl_mD21x1 =                (963545.40000000002,0.0000000000000000)
 mdl_mD22x2 =                (963545.40000000002,0.0000000000000000)
 mdl_mD23x3 =                (933451.80000000005,0.0000000000000000)
 mdl_mE21x1 =                (66311.149999999994,0.0000000000000000)
 mdl_mE22x2 =                (66311.149999999994,0.0000000000000000)
 mdl_mE23x3 =                (48897.370000000003,0.0000000000000000)
 mdl_mL21x1 =                (142415.20000000001,0.0000000000000000)
 mdl_mL22x2 =                (142415.20000000001,0.0000000000000000)
 mdl_mL23x3 =                (133786.39999999999,0.0000000000000000)
 mdl_mQ21x1 =                (1048784.0000000000,0.0000000000000000)
 mdl_mQ22x2 =                (1048784.0000000000,0.0000000000000000)
 mdl_mQ23x3 =                (715579.30000000005,0.0000000000000000)
 mdl_mU21x1 =                (972428.30000000005,0.0000000000000000)
 mdl_mU22x2 =                (972428.30000000005,0.0000000000000000)
 mdl_mU23x3 =                (319484.90000000002,0.0000000000000000)
 mdl_Mx1 =                (211.61869999999999,0.0000000000000000)
 mdl_Mx2 =                (391.86480000000000,0.0000000000000000)
 mdl_Mx3 =                (1112.2560000000001,0.0000000000000000)
 mdl_NN1x1 =               (0.99868449999999998,0.0000000000000000)
 mdl_NN1x2 =         (-8.14943899999999964E-003,0.0000000000000000)
 mdl_NN1x3 =          (4.83530799999999997E-002,0.0000000000000000)
 mdl_NN1x4 =         (-1.49871699999999993E-002,0.0000000000000000)
 mdl_NN1x5 =          (4.30388999999999989E-004,0.0000000000000000)
 mdl_NN2x1 =          (1.38621800000000000E-002,0.0000000000000000)
 mdl_NN2x2 =               (0.99326870000000000,0.0000000000000000)
 mdl_NN2x3 =              (-0.10311900000000000,0.0000000000000000)
 mdl_NN2x4 =          (5.08975600000000014E-002,0.0000000000000000)
 mdl_NN2x5 =         (-1.00117299999999995E-003,0.0000000000000000)
 mdl_NN3x1 =         (-2.32278900000000010E-002,0.0000000000000000)
 mdl_NN3x2 =          (3.72952100000000022E-002,0.0000000000000000)
 mdl_NN3x3 =               (0.70529770000000003,0.0000000000000000)
 mdl_NN3x4 =               (0.70753469999999996,0.0000000000000000)
 mdl_NN3x5 =          (4.39627999999999981E-003,0.0000000000000000)
 mdl_NN4x1 =          (4.35606200000000013E-002,0.0000000000000000)
 mdl_NN4x2 =              (-0.10936110000000000,0.0000000000000000)
 mdl_NN4x3 =              (-0.69963100000000000,0.0000000000000000)
 mdl_NN4x4 =               (0.70467380000000002,0.0000000000000000)
 mdl_NN4x5 =         (-9.69268000000000039E-003,0.0000000000000000)
 mdl_NN5x1 =          (1.08397300000000007E-004,0.0000000000000000)
 mdl_NN5x2 =         (-2.26034300000000005E-004,0.0000000000000000)
 mdl_NN5x3 =         (-1.00066100000000009E-002,0.0000000000000000)
 mdl_NN5x4 =          (3.77728099999999995E-003,0.0000000000000000)
 mdl_NN5x5 =               (0.99994280000000002,0.0000000000000000)
 mdl_Rd1x3 =               (0.99089050000000001,0.0000000000000000)
 mdl_Rd1x6 =               (0.13467040000000000,0.0000000000000000)
 mdl_Rd2x3 =              (-0.13467040000000000,0.0000000000000000)
 mdl_Rd2x6 =               (0.99089050000000001,0.0000000000000000)
 mdl_Rd3x5 =                (1.0000000000000000,0.0000000000000000)
 mdl_Rd4x4 =                (1.0000000000000000,0.0000000000000000)
 mdl_Rd5x1 =                (1.0000000000000000,0.0000000000000000)
 mdl_Rd6x2 =                (1.0000000000000000,0.0000000000000000)
 mdl_Rl1x3 =               (0.22098029999999999,0.0000000000000000)
 mdl_Rl1x6 =               (0.97527830000000004,0.0000000000000000)
 mdl_Rl2x4 =                (1.0000000000000000,0.0000000000000000)
 mdl_Rl3x5 =                (1.0000000000000000,0.0000000000000000)
 mdl_Rl4x3 =              (-0.97527830000000004,0.0000000000000000)
 mdl_Rl4x6 =               (0.22098029999999999,0.0000000000000000)
 mdl_Rl5x1 =                (1.0000000000000000,0.0000000000000000)
 mdl_Rl6x2 =                (1.0000000000000000,0.0000000000000000)
 mdl_Rn1x3 =                (1.0000000000000000,0.0000000000000000)
 mdl_Rn2x2 =                (1.0000000000000000,0.0000000000000000)
 mdl_Rn3x1 =                (1.0000000000000000,0.0000000000000000)
 mdl_Ru1x3 =               (0.40577570000000002,0.0000000000000000)
 mdl_Ru1x6 =               (0.91397269999999997,0.0000000000000000)
 mdl_Ru2x3 =              (-0.91397269999999997,0.0000000000000000)
 mdl_Ru2x6 =               (0.40577570000000002,0.0000000000000000)
 mdl_Ru3x5 =                (1.0000000000000000,0.0000000000000000)
 mdl_Ru4x4 =                (1.0000000000000000,0.0000000000000000)
 mdl_Ru5x1 =                (1.0000000000000000,0.0000000000000000)
 mdl_Ru6x2 =                (1.0000000000000000,0.0000000000000000)
 mdl_UP1x1__exp__2 =    2.5126048482921001E-003
 mdl_UP2x1__exp__2 =   0.98758636556644008     
 mdl_UP31 =    9.9503917436791600E-002
 mdl_UP1x2__exp__2 =    2.5126048482920996E-005
 mdl_UP2x2__exp__2 =    9.8758636556643999E-003
 mdl_UP32 =   0.99503719040840510     
 mdl_UP1x3__exp__2 =   0.99746221213808994     
 mdl_UP2x3__exp__2 =    2.5377313008100003E-003
 mdl_UP33 =    2.3782577668668049E-004
 mdl_UU1x1 =               (0.98923059999999996,0.0000000000000000)
 mdl_UU1x2 =              (-0.14636560000000001,0.0000000000000000)
 mdl_UU2x1 =               (0.14636560000000001,0.0000000000000000)
 mdl_UU2x2 =               (0.98923059999999996,0.0000000000000000)
 mdl_sqrt__2 =    1.4142135623730951     
 mdl_vs =    13730.145514526857     
 mdl_VV1x1 =               (0.99738240000000000,0.0000000000000000)
 mdl_VV1x2 =         (-7.23075799999999963E-002,0.0000000000000000)
 mdl_VV2x1 =          (7.23075799999999963E-002,0.0000000000000000)
 mdl_VV2x2 =               (0.99738240000000000,0.0000000000000000)
 mdl_td3x3 =               (-342.31000000000000,0.0000000000000000)
 mdl_te3x3 =               (-177.12170000000000,0.0000000000000000)
 mdl_tu3x3 =               (-1213.6489999999999,0.0000000000000000)
 mdl_yd2x2 =          (1.15452999999999997E-002,0.0000000000000000)
 mdl_yd3x3 =               (0.24325900000000000,0.0000000000000000)
 mdl_ye1x1 =          (2.94982000000000016E-005,0.0000000000000000)
 mdl_ye2x2 =          (6.09591000000000039E-003,0.0000000000000000)
 mdl_ye3x3 =               (0.10258000000000000,0.0000000000000000)
 mdl_yu2x2 =          (7.10004000000000017E-003,0.0000000000000000)
 mdl_yu3x3 =               (0.98938800000000005,0.0000000000000000)
 mdl_cw__exp__2 =   0.78785651399718415     
 mdl_sw =   0.46059036681504301     
 mdl_cos__beta =    9.9499482903498387E-002
 mdl_sin__beta =   0.99503761381263189     
 mdl_conjg__yu2x2 =         (7.10004000000000017E-003,-0.0000000000000000)
 mdl_I1a22 =         (7.10004000000000017E-003,-0.0000000000000000)
 mdl_conjg__yu3x3 =              (0.98938800000000005,-0.0000000000000000)
 mdl_I1a33 =              (0.98938800000000005,-0.0000000000000000)
 mdl_I10a26 =          (7.10004000000000017E-003,0.0000000000000000)
 mdl_I10a31 =               (0.98037517001400010,0.0000000000000000)
 mdl_I10a32 =              (-0.13324127771520000,0.0000000000000000)
 mdl_conjg__Rd1x6 =              (0.13467040000000000,-0.0000000000000000)
 mdl_I100a11 =          (1.81361166361600004E-002,0.0000000000000000)
 mdl_I100a12 =               (0.13344361999120000,0.0000000000000000)
 mdl_conjg__Rd2x6 =              (0.99089050000000001,-0.0000000000000000)
 mdl_I100a21 =               (0.13344361999120000,0.0000000000000000)
 mdl_I100a22 =               (0.98186398299025002,0.0000000000000000)
 mdl_conjg__Rd3x5 =               (1.0000000000000000,-0.0000000000000000)
 mdl_I100a33 =                (1.0000000000000000,0.0000000000000000)
 mdl_conjg__Rd4x4 =               (1.0000000000000000,-0.0000000000000000)
 mdl_I100a44 =                (1.0000000000000000,0.0000000000000000)
 mdl_conjg__Rl1x6 =              (0.97527830000000004,-0.0000000000000000)
 mdl_I101a11 =               (0.95116776245089008,0.0000000000000000)
 mdl_I101a14 =               (0.21551729131749001,0.0000000000000000)
 mdl_conjg__Rl2x4 =               (1.0000000000000000,-0.0000000000000000)
 mdl_I101a22 =                (1.0000000000000000,0.0000000000000000)
 mdl_conjg__Rl3x5 =               (1.0000000000000000,-0.0000000000000000)
 mdl_I101a33 =                (1.0000000000000000,0.0000000000000000)
 mdl_conjg__Rl4x6 =              (0.22098029999999999,-0.0000000000000000)
 mdl_I101a41 =               (0.21551729131749001,0.0000000000000000)
 mdl_I101a44 =          (4.88322929880899981E-002,0.0000000000000000)
 mdl_conjg__Ru1x6 =              (0.91397269999999997,-0.0000000000000000)
 mdl_I102a11 =               (0.83534609634529000,0.0000000000000000)
 mdl_I102a12 =               (0.37086791212338999,0.0000000000000000)
 mdl_conjg__Ru2x6 =              (0.40577570000000002,-0.0000000000000000)
 mdl_I102a21 =               (0.37086791212338999,0.0000000000000000)
 mdl_I102a22 =               (0.16465391871049001,0.0000000000000000)
 mdl_conjg__Ru3x5 =               (1.0000000000000000,-0.0000000000000000)
 mdl_I102a33 =                (1.0000000000000000,0.0000000000000000)
 mdl_conjg__Ru4x4 =               (1.0000000000000000,-0.0000000000000000)
 mdl_I102a44 =                (1.0000000000000000,0.0000000000000000)
 mdl_I11a23 =          (1.15452999999999997E-002,0.0000000000000000)
 mdl_I11a31 =          (3.27597868336000006E-002,0.0000000000000000)
 mdl_I11a32 =               (0.24104303213950001,0.0000000000000000)
 mdl_conjg__Rd1x3 =              (0.99089050000000001,-0.0000000000000000)
 mdl_I12a11 =               (0.98186398299025002,0.0000000000000000)
 mdl_I12a12 =              (-0.13344361999120000,0.0000000000000000)
 mdl_conjg__Rd2x3 =             (-0.13467040000000000,-0.0000000000000000)
 mdl_I12a21 =             (-0.13344361999120000,-0.0000000000000000)
 mdl_I12a22 =          (1.81361166361600004E-002,0.0000000000000000)
 mdl_conjg__Rd5x1 =               (1.0000000000000000,-0.0000000000000000)
 mdl_I12a55 =                (1.0000000000000000,0.0000000000000000)
 mdl_conjg__Rd6x2 =               (1.0000000000000000,-0.0000000000000000)
 mdl_I12a66 =                (1.0000000000000000,0.0000000000000000)
 mdl_I13a11 =          (1.81361166361600004E-002,0.0000000000000000)
 mdl_I13a12 =               (0.13344361999120000,0.0000000000000000)
 mdl_I13a21 =               (0.13344361999120000,0.0000000000000000)
 mdl_I13a22 =               (0.98186398299025002,0.0000000000000000)
 mdl_I13a33 =                (1.0000000000000000,0.0000000000000000)
 mdl_I13a44 =                (1.0000000000000000,0.0000000000000000)
 mdl_conjg__yd2x2 =         (1.15452999999999997E-002,-0.0000000000000000)
 mdl_I14a22 =         (1.15452999999999997E-002,-0.0000000000000000)
 mdl_conjg__yd3x3 =              (0.24325900000000000,-0.0000000000000000)
 mdl_I14a33 =              (0.24325900000000000,-0.0000000000000000)
 mdl_I15a22 =          (7.10004000000000017E-003,0.0000000000000000)
 mdl_I15a33 =               (0.98938800000000005,0.0000000000000000)
 mdl_conjg__ye1x1 =         (2.94982000000000016E-005,-0.0000000000000000)
 mdl_I16a11 =         (2.94982000000000016E-005,-0.0000000000000000)
 mdl_conjg__ye2x2 =         (6.09591000000000039E-003,-0.0000000000000000)
 mdl_I16a22 =         (6.09591000000000039E-003,-0.0000000000000000)
 mdl_conjg__ye3x3 =              (0.10258000000000000,-0.0000000000000000)
 mdl_I16a33 =              (0.10258000000000000,-0.0000000000000000)
 mdl_I17a12 =         (2.94982000000000016E-005,-0.0000000000000000)
 mdl_I17a23 =         (6.09591000000000039E-003,-0.0000000000000000)
 mdl_I17a31 =              (0.10004404801400001,-0.0000000000000000)
 mdl_I17a34 =         (2.26681591739999987E-002,-0.0000000000000000)
 mdl_conjg__Rl5x1 =               (1.0000000000000000,-0.0000000000000000)
 mdl_I18a15 =          (2.94982000000000016E-005,0.0000000000000000)
 mdl_conjg__Rl6x2 =               (1.0000000000000000,-0.0000000000000000)
 mdl_I18a26 =          (6.09591000000000039E-003,0.0000000000000000)
 mdl_conjg__Rl1x3 =              (0.22098029999999999,-0.0000000000000000)
 mdl_I18a31 =          (2.26681591739999987E-002,0.0000000000000000)
 mdl_conjg__Rl4x3 =             (-0.97527830000000004,-0.0000000000000000)
 mdl_I18a34 =             (-0.10004404801400001,-0.0000000000000000)
 mdl_I19a11 =          (4.88322929880899981E-002,0.0000000000000000)
 mdl_I19a14 =              (-0.21551729131749001,0.0000000000000000)
 mdl_I19a41 =             (-0.21551729131749001,-0.0000000000000000)
 mdl_I19a44 =               (0.95116776245089008,0.0000000000000000)
 mdl_I19a55 =                (1.0000000000000000,0.0000000000000000)
 mdl_I19a66 =                (1.0000000000000000,0.0000000000000000)
 mdl_I2a22 =          (1.15452999999999997E-002,0.0000000000000000)
 mdl_I2a33 =               (0.24325900000000000,0.0000000000000000)
 mdl_I20a11 =               (0.95116776245089008,0.0000000000000000)
 mdl_I20a14 =               (0.21551729131749001,0.0000000000000000)
 mdl_I20a22 =                (1.0000000000000000,0.0000000000000000)
 mdl_I20a33 =                (1.0000000000000000,0.0000000000000000)
 mdl_I20a41 =               (0.21551729131749001,0.0000000000000000)
 mdl_I20a44 =          (4.88322929880899981E-002,0.0000000000000000)
 mdl_I21a15 =          (2.94982000000000016E-005,0.0000000000000000)
 mdl_I21a26 =          (6.09591000000000039E-003,0.0000000000000000)
 mdl_I21a31 =          (2.26681591739999987E-002,0.0000000000000000)
 mdl_I21a34 =              (-0.10004404801400001,0.0000000000000000)
 mdl_I22a12 =          (2.94982000000000016E-005,0.0000000000000000)
 mdl_I22a23 =          (6.09591000000000039E-003,0.0000000000000000)
 mdl_I22a31 =               (0.10004404801400001,0.0000000000000000)
 mdl_I22a34 =          (2.26681591739999987E-002,0.0000000000000000)
 mdl_I23a15 =                (1.0000000000000000,0.0000000000000000)
 mdl_I23a26 =                (1.0000000000000000,0.0000000000000000)
 mdl_I23a31 =               (0.22098029999999999,0.0000000000000000)
 mdl_I23a34 =              (-0.97527830000000004,0.0000000000000000)
 mdl_I24a12 =          (2.94982000000000016E-005,0.0000000000000000)
 mdl_I24a23 =          (6.09591000000000039E-003,0.0000000000000000)
 mdl_I24a31 =               (0.10004404801400001,0.0000000000000000)
 mdl_I24a34 =          (2.26681591739999987E-002,0.0000000000000000)
 mdl_I25a11 =          (4.88322929880899981E-002,0.0000000000000000)
 mdl_I25a14 =              (-0.21551729131749001,0.0000000000000000)
 mdl_I25a41 =             (-0.21551729131749001,-0.0000000000000000)
 mdl_I25a44 =               (0.95116776245089008,0.0000000000000000)
 mdl_I25a55 =                (1.0000000000000000,0.0000000000000000)
 mdl_I25a66 =                (1.0000000000000000,0.0000000000000000)
 mdl_I26a11 =               (0.95116776245089008,0.0000000000000000)
 mdl_I26a14 =               (0.21551729131749001,0.0000000000000000)
 mdl_I26a22 =                (1.0000000000000000,0.0000000000000000)
 mdl_I26a33 =                (1.0000000000000000,0.0000000000000000)
 mdl_I26a41 =               (0.21551729131749001,0.0000000000000000)
 mdl_I26a44 =          (4.88322929880899981E-002,0.0000000000000000)
 mdl_conjg__Rn1x3 =               (1.0000000000000000,-0.0000000000000000)
 mdl_I27a11 =               (0.22098029999999999,0.0000000000000000)
 mdl_I27a14 =              (-0.97527830000000004,0.0000000000000000)
 mdl_conjg__Rn2x2 =               (1.0000000000000000,-0.0000000000000000)
 mdl_I27a26 =                (1.0000000000000000,0.0000000000000000)
 mdl_conjg__Rn3x1 =               (1.0000000000000000,-0.0000000000000000)
 mdl_I27a35 =                (1.0000000000000000,0.0000000000000000)
 mdl_I28a11 =               (-172.74295046911001,0.0000000000000000)
 mdl_I28a14 =               (-39.140406402510003,0.0000000000000000)
 mdl_I29a11 =          (2.32529976806891995E-003,0.0000000000000000)
 mdl_I29a14 =         (-1.02625184452761215E-002,0.0000000000000000)
 mdl_I29a26 =          (3.71601187281000070E-005,0.0000000000000000)
 mdl_I29a35 =          (8.70143803240000107E-010,0.0000000000000000)
 mdl_I3a23 =         (1.15452999999999997E-002,-0.0000000000000000)
 mdl_I3a31 =         (3.27597868336000006E-002,-0.0000000000000000)
 mdl_I3a32 =              (0.24104303213950001,-0.0000000000000000)
 mdl_I30a11 =               (0.10004404801400001,0.0000000000000000)
 mdl_I30a14 =          (2.26681591739999987E-002,0.0000000000000000)
 mdl_I30a23 =          (6.09591000000000039E-003,0.0000000000000000)
 mdl_I30a32 =          (2.94982000000000016E-005,0.0000000000000000)
 mdl_I31a13 =                (1.0000000000000000,0.0000000000000000)
 mdl_I31a22 =                (1.0000000000000000,0.0000000000000000)
 mdl_I31a31 =                (1.0000000000000000,0.0000000000000000)
 mdl_I32a13 =          (2.94982000000000016E-005,0.0000000000000000)
 mdl_I32a22 =          (6.09591000000000039E-003,0.0000000000000000)
 mdl_I32a31 =               (0.10258000000000000,0.0000000000000000)
 mdl_I33a11 =               (0.22098029999999999,0.0000000000000000)
 mdl_I33a14 =             (-0.97527830000000004,-0.0000000000000000)
 mdl_I33a26 =                (1.0000000000000000,0.0000000000000000)
 mdl_I33a35 =                (1.0000000000000000,0.0000000000000000)
 mdl_I34a11 =               (0.10004404801400001,0.0000000000000000)
 mdl_I34a14 =          (2.26681591739999987E-002,0.0000000000000000)
 mdl_I34a23 =          (6.09591000000000039E-003,0.0000000000000000)
 mdl_I34a32 =          (2.94982000000000016E-005,0.0000000000000000)
 mdl_conjg__te3x3 =              (-177.12170000000000,-0.0000000000000000)
 mdl_I35a11 =              (-172.74295046911001,-0.0000000000000000)
 mdl_I35a14 =              (-39.140406402510003,-0.0000000000000000)
 mdl_I36a11 =          (2.32529976806891995E-003,0.0000000000000000)
 mdl_I36a14 =         (-1.02625184452761215E-002,0.0000000000000000)
 mdl_I36a26 =          (3.71601187281000070E-005,0.0000000000000000)
 mdl_I36a35 =          (8.70143803240000107E-010,0.0000000000000000)
 mdl_I37a23 =         (7.10004000000000017E-003,-0.0000000000000000)
 mdl_I37a31 =              (0.90427362170760006,-0.0000000000000000)
 mdl_I37a32 =              (0.40146960827160005,-0.0000000000000000)
 mdl_conjg__Ru6x2 =               (1.0000000000000000,-0.0000000000000000)
 mdl_I38a26 =          (7.10004000000000017E-003,0.0000000000000000)
 mdl_conjg__Ru1x3 =              (0.40577570000000002,-0.0000000000000000)
 mdl_I38a31 =               (0.40146960827160005,0.0000000000000000)
 mdl_conjg__Ru2x3 =             (-0.91397269999999997,-0.0000000000000000)
 mdl_I38a32 =             (-0.90427362170760006,-0.0000000000000000)
 mdl_I39a11 =               (0.16465391871049001,0.0000000000000000)
 mdl_I39a12 =              (-0.37086791212338999,0.0000000000000000)
 mdl_I39a21 =             (-0.37086791212338999,-0.0000000000000000)
 mdl_I39a22 =               (0.83534609634529000,0.0000000000000000)
 mdl_conjg__Ru5x1 =               (1.0000000000000000,-0.0000000000000000)
 mdl_I39a55 =                (1.0000000000000000,0.0000000000000000)
 mdl_I39a66 =                (1.0000000000000000,0.0000000000000000)
 mdl_I4a26 =          (1.15452999999999997E-002,0.0000000000000000)
 mdl_I4a31 =               (0.24104303213950001,0.0000000000000000)
 mdl_I4a32 =        (-3.27597868336000006E-002,-0.0000000000000000)
 mdl_I40a11 =               (0.83534609634529000,0.0000000000000000)
 mdl_I40a12 =               (0.37086791212338999,0.0000000000000000)
 mdl_I40a21 =               (0.37086791212338999,0.0000000000000000)
 mdl_I40a22 =               (0.16465391871049001,0.0000000000000000)
 mdl_I40a33 =                (1.0000000000000000,0.0000000000000000)
 mdl_I40a44 =                (1.0000000000000000,0.0000000000000000)
 mdl_I41a11 =               (0.40207928626085004,0.0000000000000000)
 mdl_I41a12 =             (-0.90564686568934993,-0.0000000000000000)
 mdl_I41a21 =         (-5.46459758292799982E-002,0.0000000000000000)
 mdl_I41a22 =               (0.12308506909807999,0.0000000000000000)
 mdl_I41a55 =                (1.0000000000000000,0.0000000000000000)
 mdl_I41a66 =                (1.0000000000000000,0.0000000000000000)
 mdl_conjg__tu3x3 =              (-1213.6489999999999,-0.0000000000000000)
 mdl_I42a11 =              (-1099.1374128970137,-0.0000000000000000)
 mdl_I42a12 =              (-487.98312369119435,-0.0000000000000000)
 mdl_I42a21 =                (149.38207102581566,0.0000000000000000)
 mdl_I42a22 =                (66.321033919229833,0.0000000000000000)
 mdl_I43a11 =               (0.89603614115065455,0.0000000000000000)
 mdl_I43a12 =               (0.39781242087504992,0.0000000000000000)
 mdl_I43a21 =              (-0.12177889034481118,0.0000000000000000)
 mdl_I43a22 =         (-5.40660727337796826E-002,0.0000000000000000)
 mdl_I43a63 =          (7.10004000000000017E-003,0.0000000000000000)
 mdl_I44a11 =               (-18.705863986120839,0.0000000000000000)
 mdl_I44a12 =                (42.133250002963763,0.0000000000000000)
 mdl_I44a21 =               (-137.63576047995156,0.0000000000000000)
 mdl_I44a22 =                (310.01197859412139,0.0000000000000000)
 mdl_I45a11 =          (1.32931254342548242E-002,0.0000000000000000)
 mdl_I45a12 =        (-2.99415508237298421E-002,-0.0000000000000000)
 mdl_I45a21 =          (9.78094050965281209E-002,0.0000000000000000)
 mdl_I45a22 =             (-0.22030675090072560,-0.0000000000000000)
 mdl_I45a36 =          (1.15452999999999997E-002,0.0000000000000000)
 mdl_I46a11 =          (2.37930180743763341E-002,0.0000000000000000)
 mdl_I46a12 =         (-5.35915999173596086E-002,0.0000000000000000)
 mdl_I46a21 =         (-3.23367240001139417E-003,0.0000000000000000)
 mdl_I46a22 =          (7.28355171182969770E-003,0.0000000000000000)
 mdl_I46a66 =          (1.33293952090000005E-004,0.0000000000000000)
 mdl_I47a11 =          (2.96238110863884241E-002,0.0000000000000000)
 mdl_I47a12 =          (1.31520587871465124E-002,0.0000000000000000)
 mdl_I47a21 =               (0.21796885566016710,0.0000000000000000)
 mdl_I47a22 =          (9.67714516896437671E-002,0.0000000000000000)
 mdl_I47a33 =          (8.19720918119999994E-005,0.0000000000000000)
 mdl_I48a11 =               (0.39359083546472390,0.0000000000000000)
 mdl_I48a12 =              (-0.88652740562076393,0.0000000000000000)
 mdl_I48a21 =         (-5.34923235699288138E-002,0.0000000000000000)
 mdl_I48a22 =               (0.12048657276047203,0.0000000000000000)
 mdl_I48a66 =          (5.04105680016000052E-005,0.0000000000000000)
 mdl_I49a26 =          (7.10004000000000017E-003,0.0000000000000000)
 mdl_I49a31 =               (0.40146960827160005,0.0000000000000000)
 mdl_I49a32 =              (-0.90427362170760006,0.0000000000000000)
 mdl_I5a11 =               (0.98186398299025002,0.0000000000000000)
 mdl_I5a12 =              (-0.13344361999120000,0.0000000000000000)
 mdl_I5a21 =             (-0.13344361999120000,-0.0000000000000000)
 mdl_I5a22 =          (1.81361166361600004E-002,0.0000000000000000)
 mdl_I5a55 =                (1.0000000000000000,0.0000000000000000)
 mdl_I5a66 =                (1.0000000000000000,0.0000000000000000)
 mdl_I50a23 =          (7.10004000000000017E-003,0.0000000000000000)
 mdl_I50a31 =               (0.90427362170760006,0.0000000000000000)
 mdl_I50a32 =               (0.40146960827160005,0.0000000000000000)
 mdl_I51a15 =                (1.0000000000000000,0.0000000000000000)
 mdl_I51a26 =                (1.0000000000000000,0.0000000000000000)
 mdl_I51a31 =               (0.40577570000000002,0.0000000000000000)
 mdl_I51a32 =              (-0.91397269999999997,0.0000000000000000)
 mdl_I52a26 =          (1.15452999999999997E-002,0.0000000000000000)
 mdl_I52a31 =          (9.87085910063000005E-002,0.0000000000000000)
 mdl_I52a32 =              (-0.22233208502929999,0.0000000000000000)
 mdl_I53a23 =          (7.10004000000000017E-003,0.0000000000000000)
 mdl_I53a31 =               (0.90427362170760006,0.0000000000000000)
 mdl_I53a32 =               (0.40146960827160005,0.0000000000000000)
 mdl_I54a11 =               (0.40207928626085004,0.0000000000000000)
 mdl_I54a12 =              (-0.90564686568934993,0.0000000000000000)
 mdl_I54a21 =        (-5.46459758292799982E-002,-0.0000000000000000)
 mdl_I54a22 =               (0.12308506909807999,0.0000000000000000)
 mdl_I54a55 =                (1.0000000000000000,0.0000000000000000)
 mdl_I54a66 =                (1.0000000000000000,0.0000000000000000)
 mdl_I55a11 =          (1.32931254342548225E-002,0.0000000000000000)
 mdl_I55a12 =         (-2.99415508237298421E-002,0.0000000000000000)
 mdl_I55a21 =          (9.78094050965281209E-002,0.0000000000000000)
 mdl_I55a22 =              (-0.22030675090072557,0.0000000000000000)
 mdl_I55a36 =          (1.15452999999999997E-002,0.0000000000000000)
 mdl_conjg__td3x3 =              (-342.31000000000000,-0.0000000000000000)
 mdl_I56a11 =              (-18.705863986120836,-0.0000000000000000)
 mdl_I56a12 =                (42.133250002963763,0.0000000000000000)
 mdl_I56a21 =              (-137.63576047995159,-0.0000000000000000)
 mdl_I56a22 =                (310.01197859412139,0.0000000000000000)
 mdl_I57a11 =               (-1099.1374128970137,0.0000000000000000)
 mdl_I57a12 =               (-487.98312369119435,0.0000000000000000)
 mdl_I57a21 =                (149.38207102581566,0.0000000000000000)
 mdl_I57a22 =                (66.321033919229833,0.0000000000000000)
 mdl_I58a11 =          (2.37930180743763306E-002,0.0000000000000000)
 mdl_I58a12 =         (-5.35915999173596017E-002,0.0000000000000000)
 mdl_I58a21 =         (-3.23367240001139374E-003,0.0000000000000000)
 mdl_I58a22 =          (7.28355171182969770E-003,0.0000000000000000)
 mdl_I58a66 =          (1.33293952090000005E-004,0.0000000000000000)
 mdl_I59a11 =               (0.39359083546472390,0.0000000000000000)
 mdl_I59a12 =              (-0.88652740562076393,0.0000000000000000)
 mdl_I59a21 =         (-5.34923235699288208E-002,0.0000000000000000)
 mdl_I59a22 =               (0.12048657276047205,0.0000000000000000)
 mdl_I59a66 =          (5.04105680016000052E-005,0.0000000000000000)
 mdl_I6a11 =          (1.81361166361600004E-002,0.0000000000000000)
 mdl_I6a12 =               (0.13344361999120000,0.0000000000000000)
 mdl_I6a21 =               (0.13344361999120000,0.0000000000000000)
 mdl_I6a22 =               (0.98186398299025002,0.0000000000000000)
 mdl_I6a33 =                (1.0000000000000000,0.0000000000000000)
 mdl_I6a44 =                (1.0000000000000000,0.0000000000000000)
 mdl_I60a11 =               (0.89603614115065466,0.0000000000000000)
 mdl_I60a12 =               (0.39781242087504992,0.0000000000000000)
 mdl_I60a21 =             (-0.12177889034481118,-0.0000000000000000)
 mdl_I60a22 =        (-5.40660727337796895E-002,-0.0000000000000000)
 mdl_I60a63 =          (7.10004000000000017E-003,0.0000000000000000)
 mdl_I61a11 =          (2.96238110863884241E-002,0.0000000000000000)
 mdl_I61a12 =          (1.31520587871465141E-002,0.0000000000000000)
 mdl_I61a21 =               (0.21796885566016710,0.0000000000000000)
 mdl_I61a22 =          (9.67714516896437671E-002,0.0000000000000000)
 mdl_I61a33 =          (8.19720918119999994E-005,0.0000000000000000)
 mdl_I62a11 =               (0.16465391871049001,0.0000000000000000)
 mdl_I62a12 =              (-0.37086791212338999,0.0000000000000000)
 mdl_I62a21 =             (-0.37086791212338999,-0.0000000000000000)
 mdl_I62a22 =               (0.83534609634529000,0.0000000000000000)
 mdl_I62a55 =                (1.0000000000000000,0.0000000000000000)
 mdl_I62a66 =                (1.0000000000000000,0.0000000000000000)
 mdl_I63a11 =               (0.83534609634529000,0.0000000000000000)
 mdl_I63a12 =               (0.37086791212338999,0.0000000000000000)
 mdl_I63a21 =               (0.37086791212338999,0.0000000000000000)
 mdl_I63a22 =               (0.16465391871049001,0.0000000000000000)
 mdl_I63a33 =                (1.0000000000000000,0.0000000000000000)
 mdl_I63a44 =                (1.0000000000000000,0.0000000000000000)
 mdl_I64a11 =              (-45.679085559187669,-0.0000000000000000)
 mdl_I64a12 =                (6.2081740857239298,0.0000000000000000)
 mdl_I64a21 =              (-336.10186001739248,-0.0000000000000000)
 mdl_I64a22 =                (45.679085559187669,0.0000000000000000)
 mdl_I65a11 =               (-45.679085559187676,0.0000000000000000)
 mdl_I65a12 =               (-336.10186001739248,0.0000000000000000)
 mdl_I65a21 =                (6.2081740857239298,0.0000000000000000)
 mdl_I65a22 =                (45.679085559187669,0.0000000000000000)
 mdl_I66a11 =          (3.24613615554393206E-002,0.0000000000000000)
 mdl_I66a12 =         (-4.41177359679564580E-003,0.0000000000000000)
 mdl_I66a21 =               (0.23884725063822523,0.0000000000000000)
 mdl_I66a22 =         (-3.24613615554393206E-002,0.0000000000000000)
 mdl_I66a36 =          (1.15452999999999997E-002,0.0000000000000000)
 mdl_I67a11 =          (3.24613615554393206E-002,0.0000000000000000)
 mdl_I67a12 =               (0.23884725063822523,0.0000000000000000)
 mdl_I67a21 =        (-4.41177359679564580E-003,-0.0000000000000000)
 mdl_I67a22 =        (-3.24613615554393206E-002,-0.0000000000000000)
 mdl_I67a63 =          (1.15452999999999997E-002,0.0000000000000000)
 mdl_I68a11 =              (-38.172789017549071,-0.0000000000000000)
 mdl_I68a14 =                (168.47245107049781,0.0000000000000000)
 mdl_I68a41 =              (-8.6492587489485810,-0.0000000000000000)
 mdl_I68a44 =                (38.172789017549071,0.0000000000000000)
 mdl_I69a11 =               (-38.172789017549071,0.0000000000000000)
 mdl_I69a14 =               (-8.6492587489485810,0.0000000000000000)
 mdl_I69a41 =                (168.47245107049781,0.0000000000000000)
 mdl_I69a44 =                (38.172789017549071,0.0000000000000000)
 mdl_I7a26 =          (1.15452999999999997E-002,0.0000000000000000)
 mdl_I7a31 =               (0.24104303213950001,0.0000000000000000)
 mdl_I7a32 =         (-3.27597868336000006E-002,0.0000000000000000)
 mdl_I70a11 =          (2.21077637433481251E-002,0.0000000000000000)
 mdl_I70a14 =         (-9.75707890722123106E-002,0.0000000000000000)
 mdl_I70a25 =          (2.94982000000000016E-005,0.0000000000000000)
 mdl_I70a36 =          (6.09591000000000039E-003,0.0000000000000000)
 mdl_I70a41 =          (5.00921661471827231E-003,0.0000000000000000)
 mdl_I70a44 =         (-2.21077637433481251E-002,0.0000000000000000)
 mdl_I71a11 =          (2.21077637433481251E-002,0.0000000000000000)
 mdl_I71a14 =          (5.00921661471827144E-003,0.0000000000000000)
 mdl_I71a41 =        (-9.75707890722123106E-002,-0.0000000000000000)
 mdl_I71a44 =        (-2.21077637433481251E-002,-0.0000000000000000)
 mdl_I71a52 =          (2.94982000000000016E-005,0.0000000000000000)
 mdl_I71a63 =          (6.09591000000000039E-003,0.0000000000000000)
 mdl_I72a11 =               (0.36693226183993660,0.0000000000000000)
 mdl_I72a12 =              (-0.82648140357087385,0.0000000000000000)
 mdl_I72a21 =               (0.16290661132513429,0.0000000000000000)
 mdl_I72a22 =              (-0.36693226183993660,0.0000000000000000)
 mdl_I72a36 =          (7.10004000000000017E-003,0.0000000000000000)
 mdl_I73a11 =              (-450.10347068064010,-0.0000000000000000)
 mdl_I73a12 =                (1013.8169544833647,0.0000000000000000)
 mdl_I73a21 =              (-199.83206378906746,-0.0000000000000000)
 mdl_I73a22 =                (450.10347068064010,0.0000000000000000)
 mdl_I74a11 =               (-450.10347068064010,0.0000000000000000)
 mdl_I74a12 =               (-199.83206378906749,0.0000000000000000)
 mdl_I74a21 =                (1013.8169544833647,0.0000000000000000)
 mdl_I74a22 =                (450.10347068064010,0.0000000000000000)
 mdl_I75a11 =               (0.36693226183993660,0.0000000000000000)
 mdl_I75a12 =               (0.16290661132513432,0.0000000000000000)
 mdl_I75a21 =             (-0.82648140357087385,-0.0000000000000000)
 mdl_I75a22 =             (-0.36693226183993660,-0.0000000000000000)
 mdl_I75a63 =          (7.10004000000000017E-003,0.0000000000000000)
 mdl_I76a11 =          (5.81017433430040323E-002,0.0000000000000000)
 mdl_I76a12 =         (-7.89651835061461367E-003,0.0000000000000000)
 mdl_I76a21 =         (-7.89651835061461367E-003,0.0000000000000000)
 mdl_I76a22 =          (1.07320363338291209E-003,0.0000000000000000)
 mdl_I76a66 =          (1.33293952090000005E-004,0.0000000000000000)
 mdl_I77a11 =          (1.07320363338291209E-003,0.0000000000000000)
 mdl_I77a12 =          (7.89651835061461367E-003,0.0000000000000000)
 mdl_I77a21 =          (7.89651835061461367E-003,0.0000000000000000)
 mdl_I77a22 =          (5.81017433430040323E-002,0.0000000000000000)
 mdl_I77a33 =          (1.33293952090000005E-004,0.0000000000000000)
 mdl_I78a11 =          (5.13845440337800264E-004,0.0000000000000000)
 mdl_I78a14 =         (-2.26781440479265073E-003,0.0000000000000000)
 mdl_I78a41 =         (-2.26781440479265073E-003,0.0000000000000000)
 mdl_I78a44 =          (1.00088115430275390E-002,0.0000000000000000)
 mdl_I78a55 =          (8.70143803240000107E-010,0.0000000000000000)
 mdl_I78a66 =          (3.71601187281000070E-005,0.0000000000000000)
 mdl_I79a11 =          (1.00088115430275390E-002,0.0000000000000000)
 mdl_I79a14 =          (2.26781440479265073E-003,0.0000000000000000)
 mdl_I79a22 =          (8.70143803240000107E-010,0.0000000000000000)
 mdl_I79a33 =          (3.71601187281000070E-005,0.0000000000000000)
 mdl_I79a41 =          (2.26781440479265073E-003,0.0000000000000000)
 mdl_I79a44 =          (5.13845440337800264E-004,0.0000000000000000)
 mdl_I8a23 =          (1.15452999999999997E-002,0.0000000000000000)
 mdl_I8a31 =          (3.27597868336000006E-002,0.0000000000000000)
 mdl_I8a32 =               (0.24104303213950001,0.0000000000000000)
 mdl_I80a11 =               (0.16117784636575200,0.0000000000000000)
 mdl_I80a12 =              (-0.36303837667729122,0.0000000000000000)
 mdl_I80a21 =              (-0.36303837667729122,0.0000000000000000)
 mdl_I80a22 =               (0.81771078291617982,0.0000000000000000)
 mdl_I80a66 =          (5.04105680016000052E-005,0.0000000000000000)
 mdl_I81a11 =               (0.81771078291617982,0.0000000000000000)
 mdl_I81a12 =               (0.36303837667729122,0.0000000000000000)
 mdl_I81a21 =               (0.36303837667729122,0.0000000000000000)
 mdl_I81a22 =               (0.16117784636575200,0.0000000000000000)
 mdl_I81a33 =          (5.04105680016000052E-005,0.0000000000000000)
 mdl_I82a15 =               (1.0000000000000000,-0.0000000000000000)
 mdl_I82a26 =               (1.0000000000000000,-0.0000000000000000)
 mdl_I82a31 =              (0.99089050000000001,-0.0000000000000000)
 mdl_I82a32 =             (-0.13467040000000000,-0.0000000000000000)
 mdl_I83a23 =         (1.15452999999999997E-002,-0.0000000000000000)
 mdl_I83a31 =         (3.27597868336000006E-002,-0.0000000000000000)
 mdl_I83a32 =              (0.24104303213950001,-0.0000000000000000)
 mdl_I84a26 =          (7.10004000000000017E-003,0.0000000000000000)
 mdl_I84a31 =               (0.98037517001400010,0.0000000000000000)
 mdl_I84a32 =             (-0.13324127771520000,-0.0000000000000000)
 mdl_I85a15 =               (1.0000000000000000,-0.0000000000000000)
 mdl_I85a26 =               (1.0000000000000000,-0.0000000000000000)
 mdl_I85a31 =              (0.22098029999999999,-0.0000000000000000)
 mdl_I85a34 =             (-0.97527830000000004,-0.0000000000000000)
 mdl_I86a12 =         (2.94982000000000016E-005,-0.0000000000000000)
 mdl_I86a23 =         (6.09591000000000039E-003,-0.0000000000000000)
 mdl_I86a31 =              (0.10004404801400001,-0.0000000000000000)
 mdl_I86a34 =         (2.26681591739999987E-002,-0.0000000000000000)
 mdl_I87a13 =               (1.0000000000000000,-0.0000000000000000)
 mdl_I87a22 =               (1.0000000000000000,-0.0000000000000000)
 mdl_I87a31 =               (1.0000000000000000,-0.0000000000000000)
 mdl_I88a13 =          (2.94982000000000016E-005,0.0000000000000000)
 mdl_I88a22 =          (6.09591000000000039E-003,0.0000000000000000)
 mdl_I88a31 =               (0.10258000000000000,0.0000000000000000)
 mdl_I89a15 =               (1.0000000000000000,-0.0000000000000000)
 mdl_I89a26 =               (1.0000000000000000,-0.0000000000000000)
 mdl_I89a31 =              (0.40577570000000002,-0.0000000000000000)
 mdl_I89a32 =             (-0.91397269999999997,-0.0000000000000000)
 mdl_I9a15 =                (1.0000000000000000,0.0000000000000000)
 mdl_I9a26 =                (1.0000000000000000,0.0000000000000000)
 mdl_I9a31 =               (0.99089050000000001,0.0000000000000000)
 mdl_I9a32 =              (-0.13467040000000000,0.0000000000000000)
 mdl_I90a23 =         (7.10004000000000017E-003,-0.0000000000000000)
 mdl_I90a31 =              (0.90427362170760006,-0.0000000000000000)
 mdl_I90a32 =              (0.40146960827160005,-0.0000000000000000)
 mdl_I91a26 =          (1.15452999999999997E-002,0.0000000000000000)
 mdl_I91a31 =          (9.87085910063000005E-002,0.0000000000000000)
 mdl_I91a32 =             (-0.22233208502929999,-0.0000000000000000)
 mdl_I92a11 =               (0.40207928626085004,0.0000000000000000)
 mdl_I92a12 =              (-0.90564686568934993,0.0000000000000000)
 mdl_I92a21 =        (-5.46459758292799982E-002,-0.0000000000000000)
 mdl_I92a22 =               (0.12308506909807999,0.0000000000000000)
 mdl_I92a55 =                (1.0000000000000000,0.0000000000000000)
 mdl_I92a66 =                (1.0000000000000000,0.0000000000000000)
 mdl_I93a11 =               (0.22098029999999999,0.0000000000000000)
 mdl_I93a14 =             (-0.97527830000000004,-0.0000000000000000)
 mdl_I93a26 =                (1.0000000000000000,0.0000000000000000)
 mdl_I93a35 =                (1.0000000000000000,0.0000000000000000)
 mdl_I94a11 =               (0.40207928626085004,0.0000000000000000)
 mdl_I94a12 =             (-0.90564686568934993,-0.0000000000000000)
 mdl_I94a21 =         (-5.46459758292799982E-002,0.0000000000000000)
 mdl_I94a22 =               (0.12308506909807999,0.0000000000000000)
 mdl_I94a55 =                (1.0000000000000000,0.0000000000000000)
 mdl_I94a66 =                (1.0000000000000000,0.0000000000000000)
 mdl_I95a11 =               (0.22098029999999999,0.0000000000000000)
 mdl_I95a14 =              (-0.97527830000000004,0.0000000000000000)
 mdl_I95a26 =                (1.0000000000000000,0.0000000000000000)
 mdl_I95a35 =                (1.0000000000000000,0.0000000000000000)
 mdl_I96a11 =               (0.98186398299025002,0.0000000000000000)
 mdl_I96a12 =              (-0.13344361999120000,0.0000000000000000)
 mdl_I96a21 =             (-0.13344361999120000,-0.0000000000000000)
 mdl_I96a22 =          (1.81361166361600004E-002,0.0000000000000000)
 mdl_I96a55 =                (1.0000000000000000,0.0000000000000000)
 mdl_I96a66 =                (1.0000000000000000,0.0000000000000000)
 mdl_I97a11 =          (4.88322929880899981E-002,0.0000000000000000)
 mdl_I97a14 =              (-0.21551729131749001,0.0000000000000000)
 mdl_I97a41 =             (-0.21551729131749001,-0.0000000000000000)
 mdl_I97a44 =               (0.95116776245089008,0.0000000000000000)
 mdl_I97a55 =                (1.0000000000000000,0.0000000000000000)
 mdl_I97a66 =                (1.0000000000000000,0.0000000000000000)
 mdl_I98a11 =               (0.16465391871049001,0.0000000000000000)
 mdl_I98a12 =              (-0.37086791212338999,0.0000000000000000)
 mdl_I98a21 =             (-0.37086791212338999,-0.0000000000000000)
 mdl_I98a22 =               (0.83534609634529000,0.0000000000000000)
 mdl_I98a55 =                (1.0000000000000000,0.0000000000000000)
 mdl_I98a66 =                (1.0000000000000000,0.0000000000000000)
 mdl_I99a11 =          (2.94982000000000016E-005,0.0000000000000000)
 mdl_I99a22 =          (6.09591000000000039E-003,0.0000000000000000)
 mdl_I99a33 =               (0.10258000000000000,0.0000000000000000)
 mdl_complexi =                (0.0000000000000000,1.0000000000000000)
 mdl_sw__exp__2 =   0.21214348600281588     
 mdl_NN1x5__exp__2 =          (1.85234691320999991E-007,0.0000000000000000)
 mdl_NN2x5__exp__2 =         (1.00234737592899983E-006,-0.0000000000000000)
 mdl_NN3x5__exp__2 =          (1.93272778383999985E-005,0.0000000000000000)
 mdl_NN4x5__exp__2 =         (9.39480455824000124E-005,-0.0000000000000000)
 mdl_NN5x5__exp__2 =               (0.99988560327184006,0.0000000000000000)
 mdl_US1x1__exp__2 =    1.0247634376360001E-002
 mdl_US1x2__exp__2 =   0.98971020702724000     
 mdl_US2x1__exp__2 =   0.98972731838016004     
 mdl_US2x2__exp__2 =    1.0240286352490000E-002
 mdl_US3x1__exp__2 =    2.5096853624976001E-005
 mdl_US3x2__exp__2 =    4.9476733960899997E-005
 mdl_NMl__exp__2 =    1.0000000000000002E-002
 mdl_NMk__exp__2 =    1.1861540574489999E-002
 mdl_US1x3__exp__3 =   -2.7346017052712554E-007
 mdl_US1x3__exp__2 =    4.2130445695209002E-005
 mdl_US2x3__exp__2 =    3.2443140108543996E-005
 mdl_US2x3__exp__3 =    1.8479249242657444E-007
 mdl_US3x3__exp__2 =   0.99992540139128994     
 mdl_US3x3__exp__3 =   0.99988810417381802     
 mdl_US1x1__exp__3 =    1.0373741764995487E-003
 mdl_US1x2__exp__3 =   0.98460508383735212     
 mdl_US2x1__exp__3 =   0.98463061858142964     
 mdl_US2x2__exp__3 =   -1.0362586092397788E-003
 mdl_US3x1__exp__3 =   -1.2572710528055527E-007
 mdl_US3x2__exp__3 =    3.4801786237895173E-007
 mdl_conjg__NN1x1 =              (0.99868449999999998,-0.0000000000000000)
 mdl_conjg__NN1x2 =        (-8.14943899999999964E-003,-0.0000000000000000)
 mdl_conjg__NN1x3 =         (4.83530799999999997E-002,-0.0000000000000000)
 mdl_conjg__NN1x4 =        (-1.49871699999999993E-002,-0.0000000000000000)
 mdl_conjg__NN1x5 =         (4.30388999999999989E-004,-0.0000000000000000)
 mdl_conjg__NN2x1 =         (1.38621800000000000E-002,-0.0000000000000000)
 mdl_conjg__NN2x2 =              (0.99326870000000000,-0.0000000000000000)
 mdl_conjg__NN2x3 =             (-0.10311900000000000,-0.0000000000000000)
 mdl_conjg__NN2x4 =         (5.08975600000000014E-002,-0.0000000000000000)
 mdl_conjg__NN2x5 =        (-1.00117299999999995E-003,-0.0000000000000000)
 mdl_conjg__NN3x1 =        (-2.32278900000000010E-002,-0.0000000000000000)
 mdl_conjg__NN3x2 =         (3.72952100000000022E-002,-0.0000000000000000)
 mdl_conjg__NN3x3 =              (0.70529770000000003,-0.0000000000000000)
 mdl_conjg__NN3x4 =              (0.70753469999999996,-0.0000000000000000)
 mdl_conjg__NN3x5 =         (4.39627999999999981E-003,-0.0000000000000000)
 mdl_conjg__NN4x1 =         (4.35606200000000013E-002,-0.0000000000000000)
 mdl_conjg__NN4x2 =             (-0.10936110000000000,-0.0000000000000000)
 mdl_conjg__NN4x3 =             (-0.69963100000000000,-0.0000000000000000)
 mdl_conjg__NN4x4 =              (0.70467380000000002,-0.0000000000000000)
 mdl_conjg__NN4x5 =        (-9.69268000000000039E-003,-0.0000000000000000)
 mdl_conjg__NN5x1 =         (1.08397300000000007E-004,-0.0000000000000000)
 mdl_conjg__NN5x2 =        (-2.26034300000000005E-004,-0.0000000000000000)
 mdl_conjg__NN5x3 =        (-1.00066100000000009E-002,-0.0000000000000000)
 mdl_conjg__NN5x4 =         (3.77728099999999995E-003,-0.0000000000000000)
 mdl_conjg__NN5x5 =              (0.99994280000000002,-0.0000000000000000)
 mdl_conjg__UU1x1 =              (0.98923059999999996,-0.0000000000000000)
 mdl_conjg__UU1x2 =             (-0.14636560000000001,-0.0000000000000000)
 mdl_conjg__UU2x1 =              (0.14636560000000001,-0.0000000000000000)
 mdl_conjg__UU2x2 =              (0.98923059999999996,-0.0000000000000000)
 mdl_conjg__VV1x1 =              (0.99738240000000000,-0.0000000000000000)
 mdl_conjg__VV1x2 =        (-7.23075799999999963E-002,-0.0000000000000000)
 mdl_conjg__VV2x1 =         (7.23075799999999963E-002,-0.0000000000000000)
 mdl_conjg__VV2x2 =              (0.99738240000000000,-0.0000000000000000)
 mdl_ee =   0.31342649541750545     
 mdl_gp =   0.35311172754256853     
 mdl_gw =   0.68048860332193306     
 mdl_vev =    237.88421908870262     
 mdl_vd =    23.669356790228431     
 mdl_vu =    236.70374572570398     
 mdl_ee__exp__2 =    9.8236168029699561E-002
  Internal Params evaluated point by point
  ----------------------------------------
  
 mdl_sqrt__aS =   0.34234485537247383     
 mdl_G__exp__2 =    1.4727786360028952     
  Couplings of NMSSMHET_UFO
  ---------------------------------
  
       GC_790 =   0.00000E+00   0.20719E+02
       GC_830 =   0.00000E+00  -0.66812E+02
        GC_13 =  -0.00000E+00  -0.10000E+01
       GC_884 =  -0.00000E+00  -0.17413E-01
      GC_1417 =  -0.00000E+00  -0.17413E-01

 Collider parameters:
 --------------------

 Running at P P   machine @    13000.000000000000       GeV
 PDF set = lhapdf 
 alpha_s(Mz)= 0.1127 running at 3 loops.
 alpha_s(Mz)= 0.1127 running at 3 loops.
 Renormalization scale set on event-by-event basis
 Factorization   scale set on event-by-event basis


 getting user params
Enter number of events and max and min iterations: 
 Number of events and iterations         2000           8           3
Enter desired fractional accuracy: 
 Desired fractional accuracy:    1.0000000000000000E-002
Enter 0 for fixed, 2 for adjustable grid: 
Suppress amplitude (0 no, 1 yes)? 
 Using suppressed amplitude.
Exact helicity sum (0 yes, n = number/event)? 
 Explicitly summing over helicities
Enter Configuration Number: 
Running Configuration Number:    1
 Not subdividing B.W.
 Attempting mappinvarients           1           8
 Completed mapping           8
 about to integrate           16        2000           8           3          16           1
 Using non-zero grid deformation.
 16 dimensions   2000 events 16 invarients  8 iterations  1 config(s),  (0.99)
 Using h-tuple random number sequence.
 Error opening grid
 Using Uniform Grid!          32
 Using uniform alpha   1.0000000000000000     
 Grid defined OK
 Set CM energy to      13000.00
 Mapping Graph           1  to config           1
 Setting BW          -1           1   125.00000000000000     
 Setting BW          -2           2   125.00000000000000     
 Setting BW          -3           3   400.00000000000000     
 Setting BW          -4           4   125.00000000000000     
 Setting PDF BW          15           5   600.00000000000000     
 Transforming s_hat BW    2.1301775147928997E-003   3.5502958579881663E-009
   1   1   2   3   4   5   6   7   8   9  10  11  12  13  14
  15  16
 Masses: 0.000E+00 0.000E+00 0.421E+01 0.421E+01 0.421E+01 0.421E+01 0.421E+01 0.421E+01
Using random seed offsets     1 :      1
  with seed                   24
 Ranmar initialization seeds       31059        9398
 
 ********************************************
 * You are using the DiscreteSampler module *
 *      part of the MG5_aMC framework       *
 *         Author: Valentin Hirschi         *
 ********************************************
 
  Particle       3       4       5       6       7       8
      Et >     0.0     0.0     0.0     0.0     0.0     0.0
       E >     0.0     0.0     0.0     0.0     0.0     0.0
     Eta <    -1.0    -1.0    -1.0    -1.0    -1.0    -1.0
   xqcut:      0.0     0.0     0.0     0.0     0.0     0.0
d R # 3  >    -0.0     0.0     0.0     0.0     0.0     0.0
d R # 4  >    -0.0    -0.0     0.0     0.0     0.0     0.0
d R # 5  >    -0.0    -0.0    -0.0     0.0     0.0     0.0
d R # 6  >    -0.0    -0.0    -0.0    -0.0     0.0     0.0
d R # 7  >    -0.0    -0.0    -0.0    -0.0    -0.0     0.0
s min # 3>     0.0     0.0     0.0     0.0     0.0     0.0
s min # 4>     0.0     0.0     0.0     0.0     0.0     0.0
s min # 5>     0.0     0.0     0.0     0.0     0.0     0.0
s min # 6>     0.0     0.0     0.0     0.0     0.0     0.0
s min # 7>     0.0     0.0     0.0     0.0     0.0     0.0
xqcutij # 3>     0.0     0.0     0.0     0.0     0.0     0.0
xqcutij # 4>     0.0     0.0     0.0     0.0     0.0     0.0
xqcutij # 5>     0.0     0.0     0.0     0.0     0.0     0.0
xqcutij # 6>     0.0     0.0     0.0     0.0     0.0     0.0
xqcutij # 7>     0.0     0.0     0.0     0.0     0.0     0.0
 No cut BW           -1           1
 No cut BW           -2           2
 No cut BW           -3           3
 No cut BW           -4           4
 No cut BW           -5           5
 alpha_s for scale    600.00046980661125       is    8.6924239323077093E-002
 Added good helicity            2   5.7401763041788334E-006  in event            1 local:           1
 Added good helicity            3   5.7401763041788334E-006  in event            1 local:           1
 Added good helicity            5   9.7432081441753626E-007  in event            1 local:           1
 Added good helicity            6   9.9244555624399960E-003  in event            1 local:           1
 Added good helicity            7   9.9244555624399995E-003  in event            1 local:           1
 Added good helicity            8   9.7432081441753731E-007  in event            1 local:           1
 Added good helicity            9   9.7432081441753668E-007  in event            1 local:           1
 Added good helicity           10   9.9244555624399995E-003  in event            1 local:           1
 Added good helicity           11   9.9244555624400030E-003  in event            1 local:           1
 Added good helicity           12   9.7432081441753753E-007  in event            1 local:           1
 Added good helicity           14   5.7401763041788308E-006  in event            1 local:           1
 Added good helicity           15   5.7401763041788308E-006  in event            1 local:           1
 Added good helicity           17   9.0734073795207355E-007  in event            1 local:           1
 Added good helicity           18   9.2421948710806421E-003  in event            1 local:           1
 Added good helicity           19   9.2421948710806456E-003  in event            1 local:           1
 Added good helicity           20   9.0734073795207451E-007  in event            1 local:           1
 Added good helicity           21   1.5687432504889016E-003  in event            1 local:           1
 Added good helicity           22   15.979256983914604       in event            1 local:           1
 Added good helicity           23   15.979256983914604       in event            1 local:           1
 Added good helicity           24   1.5687432504889031E-003  in event            1 local:           1
 Added good helicity           25   1.5687432504889018E-003  in event            1 local:           1
 Added good helicity           26   15.979256983914608       in event            1 local:           1
 Added good helicity           27   15.979256983914608       in event            1 local:           1
 Added good helicity           28   1.5687432504889029E-003  in event            1 local:           1
 Added good helicity           29   9.0734073795207324E-007  in event            1 local:           1
 Added good helicity           30   9.2421948710806421E-003  in event            1 local:           1
 Added good helicity           31   9.2421948710806404E-003  in event            1 local:           1
 Added good helicity           32   9.0734073795207408E-007  in event            1 local:           1
 Added good helicity           33   9.0734073795207387E-007  in event            1 local:           1
 Added good helicity           34   9.2421948710806438E-003  in event            1 local:           1
 Added good helicity           35   9.2421948710806490E-003  in event            1 local:           1
 Added good helicity           36   9.0734073795207472E-007  in event            1 local:           1
 Added good helicity           37   1.5687432504889016E-003  in event            1 local:           1
 Added good helicity           38   15.979256983914601       in event            1 local:           1
 Added good helicity           39   15.979256983914611       in event            1 local:           1
 Added good helicity           40   1.5687432504889031E-003  in event            1 local:           1
 Added good helicity           41   1.5687432504889020E-003  in event            1 local:           1
 Added good helicity           42   15.979256983914604       in event            1 local:           1
 Added good helicity           43   15.979256983914604       in event            1 local:           1
 Added good helicity           44   1.5687432504889035E-003  in event            1 local:           1
 Added good helicity           45   9.0734073795207334E-007  in event            1 local:           1
 Added good helicity           46   9.2421948710806421E-003  in event            1 local:           1
 Added good helicity           47   9.2421948710806421E-003  in event            1 local:           1
 Added good helicity           48   9.0734073795207440E-007  in event            1 local:           1
 Added good helicity           50   5.7401763041788317E-006  in event            1 local:           1
 Added good helicity           51   5.7401763041788334E-006  in event            1 local:           1
 Added good helicity           53   9.7432081441753647E-007  in event            1 local:           1
 Added good helicity           54   9.9244555624399995E-003  in event            1 local:           1
 Added good helicity           55   9.9244555624399995E-003  in event            1 local:           1
 Added good helicity           56   9.7432081441753731E-007  in event            1 local:           1
 Added good helicity           57   9.7432081441753689E-007  in event            1 local:           1
 Added good helicity           58   9.9244555624400013E-003  in event            1 local:           1
 Added good helicity           59   9.9244555624399978E-003  in event            1 local:           1
 Added good helicity           60   9.7432081441753753E-007  in event            1 local:           1
 Added good helicity           62   5.7401763041788308E-006  in event            1 local:           1
 Added good helicity           63   5.7401763041788283E-006  in event            1 local:           1
 Added good helicity          194   5.7401763041788334E-006  in event            1 local:           1
 Added good helicity          195   5.7401763041788334E-006  in event            1 local:           1
 Added good helicity          197   9.7432081441753626E-007  in event            1 local:           1
 Added good helicity          198   9.9244555624399960E-003  in event            1 local:           1
 Added good helicity          199   9.9244555624399995E-003  in event            1 local:           1
 Added good helicity          200   9.7432081441753731E-007  in event            1 local:           1
 Added good helicity          201   9.7432081441753668E-007  in event            1 local:           1
 Added good helicity          202   9.9244555624399995E-003  in event            1 local:           1
 Added good helicity          203   9.9244555624400030E-003  in event            1 local:           1
 Added good helicity          204   9.7432081441753753E-007  in event            1 local:           1
 Added good helicity          206   5.7401763041788308E-006  in event            1 local:           1
 Added good helicity          207   5.7401763041788308E-006  in event            1 local:           1
 Added good helicity          209   9.0734073795207355E-007  in event            1 local:           1
 Added good helicity          210   9.2421948710806421E-003  in event            1 local:           1
 Added good helicity          211   9.2421948710806456E-003  in event            1 local:           1
 Added good helicity          212   9.0734073795207451E-007  in event            1 local:           1
 Added good helicity          213   1.5687432504889016E-003  in event            1 local:           1
 Added good helicity          214   15.979256983914604       in event            1 local:           1
 Added good helicity          215   15.979256983914604       in event            1 local:           1
 Added good helicity          216   1.5687432504889031E-003  in event            1 local:           1
 Added good helicity          217   1.5687432504889018E-003  in event            1 local:           1
 Added good helicity          218   15.979256983914608       in event            1 local:           1
 Added good helicity          219   15.979256983914608       in event            1 local:           1
 Added good helicity          220   1.5687432504889029E-003  in event            1 local:           1
 Added good helicity          221   9.0734073795207324E-007  in event            1 local:           1
 Added good helicity          222   9.2421948710806421E-003  in event            1 local:           1
 Added good helicity          223   9.2421948710806404E-003  in event            1 local:           1
 Added good helicity          224   9.0734073795207408E-007  in event            1 local:           1
 Added good helicity          225   9.0734073795207387E-007  in event            1 local:           1
 Added good helicity          226   9.2421948710806438E-003  in event            1 local:           1
 Added good helicity          227   9.2421948710806490E-003  in event            1 local:           1
 Added good helicity          228   9.0734073795207472E-007  in event            1 local:           1
 Added good helicity          229   1.5687432504889016E-003  in event            1 local:           1
 Added good helicity          230   15.979256983914601       in event            1 local:           1
 Added good helicity          231   15.979256983914611       in event            1 local:           1
 Added good helicity          232   1.5687432504889031E-003  in event            1 local:           1
 Added good helicity          233   1.5687432504889020E-003  in event            1 local:           1
 Added good helicity          234   15.979256983914604       in event            1 local:           1
 Added good helicity          235   15.979256983914604       in event            1 local:           1
 Added good helicity          236   1.5687432504889035E-003  in event            1 local:           1
 Added good helicity          237   9.0734073795207334E-007  in event            1 local:           1
 Added good helicity          238   9.2421948710806421E-003  in event            1 local:           1
 Added good helicity          239   9.2421948710806421E-003  in event            1 local:           1
 Added good helicity          240   9.0734073795207440E-007  in event            1 local:           1
 Added good helicity          242   5.7401763041788317E-006  in event            1 local:           1
 Added good helicity          243   5.7401763041788334E-006  in event            1 local:           1
 Added good helicity          245   9.7432081441753647E-007  in event            1 local:           1
 Added good helicity          246   9.9244555624399995E-003  in event            1 local:           1
 Added good helicity          247   9.9244555624399995E-003  in event            1 local:           1
 Added good helicity          248   9.7432081441753731E-007  in event            1 local:           1
 Added good helicity          249   9.7432081441753689E-007  in event            1 local:           1
 Added good helicity          250   9.9244555624400013E-003  in event            1 local:           1
 Added good helicity          251   9.9244555624399978E-003  in event            1 local:           1
 Added good helicity          252   9.7432081441753753E-007  in event            1 local:           1
 Added good helicity          254   5.7401763041788308E-006  in event            1 local:           1
 Added good helicity          255   5.7401763041788283E-006  in event            1 local:           1
 RESET CUMULATIVE VARIABLE
 RESET CUMULATIVE VARIABLE
 Iteration  1   Mean: 0.1585E+12 Abs mean: 0.1585E+12   Fluctuation:  0.361E+10   0.398E+12    90.4%
  1    0.1585E+12 0.1585E+12 +- 0.3614E+10      1.02
 Writing out events   10961943.507767713        1.0196087978985189     
 Relative summed weights:
  0.1000E+01  0.0000E+00
 Relative number of events:
  0.1000E+01  0.0000E+00
 Events:
        2015           0
 Iteration  2   Mean: 0.1608E+12 Abs mean: 0.1608E+12   Fluctuation:  0.167E+10   0.478E+12    91.8%
  2    0.1608E+12 0.1608E+12 +- 0.1673E+10      0.66
 Relative summed weights:
  0.1000E+01  0.0000E+00
 Relative number of events:
  0.1000E+01  0.0000E+00
 Events:
        4000           0
 Iteration  3   Mean: 0.1585E+12 Abs mean: 0.1585E+12   Fluctuation:  0.900E+09   0.343E+12    93.2%
  3    0.1585E+12 0.1585E+12 +- 0.9001E+09      0.51
 Relative summed weights:
  0.1000E+01  0.0000E+00
 Relative number of events:
  0.1000E+01  0.0000E+00
 Events:
        8000           0
 Accuracy:    0.004   0.010   0.005   0.715
 Finished due to accuracy    4.1184795754790875E-003   1.0000000000000000E-002

 -------------------------------------------------------------------------------
Thanks for using LHAPDF 6.2.1. Please make sure to cite the paper:
  Eur.Phys.J. C75 (2015) 3, 132  (http://arxiv.org/abs/1412.7420)
 Accumulated results:   Integral =  0.1590E+12
                        Std dev  =  0.7743E+09
                       Cross sec =  0.1590E+12
             Chi**2 per DoF.     =      0.7153
 -------------------------------------------------------------------------------
 Found          854  events.
 Wrote          849  events.
 Actual xsec    159008467074.25253     
 Correct abs xsec    159008467074.25253     
 Event xsec    159008467074.25250     
 Events wgts > 1:            0
 % Cross section > 1:    0.0000000000000000        0.0000000000000000     
-------------------------------------------------
---------------------------
 Results Last   3 iters: Integral =   0.1590E+12
                     Abs integral =   0.1590E+12
                          Std dev =   0.7743E+09
                  Chi**2 per DoF. =      0.7042
-------------------------------------------------
---------------------------
 Status   1.0000000000000000E-002           4           8

ls status:
events.lhe
ftn26
input_app.txt
results.dat
run1_app.log
